[1.383s] Invoking command in '/home/juntae02/rokey_ws/src/rokey_pjt': PYTHONPATH=/home/juntae02/rokey_ws/build/rokey_pjt/prefix_override:/usr/lib/python3/dist-packages/colcon_core/task/python/colcon_distutils_commands:/home/juntae02/rokey_ws/install/rokey_pjt/lib/python3.10/site-packages:${PYTHONPATH} /usr/bin/python3 -W ignore:setup.py install is deprecated -W ignore:easy_install command is deprecated setup.py egg_info --egg-base ../../build/rokey_pjt build --build-base /home/juntae02/rokey_ws/build/rokey_pjt/build install --record /home/juntae02/rokey_ws/build/rokey_pjt/install.log --single-version-externally-managed install_data
[1.664s] running egg_info
[1.664s] writing ../../build/rokey_pjt/rokey_pjt.egg-info/PKG-INFO
[1.665s] writing dependency_links to ../../build/rokey_pjt/rokey_pjt.egg-info/dependency_links.txt
[1.665s] writing entry points to ../../build/rokey_pjt/rokey_pjt.egg-info/entry_points.txt
[1.665s] writing requirements to ../../build/rokey_pjt/rokey_pjt.egg-info/requires.txt
[1.665s] writing top-level names to ../../build/rokey_pjt/rokey_pjt.egg-info/top_level.txt
[1.667s] reading manifest file '../../build/rokey_pjt/rokey_pjt.egg-info/SOURCES.txt'
[1.673s] adding license file 'LICENSE'
[1.674s] writing manifest file '../../build/rokey_pjt/rokey_pjt.egg-info/SOURCES.txt'
[1.674s] running build
[1.674s] running build_py
[1.675s] running install
[1.675s] running install_lib
[1.677s] running install_data
[1.677s] running install_egg_info
[1.680s] removing '/home/juntae02/rokey_ws/install/rokey_pjt/lib/python3.10/site-packages/rokey_pjt-0.0.0-py3.10.egg-info' (and everything under it)
[1.680s] Copying ../../build/rokey_pjt/rokey_pjt.egg-info to /home/juntae02/rokey_ws/install/rokey_pjt/lib/python3.10/site-packages/rokey_pjt-0.0.0-py3.10.egg-info
[1.682s] running install_scripts
[1.704s] Installing ai_depict1 script to /home/juntae02/rokey_ws/install/rokey_pjt/lib/rokey_pjt
[1.704s] Installing capture_image script to /home/juntae02/rokey_ws/install/rokey_pjt/lib/rokey_pjt
[1.704s] Installing check_depth script to /home/juntae02/rokey_ws/install/rokey_pjt/lib/rokey_pjt
[1.705s] Installing check_depth_click script to /home/juntae02/rokey_ws/install/rokey_pjt/lib/rokey_pjt
[1.705s] Installing cont_cap_image script to /home/juntae02/rokey_ws/install/rokey_pjt/lib/rokey_pjt
[1.705s] Installing det_obj script to /home/juntae02/rokey_ws/install/rokey_pjt/lib/rokey_pjt
[1.705s] Installing det_obj_thread script to /home/juntae02/rokey_ws/install/rokey_pjt/lib/rokey_pjt
[1.705s] Installing det_obj_track script to /home/juntae02/rokey_ws/install/rokey_pjt/lib/rokey_pjt
[1.705s] Installing test_cli script to /home/juntae02/rokey_ws/install/rokey_pjt/lib/rokey_pjt
[1.705s] Installing test_server script to /home/juntae02/rokey_ws/install/rokey_pjt/lib/rokey_pjt
[1.705s] Installing tf_trans script to /home/juntae02/rokey_ws/install/rokey_pjt/lib/rokey_pjt
[1.705s] Installing yolo_depth_checker script to /home/juntae02/rokey_ws/install/rokey_pjt/lib/rokey_pjt
[1.707s] writing list of installed files to '/home/juntae02/rokey_ws/build/rokey_pjt/install.log'
[1.792s] Invoked command in '/home/juntae02/rokey_ws/src/rokey_pjt' returned '0': PYTHONPATH=/home/juntae02/rokey_ws/build/rokey_pjt/prefix_override:/usr/lib/python3/dist-packages/colcon_core/task/python/colcon_distutils_commands:/home/juntae02/rokey_ws/install/rokey_pjt/lib/python3.10/site-packages:${PYTHONPATH} /usr/bin/python3 -W ignore:setup.py install is deprecated -W ignore:easy_install command is deprecated setup.py egg_info --egg-base ../../build/rokey_pjt build --build-base /home/juntae02/rokey_ws/build/rokey_pjt/build install --record /home/juntae02/rokey_ws/build/rokey_pjt/install.log --single-version-externally-managed install_data
