[0.090s] DEBUG:colcon:Command line arguments: ['/usr/bin/colcon', 'build', '--packages-select', 'explore_lite']
[0.090s] DEBUG:colcon:Parsed command line arguments: Namespace(log_base=None, log_level=None, verb_name='build', build_base='build', install_base='install', merge_install=False, symlink_install=False, test_result_base=None, continue_on_error=False, executor='parallel', parallel_workers=8, event_handlers=None, ignore_user_meta=False, metas=['./colcon.meta'], base_paths=['.'], packages_ignore=None, packages_ignore_regex=None, paths=None, packages_up_to=None, packages_up_to_regex=None, packages_above=None, packages_above_and_dependencies=None, packages_above_depth=None, packages_select_by_dep=None, packages_skip_by_dep=None, packages_skip_up_to=None, packages_select_build_failed=False, packages_skip_build_finished=False, packages_select_test_failures=False, packages_skip_test_passed=False, packages_select=['explore_lite'], packages_skip=None, packages_select_regex=None, packages_skip_regex=None, packages_start=None, packages_end=None, allow_overriding=[], cmake_args=None, cmake_target=None, cmake_target_skip_unavailable=False, cmake_clean_cache=False, cmake_clean_first=False, cmake_force_configure=False, ament_cmake_args=None, catkin_cmake_args=None, catkin_skip_building_tests=False, verb_parser=<colcon_defaults.argument_parser.defaults.DefaultArgumentsDecorator object at 0x7e65f732b6a0>, verb_extension=<colcon_core.verb.build.BuildVerb object at 0x7e65f7572950>, main=<bound method BuildVerb.main of <colcon_core.verb.build.BuildVerb object at 0x7e65f7572950>>)
[0.261s] Level 1:colcon.colcon_core.package_discovery:discover_packages(colcon_meta) check parameters
[0.261s] Level 1:colcon.colcon_core.package_discovery:discover_packages(recursive) check parameters
[0.261s] Level 1:colcon.colcon_core.package_discovery:discover_packages(ignore) check parameters
[0.261s] Level 1:colcon.colcon_core.package_discovery:discover_packages(path) check parameters
[0.261s] Level 1:colcon.colcon_core.package_discovery:discover_packages(colcon_meta) discover
[0.261s] Level 1:colcon.colcon_core.package_discovery:discover_packages(recursive) discover
[0.261s] INFO:colcon.colcon_core.package_discovery:Crawling recursively for packages in '/home/juntae02/rokey_ws'
[0.261s] Level 1:colcon.colcon_core.package_identification:_identify(.) by extensions ['ignore', 'ignore_ament_install']
[0.261s] Level 1:colcon.colcon_core.package_identification:_identify(.) by extension 'ignore'
[0.261s] Level 1:colcon.colcon_core.package_identification:_identify(.) by extension 'ignore_ament_install'
[0.261s] Level 1:colcon.colcon_core.package_identification:_identify(.) by extensions ['colcon_pkg']
[0.261s] Level 1:colcon.colcon_core.package_identification:_identify(.) by extension 'colcon_pkg'
[0.261s] Level 1:colcon.colcon_core.package_identification:_identify(.) by extensions ['colcon_meta']
[0.261s] Level 1:colcon.colcon_core.package_identification:_identify(.) by extension 'colcon_meta'
[0.261s] Level 1:colcon.colcon_core.package_identification:_identify(.) by extensions ['ros']
[0.261s] Level 1:colcon.colcon_core.package_identification:_identify(.) by extension 'ros'
[0.269s] Level 1:colcon.colcon_core.package_identification:_identify(.) by extensions ['cmake', 'python']
[0.269s] Level 1:colcon.colcon_core.package_identification:_identify(.) by extension 'cmake'
[0.269s] Level 1:colcon.colcon_core.package_identification:_identify(.) by extension 'python'
[0.270s] Level 1:colcon.colcon_core.package_identification:_identify(.) by extensions ['python_setup_py']
[0.270s] Level 1:colcon.colcon_core.package_identification:_identify(.) by extension 'python_setup_py'
[0.270s] Level 1:colcon.colcon_core.package_identification:_identify(build) by extensions ['ignore', 'ignore_ament_install']
[0.270s] Level 1:colcon.colcon_core.package_identification:_identify(build) by extension 'ignore'
[0.270s] Level 1:colcon.colcon_core.package_identification:_identify(build) ignored
[0.270s] Level 1:colcon.colcon_core.package_identification:_identify(configs) by extensions ['ignore', 'ignore_ament_install']
[0.270s] Level 1:colcon.colcon_core.package_identification:_identify(configs) by extension 'ignore'
[0.270s] Level 1:colcon.colcon_core.package_identification:_identify(configs) by extension 'ignore_ament_install'
[0.270s] Level 1:colcon.colcon_core.package_identification:_identify(configs) by extensions ['colcon_pkg']
[0.270s] Level 1:colcon.colcon_core.package_identification:_identify(configs) by extension 'colcon_pkg'
[0.270s] Level 1:colcon.colcon_core.package_identification:_identify(configs) by extensions ['colcon_meta']
[0.270s] Level 1:colcon.colcon_core.package_identification:_identify(configs) by extension 'colcon_meta'
[0.270s] Level 1:colcon.colcon_core.package_identification:_identify(configs) by extensions ['ros']
[0.270s] Level 1:colcon.colcon_core.package_identification:_identify(configs) by extension 'ros'
[0.270s] Level 1:colcon.colcon_core.package_identification:_identify(configs) by extensions ['cmake', 'python']
[0.270s] Level 1:colcon.colcon_core.package_identification:_identify(configs) by extension 'cmake'
[0.270s] Level 1:colcon.colcon_core.package_identification:_identify(configs) by extension 'python'
[0.270s] Level 1:colcon.colcon_core.package_identification:_identify(configs) by extensions ['python_setup_py']
[0.270s] Level 1:colcon.colcon_core.package_identification:_identify(configs) by extension 'python_setup_py'
[0.271s] Level 1:colcon.colcon_core.package_identification:_identify(images) by extensions ['ignore', 'ignore_ament_install']
[0.271s] Level 1:colcon.colcon_core.package_identification:_identify(images) by extension 'ignore'
[0.271s] Level 1:colcon.colcon_core.package_identification:_identify(images) by extension 'ignore_ament_install'
[0.271s] Level 1:colcon.colcon_core.package_identification:_identify(images) by extensions ['colcon_pkg']
[0.271s] Level 1:colcon.colcon_core.package_identification:_identify(images) by extension 'colcon_pkg'
[0.271s] Level 1:colcon.colcon_core.package_identification:_identify(images) by extensions ['colcon_meta']
[0.271s] Level 1:colcon.colcon_core.package_identification:_identify(images) by extension 'colcon_meta'
[0.271s] Level 1:colcon.colcon_core.package_identification:_identify(images) by extensions ['ros']
[0.271s] Level 1:colcon.colcon_core.package_identification:_identify(images) by extension 'ros'
[0.271s] Level 1:colcon.colcon_core.package_identification:_identify(images) by extensions ['cmake', 'python']
[0.271s] Level 1:colcon.colcon_core.package_identification:_identify(images) by extension 'cmake'
[0.271s] Level 1:colcon.colcon_core.package_identification:_identify(images) by extension 'python'
[0.271s] Level 1:colcon.colcon_core.package_identification:_identify(images) by extensions ['python_setup_py']
[0.271s] Level 1:colcon.colcon_core.package_identification:_identify(images) by extension 'python_setup_py'
[0.271s] Level 1:colcon.colcon_core.package_identification:_identify(images_split) by extensions ['ignore', 'ignore_ament_install']
[0.271s] Level 1:colcon.colcon_core.package_identification:_identify(images_split) by extension 'ignore'
[0.271s] Level 1:colcon.colcon_core.package_identification:_identify(images_split) by extension 'ignore_ament_install'
[0.271s] Level 1:colcon.colcon_core.package_identification:_identify(images_split) by extensions ['colcon_pkg']
[0.271s] Level 1:colcon.colcon_core.package_identification:_identify(images_split) by extension 'colcon_pkg'
[0.271s] Level 1:colcon.colcon_core.package_identification:_identify(images_split) by extensions ['colcon_meta']
[0.271s] Level 1:colcon.colcon_core.package_identification:_identify(images_split) by extension 'colcon_meta'
[0.271s] Level 1:colcon.colcon_core.package_identification:_identify(images_split) by extensions ['ros']
[0.271s] Level 1:colcon.colcon_core.package_identification:_identify(images_split) by extension 'ros'
[0.272s] Level 1:colcon.colcon_core.package_identification:_identify(images_split) by extensions ['cmake', 'python']
[0.272s] Level 1:colcon.colcon_core.package_identification:_identify(images_split) by extension 'cmake'
[0.272s] Level 1:colcon.colcon_core.package_identification:_identify(images_split) by extension 'python'
[0.272s] Level 1:colcon.colcon_core.package_identification:_identify(images_split) by extensions ['python_setup_py']
[0.272s] Level 1:colcon.colcon_core.package_identification:_identify(images_split) by extension 'python_setup_py'
[0.272s] Level 1:colcon.colcon_core.package_identification:_identify(images_split/test) by extensions ['ignore', 'ignore_ament_install']
[0.272s] Level 1:colcon.colcon_core.package_identification:_identify(images_split/test) by extension 'ignore'
[0.272s] Level 1:colcon.colcon_core.package_identification:_identify(images_split/test) by extension 'ignore_ament_install'
[0.272s] Level 1:colcon.colcon_core.package_identification:_identify(images_split/test) by extensions ['colcon_pkg']
[0.272s] Level 1:colcon.colcon_core.package_identification:_identify(images_split/test) by extension 'colcon_pkg'
[0.272s] Level 1:colcon.colcon_core.package_identification:_identify(images_split/test) by extensions ['colcon_meta']
[0.272s] Level 1:colcon.colcon_core.package_identification:_identify(images_split/test) by extension 'colcon_meta'
[0.272s] Level 1:colcon.colcon_core.package_identification:_identify(images_split/test) by extensions ['ros']
[0.272s] Level 1:colcon.colcon_core.package_identification:_identify(images_split/test) by extension 'ros'
[0.272s] Level 1:colcon.colcon_core.package_identification:_identify(images_split/test) by extensions ['cmake', 'python']
[0.272s] Level 1:colcon.colcon_core.package_identification:_identify(images_split/test) by extension 'cmake'
[0.272s] Level 1:colcon.colcon_core.package_identification:_identify(images_split/test) by extension 'python'
[0.272s] Level 1:colcon.colcon_core.package_identification:_identify(images_split/test) by extensions ['python_setup_py']
[0.272s] Level 1:colcon.colcon_core.package_identification:_identify(images_split/test) by extension 'python_setup_py'
[0.272s] Level 1:colcon.colcon_core.package_identification:_identify(images_split/test/images) by extensions ['ignore', 'ignore_ament_install']
[0.272s] Level 1:colcon.colcon_core.package_identification:_identify(images_split/test/images) by extension 'ignore'
[0.273s] Level 1:colcon.colcon_core.package_identification:_identify(images_split/test/images) by extension 'ignore_ament_install'
[0.273s] Level 1:colcon.colcon_core.package_identification:_identify(images_split/test/images) by extensions ['colcon_pkg']
[0.273s] Level 1:colcon.colcon_core.package_identification:_identify(images_split/test/images) by extension 'colcon_pkg'
[0.273s] Level 1:colcon.colcon_core.package_identification:_identify(images_split/test/images) by extensions ['colcon_meta']
[0.273s] Level 1:colcon.colcon_core.package_identification:_identify(images_split/test/images) by extension 'colcon_meta'
[0.273s] Level 1:colcon.colcon_core.package_identification:_identify(images_split/test/images) by extensions ['ros']
[0.273s] Level 1:colcon.colcon_core.package_identification:_identify(images_split/test/images) by extension 'ros'
[0.273s] Level 1:colcon.colcon_core.package_identification:_identify(images_split/test/images) by extensions ['cmake', 'python']
[0.273s] Level 1:colcon.colcon_core.package_identification:_identify(images_split/test/images) by extension 'cmake'
[0.273s] Level 1:colcon.colcon_core.package_identification:_identify(images_split/test/images) by extension 'python'
[0.273s] Level 1:colcon.colcon_core.package_identification:_identify(images_split/test/images) by extensions ['python_setup_py']
[0.273s] Level 1:colcon.colcon_core.package_identification:_identify(images_split/test/images) by extension 'python_setup_py'
[0.273s] Level 1:colcon.colcon_core.package_identification:_identify(images_split/test/labels) by extensions ['ignore', 'ignore_ament_install']
[0.273s] Level 1:colcon.colcon_core.package_identification:_identify(images_split/test/labels) by extension 'ignore'
[0.273s] Level 1:colcon.colcon_core.package_identification:_identify(images_split/test/labels) by extension 'ignore_ament_install'
[0.273s] Level 1:colcon.colcon_core.package_identification:_identify(images_split/test/labels) by extensions ['colcon_pkg']
[0.273s] Level 1:colcon.colcon_core.package_identification:_identify(images_split/test/labels) by extension 'colcon_pkg'
[0.273s] Level 1:colcon.colcon_core.package_identification:_identify(images_split/test/labels) by extensions ['colcon_meta']
[0.273s] Level 1:colcon.colcon_core.package_identification:_identify(images_split/test/labels) by extension 'colcon_meta'
[0.273s] Level 1:colcon.colcon_core.package_identification:_identify(images_split/test/labels) by extensions ['ros']
[0.273s] Level 1:colcon.colcon_core.package_identification:_identify(images_split/test/labels) by extension 'ros'
[0.273s] Level 1:colcon.colcon_core.package_identification:_identify(images_split/test/labels) by extensions ['cmake', 'python']
[0.273s] Level 1:colcon.colcon_core.package_identification:_identify(images_split/test/labels) by extension 'cmake'
[0.274s] Level 1:colcon.colcon_core.package_identification:_identify(images_split/test/labels) by extension 'python'
[0.274s] Level 1:colcon.colcon_core.package_identification:_identify(images_split/test/labels) by extensions ['python_setup_py']
[0.274s] Level 1:colcon.colcon_core.package_identification:_identify(images_split/test/labels) by extension 'python_setup_py'
[0.274s] Level 1:colcon.colcon_core.package_identification:_identify(images_split/train) by extensions ['ignore', 'ignore_ament_install']
[0.274s] Level 1:colcon.colcon_core.package_identification:_identify(images_split/train) by extension 'ignore'
[0.274s] Level 1:colcon.colcon_core.package_identification:_identify(images_split/train) by extension 'ignore_ament_install'
[0.274s] Level 1:colcon.colcon_core.package_identification:_identify(images_split/train) by extensions ['colcon_pkg']
[0.274s] Level 1:colcon.colcon_core.package_identification:_identify(images_split/train) by extension 'colcon_pkg'
[0.274s] Level 1:colcon.colcon_core.package_identification:_identify(images_split/train) by extensions ['colcon_meta']
[0.274s] Level 1:colcon.colcon_core.package_identification:_identify(images_split/train) by extension 'colcon_meta'
[0.274s] Level 1:colcon.colcon_core.package_identification:_identify(images_split/train) by extensions ['ros']
[0.274s] Level 1:colcon.colcon_core.package_identification:_identify(images_split/train) by extension 'ros'
[0.274s] Level 1:colcon.colcon_core.package_identification:_identify(images_split/train) by extensions ['cmake', 'python']
[0.274s] Level 1:colcon.colcon_core.package_identification:_identify(images_split/train) by extension 'cmake'
[0.274s] Level 1:colcon.colcon_core.package_identification:_identify(images_split/train) by extension 'python'
[0.274s] Level 1:colcon.colcon_core.package_identification:_identify(images_split/train) by extensions ['python_setup_py']
[0.274s] Level 1:colcon.colcon_core.package_identification:_identify(images_split/train) by extension 'python_setup_py'
[0.274s] Level 1:colcon.colcon_core.package_identification:_identify(images_split/train/images) by extensions ['ignore', 'ignore_ament_install']
[0.274s] Level 1:colcon.colcon_core.package_identification:_identify(images_split/train/images) by extension 'ignore'
[0.274s] Level 1:colcon.colcon_core.package_identification:_identify(images_split/train/images) by extension 'ignore_ament_install'
[0.274s] Level 1:colcon.colcon_core.package_identification:_identify(images_split/train/images) by extensions ['colcon_pkg']
[0.274s] Level 1:colcon.colcon_core.package_identification:_identify(images_split/train/images) by extension 'colcon_pkg'
[0.275s] Level 1:colcon.colcon_core.package_identification:_identify(images_split/train/images) by extensions ['colcon_meta']
[0.275s] Level 1:colcon.colcon_core.package_identification:_identify(images_split/train/images) by extension 'colcon_meta'
[0.275s] Level 1:colcon.colcon_core.package_identification:_identify(images_split/train/images) by extensions ['ros']
[0.275s] Level 1:colcon.colcon_core.package_identification:_identify(images_split/train/images) by extension 'ros'
[0.275s] Level 1:colcon.colcon_core.package_identification:_identify(images_split/train/images) by extensions ['cmake', 'python']
[0.275s] Level 1:colcon.colcon_core.package_identification:_identify(images_split/train/images) by extension 'cmake'
[0.275s] Level 1:colcon.colcon_core.package_identification:_identify(images_split/train/images) by extension 'python'
[0.275s] Level 1:colcon.colcon_core.package_identification:_identify(images_split/train/images) by extensions ['python_setup_py']
[0.275s] Level 1:colcon.colcon_core.package_identification:_identify(images_split/train/images) by extension 'python_setup_py'
[0.275s] Level 1:colcon.colcon_core.package_identification:_identify(images_split/train/labels) by extensions ['ignore', 'ignore_ament_install']
[0.275s] Level 1:colcon.colcon_core.package_identification:_identify(images_split/train/labels) by extension 'ignore'
[0.275s] Level 1:colcon.colcon_core.package_identification:_identify(images_split/train/labels) by extension 'ignore_ament_install'
[0.275s] Level 1:colcon.colcon_core.package_identification:_identify(images_split/train/labels) by extensions ['colcon_pkg']
[0.275s] Level 1:colcon.colcon_core.package_identification:_identify(images_split/train/labels) by extension 'colcon_pkg'
[0.275s] Level 1:colcon.colcon_core.package_identification:_identify(images_split/train/labels) by extensions ['colcon_meta']
[0.275s] Level 1:colcon.colcon_core.package_identification:_identify(images_split/train/labels) by extension 'colcon_meta'
[0.275s] Level 1:colcon.colcon_core.package_identification:_identify(images_split/train/labels) by extensions ['ros']
[0.275s] Level 1:colcon.colcon_core.package_identification:_identify(images_split/train/labels) by extension 'ros'
[0.275s] Level 1:colcon.colcon_core.package_identification:_identify(images_split/train/labels) by extensions ['cmake', 'python']
[0.275s] Level 1:colcon.colcon_core.package_identification:_identify(images_split/train/labels) by extension 'cmake'
[0.275s] Level 1:colcon.colcon_core.package_identification:_identify(images_split/train/labels) by extension 'python'
[0.275s] Level 1:colcon.colcon_core.package_identification:_identify(images_split/train/labels) by extensions ['python_setup_py']
[0.275s] Level 1:colcon.colcon_core.package_identification:_identify(images_split/train/labels) by extension 'python_setup_py'
[0.276s] Level 1:colcon.colcon_core.package_identification:_identify(images_split/val) by extensions ['ignore', 'ignore_ament_install']
[0.276s] Level 1:colcon.colcon_core.package_identification:_identify(images_split/val) by extension 'ignore'
[0.276s] Level 1:colcon.colcon_core.package_identification:_identify(images_split/val) by extension 'ignore_ament_install'
[0.276s] Level 1:colcon.colcon_core.package_identification:_identify(images_split/val) by extensions ['colcon_pkg']
[0.276s] Level 1:colcon.colcon_core.package_identification:_identify(images_split/val) by extension 'colcon_pkg'
[0.276s] Level 1:colcon.colcon_core.package_identification:_identify(images_split/val) by extensions ['colcon_meta']
[0.276s] Level 1:colcon.colcon_core.package_identification:_identify(images_split/val) by extension 'colcon_meta'
[0.276s] Level 1:colcon.colcon_core.package_identification:_identify(images_split/val) by extensions ['ros']
[0.276s] Level 1:colcon.colcon_core.package_identification:_identify(images_split/val) by extension 'ros'
[0.276s] Level 1:colcon.colcon_core.package_identification:_identify(images_split/val) by extensions ['cmake', 'python']
[0.276s] Level 1:colcon.colcon_core.package_identification:_identify(images_split/val) by extension 'cmake'
[0.276s] Level 1:colcon.colcon_core.package_identification:_identify(images_split/val) by extension 'python'
[0.276s] Level 1:colcon.colcon_core.package_identification:_identify(images_split/val) by extensions ['python_setup_py']
[0.276s] Level 1:colcon.colcon_core.package_identification:_identify(images_split/val) by extension 'python_setup_py'
[0.276s] Level 1:colcon.colcon_core.package_identification:_identify(images_split/val/images) by extensions ['ignore', 'ignore_ament_install']
[0.276s] Level 1:colcon.colcon_core.package_identification:_identify(images_split/val/images) by extension 'ignore'
[0.276s] Level 1:colcon.colcon_core.package_identification:_identify(images_split/val/images) by extension 'ignore_ament_install'
[0.276s] Level 1:colcon.colcon_core.package_identification:_identify(images_split/val/images) by extensions ['colcon_pkg']
[0.276s] Level 1:colcon.colcon_core.package_identification:_identify(images_split/val/images) by extension 'colcon_pkg'
[0.276s] Level 1:colcon.colcon_core.package_identification:_identify(images_split/val/images) by extensions ['colcon_meta']
[0.276s] Level 1:colcon.colcon_core.package_identification:_identify(images_split/val/images) by extension 'colcon_meta'
[0.276s] Level 1:colcon.colcon_core.package_identification:_identify(images_split/val/images) by extensions ['ros']
[0.276s] Level 1:colcon.colcon_core.package_identification:_identify(images_split/val/images) by extension 'ros'
[0.277s] Level 1:colcon.colcon_core.package_identification:_identify(images_split/val/images) by extensions ['cmake', 'python']
[0.277s] Level 1:colcon.colcon_core.package_identification:_identify(images_split/val/images) by extension 'cmake'
[0.277s] Level 1:colcon.colcon_core.package_identification:_identify(images_split/val/images) by extension 'python'
[0.277s] Level 1:colcon.colcon_core.package_identification:_identify(images_split/val/images) by extensions ['python_setup_py']
[0.277s] Level 1:colcon.colcon_core.package_identification:_identify(images_split/val/images) by extension 'python_setup_py'
[0.277s] Level 1:colcon.colcon_core.package_identification:_identify(images_split/val/labels) by extensions ['ignore', 'ignore_ament_install']
[0.277s] Level 1:colcon.colcon_core.package_identification:_identify(images_split/val/labels) by extension 'ignore'
[0.277s] Level 1:colcon.colcon_core.package_identification:_identify(images_split/val/labels) by extension 'ignore_ament_install'
[0.277s] Level 1:colcon.colcon_core.package_identification:_identify(images_split/val/labels) by extensions ['colcon_pkg']
[0.277s] Level 1:colcon.colcon_core.package_identification:_identify(images_split/val/labels) by extension 'colcon_pkg'
[0.277s] Level 1:colcon.colcon_core.package_identification:_identify(images_split/val/labels) by extensions ['colcon_meta']
[0.277s] Level 1:colcon.colcon_core.package_identification:_identify(images_split/val/labels) by extension 'colcon_meta'
[0.277s] Level 1:colcon.colcon_core.package_identification:_identify(images_split/val/labels) by extensions ['ros']
[0.277s] Level 1:colcon.colcon_core.package_identification:_identify(images_split/val/labels) by extension 'ros'
[0.277s] Level 1:colcon.colcon_core.package_identification:_identify(images_split/val/labels) by extensions ['cmake', 'python']
[0.277s] Level 1:colcon.colcon_core.package_identification:_identify(images_split/val/labels) by extension 'cmake'
[0.277s] Level 1:colcon.colcon_core.package_identification:_identify(images_split/val/labels) by extension 'python'
[0.277s] Level 1:colcon.colcon_core.package_identification:_identify(images_split/val/labels) by extensions ['python_setup_py']
[0.277s] Level 1:colcon.colcon_core.package_identification:_identify(images_split/val/labels) by extension 'python_setup_py'
[0.277s] Level 1:colcon.colcon_core.package_identification:_identify(install) by extensions ['ignore', 'ignore_ament_install']
[0.277s] Level 1:colcon.colcon_core.package_identification:_identify(install) by extension 'ignore'
[0.278s] Level 1:colcon.colcon_core.package_identification:_identify(install) ignored
[0.278s] Level 1:colcon.colcon_core.package_identification:_identify(log) by extensions ['ignore', 'ignore_ament_install']
[0.278s] Level 1:colcon.colcon_core.package_identification:_identify(log) by extension 'ignore'
[0.278s] Level 1:colcon.colcon_core.package_identification:_identify(log) ignored
[0.278s] Level 1:colcon.colcon_core.package_identification:_identify(maps) by extensions ['ignore', 'ignore_ament_install']
[0.278s] Level 1:colcon.colcon_core.package_identification:_identify(maps) by extension 'ignore'
[0.278s] Level 1:colcon.colcon_core.package_identification:_identify(maps) by extension 'ignore_ament_install'
[0.278s] Level 1:colcon.colcon_core.package_identification:_identify(maps) by extensions ['colcon_pkg']
[0.278s] Level 1:colcon.colcon_core.package_identification:_identify(maps) by extension 'colcon_pkg'
[0.278s] Level 1:colcon.colcon_core.package_identification:_identify(maps) by extensions ['colcon_meta']
[0.278s] Level 1:colcon.colcon_core.package_identification:_identify(maps) by extension 'colcon_meta'
[0.278s] Level 1:colcon.colcon_core.package_identification:_identify(maps) by extensions ['ros']
[0.278s] Level 1:colcon.colcon_core.package_identification:_identify(maps) by extension 'ros'
[0.278s] Level 1:colcon.colcon_core.package_identification:_identify(maps) by extensions ['cmake', 'python']
[0.278s] Level 1:colcon.colcon_core.package_identification:_identify(maps) by extension 'cmake'
[0.278s] Level 1:colcon.colcon_core.package_identification:_identify(maps) by extension 'python'
[0.278s] Level 1:colcon.colcon_core.package_identification:_identify(maps) by extensions ['python_setup_py']
[0.278s] Level 1:colcon.colcon_core.package_identification:_identify(maps) by extension 'python_setup_py'
[0.278s] Level 1:colcon.colcon_core.package_identification:_identify(src) by extensions ['ignore', 'ignore_ament_install']
[0.278s] Level 1:colcon.colcon_core.package_identification:_identify(src) by extension 'ignore'
[0.279s] Level 1:colcon.colcon_core.package_identification:_identify(src) by extension 'ignore_ament_install'
[0.279s] Level 1:colcon.colcon_core.package_identification:_identify(src) by extensions ['colcon_pkg']
[0.279s] Level 1:colcon.colcon_core.package_identification:_identify(src) by extension 'colcon_pkg'
[0.279s] Level 1:colcon.colcon_core.package_identification:_identify(src) by extensions ['colcon_meta']
[0.279s] Level 1:colcon.colcon_core.package_identification:_identify(src) by extension 'colcon_meta'
[0.279s] Level 1:colcon.colcon_core.package_identification:_identify(src) by extensions ['ros']
[0.279s] Level 1:colcon.colcon_core.package_identification:_identify(src) by extension 'ros'
[0.279s] Level 1:colcon.colcon_core.package_identification:_identify(src) by extensions ['cmake', 'python']
[0.279s] Level 1:colcon.colcon_core.package_identification:_identify(src) by extension 'cmake'
[0.279s] Level 1:colcon.colcon_core.package_identification:_identify(src) by extension 'python'
[0.279s] Level 1:colcon.colcon_core.package_identification:_identify(src) by extensions ['python_setup_py']
[0.279s] Level 1:colcon.colcon_core.package_identification:_identify(src) by extension 'python_setup_py'
[0.279s] Level 1:colcon.colcon_core.package_identification:_identify(src/for_git) by extensions ['ignore', 'ignore_ament_install']
[0.279s] Level 1:colcon.colcon_core.package_identification:_identify(src/for_git) by extension 'ignore'
[0.279s] Level 1:colcon.colcon_core.package_identification:_identify(src/for_git) by extension 'ignore_ament_install'
[0.279s] Level 1:colcon.colcon_core.package_identification:_identify(src/for_git) by extensions ['colcon_pkg']
[0.279s] Level 1:colcon.colcon_core.package_identification:_identify(src/for_git) by extension 'colcon_pkg'
[0.279s] Level 1:colcon.colcon_core.package_identification:_identify(src/for_git) by extensions ['colcon_meta']
[0.279s] Level 1:colcon.colcon_core.package_identification:_identify(src/for_git) by extension 'colcon_meta'
[0.279s] Level 1:colcon.colcon_core.package_identification:_identify(src/for_git) by extensions ['ros']
[0.279s] Level 1:colcon.colcon_core.package_identification:_identify(src/for_git) by extension 'ros'
[0.279s] Level 1:colcon.colcon_core.package_identification:_identify(src/for_git) by extensions ['cmake', 'python']
[0.279s] Level 1:colcon.colcon_core.package_identification:_identify(src/for_git) by extension 'cmake'
[0.279s] Level 1:colcon.colcon_core.package_identification:_identify(src/for_git) by extension 'python'
[0.280s] Level 1:colcon.colcon_core.package_identification:_identify(src/for_git) by extensions ['python_setup_py']
[0.280s] Level 1:colcon.colcon_core.package_identification:_identify(src/for_git) by extension 'python_setup_py'
[0.280s] Level 1:colcon.colcon_core.package_identification:_identify(src/images) by extensions ['ignore', 'ignore_ament_install']
[0.280s] Level 1:colcon.colcon_core.package_identification:_identify(src/images) by extension 'ignore'
[0.280s] Level 1:colcon.colcon_core.package_identification:_identify(src/images) by extension 'ignore_ament_install'
[0.280s] Level 1:colcon.colcon_core.package_identification:_identify(src/images) by extensions ['colcon_pkg']
[0.280s] Level 1:colcon.colcon_core.package_identification:_identify(src/images) by extension 'colcon_pkg'
[0.280s] Level 1:colcon.colcon_core.package_identification:_identify(src/images) by extensions ['colcon_meta']
[0.280s] Level 1:colcon.colcon_core.package_identification:_identify(src/images) by extension 'colcon_meta'
[0.280s] Level 1:colcon.colcon_core.package_identification:_identify(src/images) by extensions ['ros']
[0.280s] Level 1:colcon.colcon_core.package_identification:_identify(src/images) by extension 'ros'
[0.280s] Level 1:colcon.colcon_core.package_identification:_identify(src/images) by extensions ['cmake', 'python']
[0.280s] Level 1:colcon.colcon_core.package_identification:_identify(src/images) by extension 'cmake'
[0.280s] Level 1:colcon.colcon_core.package_identification:_identify(src/images) by extension 'python'
[0.280s] Level 1:colcon.colcon_core.package_identification:_identify(src/images) by extensions ['python_setup_py']
[0.280s] Level 1:colcon.colcon_core.package_identification:_identify(src/images) by extension 'python_setup_py'
[0.280s] Level 1:colcon.colcon_core.package_identification:_identify(src/img_capture) by extensions ['ignore', 'ignore_ament_install']
[0.280s] Level 1:colcon.colcon_core.package_identification:_identify(src/img_capture) by extension 'ignore'
[0.280s] Level 1:colcon.colcon_core.package_identification:_identify(src/img_capture) by extension 'ignore_ament_install'
[0.280s] Level 1:colcon.colcon_core.package_identification:_identify(src/img_capture) by extensions ['colcon_pkg']
[0.280s] Level 1:colcon.colcon_core.package_identification:_identify(src/img_capture) by extension 'colcon_pkg'
[0.280s] Level 1:colcon.colcon_core.package_identification:_identify(src/img_capture) by extensions ['colcon_meta']
[0.281s] Level 1:colcon.colcon_core.package_identification:_identify(src/img_capture) by extension 'colcon_meta'
[0.281s] Level 1:colcon.colcon_core.package_identification:_identify(src/img_capture) by extensions ['ros']
[0.281s] Level 1:colcon.colcon_core.package_identification:_identify(src/img_capture) by extension 'ros'
[0.281s] Level 1:colcon.colcon_core.package_identification:_identify(src/img_capture) by extensions ['cmake', 'python']
[0.281s] Level 1:colcon.colcon_core.package_identification:_identify(src/img_capture) by extension 'cmake'
[0.281s] Level 1:colcon.colcon_core.package_identification:_identify(src/img_capture) by extension 'python'
[0.281s] Level 1:colcon.colcon_core.package_identification:_identify(src/img_capture) by extensions ['python_setup_py']
[0.281s] Level 1:colcon.colcon_core.package_identification:_identify(src/img_capture) by extension 'python_setup_py'
[0.281s] Level 1:colcon.colcon_core.package_identification:_identify(src/m-explore-ros2) by extensions ['ignore', 'ignore_ament_install']
[0.281s] Level 1:colcon.colcon_core.package_identification:_identify(src/m-explore-ros2) by extension 'ignore'
[0.281s] Level 1:colcon.colcon_core.package_identification:_identify(src/m-explore-ros2) by extension 'ignore_ament_install'
[0.281s] Level 1:colcon.colcon_core.package_identification:_identify(src/m-explore-ros2) by extensions ['colcon_pkg']
[0.281s] Level 1:colcon.colcon_core.package_identification:_identify(src/m-explore-ros2) by extension 'colcon_pkg'
[0.281s] Level 1:colcon.colcon_core.package_identification:_identify(src/m-explore-ros2) by extensions ['colcon_meta']
[0.281s] Level 1:colcon.colcon_core.package_identification:_identify(src/m-explore-ros2) by extension 'colcon_meta'
[0.281s] Level 1:colcon.colcon_core.package_identification:_identify(src/m-explore-ros2) by extensions ['ros']
[0.281s] Level 1:colcon.colcon_core.package_identification:_identify(src/m-explore-ros2) by extension 'ros'
[0.281s] Level 1:colcon.colcon_core.package_identification:_identify(src/m-explore-ros2) by extensions ['cmake', 'python']
[0.281s] Level 1:colcon.colcon_core.package_identification:_identify(src/m-explore-ros2) by extension 'cmake'
[0.281s] Level 1:colcon.colcon_core.package_identification:_identify(src/m-explore-ros2) by extension 'python'
[0.281s] Level 1:colcon.colcon_core.package_identification:_identify(src/m-explore-ros2) by extensions ['python_setup_py']
[0.281s] Level 1:colcon.colcon_core.package_identification:_identify(src/m-explore-ros2) by extension 'python_setup_py'
[0.282s] Level 1:colcon.colcon_core.package_identification:_identify(src/m-explore-ros2/explore) by extensions ['ignore', 'ignore_ament_install']
[0.282s] Level 1:colcon.colcon_core.package_identification:_identify(src/m-explore-ros2/explore) by extension 'ignore'
[0.282s] Level 1:colcon.colcon_core.package_identification:_identify(src/m-explore-ros2/explore) by extension 'ignore_ament_install'
[0.282s] Level 1:colcon.colcon_core.package_identification:_identify(src/m-explore-ros2/explore) by extensions ['colcon_pkg']
[0.282s] Level 1:colcon.colcon_core.package_identification:_identify(src/m-explore-ros2/explore) by extension 'colcon_pkg'
[0.282s] Level 1:colcon.colcon_core.package_identification:_identify(src/m-explore-ros2/explore) by extensions ['colcon_meta']
[0.282s] Level 1:colcon.colcon_core.package_identification:_identify(src/m-explore-ros2/explore) by extension 'colcon_meta'
[0.282s] Level 1:colcon.colcon_core.package_identification:_identify(src/m-explore-ros2/explore) by extensions ['ros']
[0.282s] Level 1:colcon.colcon_core.package_identification:_identify(src/m-explore-ros2/explore) by extension 'ros'
[0.284s] DEBUG:colcon.colcon_core.package_identification:Package 'src/m-explore-ros2/explore' with type 'ros.ament_cmake' and name 'explore_lite'
[0.284s] Level 1:colcon.colcon_core.package_identification:_identify(src/m-explore-ros2/map_merge) by extensions ['ignore', 'ignore_ament_install']
[0.284s] Level 1:colcon.colcon_core.package_identification:_identify(src/m-explore-ros2/map_merge) by extension 'ignore'
[0.284s] Level 1:colcon.colcon_core.package_identification:_identify(src/m-explore-ros2/map_merge) by extension 'ignore_ament_install'
[0.285s] Level 1:colcon.colcon_core.package_identification:_identify(src/m-explore-ros2/map_merge) by extensions ['colcon_pkg']
[0.285s] Level 1:colcon.colcon_core.package_identification:_identify(src/m-explore-ros2/map_merge) by extension 'colcon_pkg'
[0.285s] Level 1:colcon.colcon_core.package_identification:_identify(src/m-explore-ros2/map_merge) by extensions ['colcon_meta']
[0.285s] Level 1:colcon.colcon_core.package_identification:_identify(src/m-explore-ros2/map_merge) by extension 'colcon_meta'
[0.285s] Level 1:colcon.colcon_core.package_identification:_identify(src/m-explore-ros2/map_merge) by extensions ['ros']
[0.285s] Level 1:colcon.colcon_core.package_identification:_identify(src/m-explore-ros2/map_merge) by extension 'ros'
[0.286s] DEBUG:colcon.colcon_core.package_identification:Package 'src/m-explore-ros2/map_merge' with type 'ros.ament_cmake' and name 'multirobot_map_merge'
[0.286s] Level 1:colcon.colcon_core.package_identification:_identify(src/make_img) by extensions ['ignore', 'ignore_ament_install']
[0.286s] Level 1:colcon.colcon_core.package_identification:_identify(src/make_img) by extension 'ignore'
[0.286s] Level 1:colcon.colcon_core.package_identification:_identify(src/make_img) by extension 'ignore_ament_install'
[0.286s] Level 1:colcon.colcon_core.package_identification:_identify(src/make_img) by extensions ['colcon_pkg']
[0.286s] Level 1:colcon.colcon_core.package_identification:_identify(src/make_img) by extension 'colcon_pkg'
[0.286s] Level 1:colcon.colcon_core.package_identification:_identify(src/make_img) by extensions ['colcon_meta']
[0.286s] Level 1:colcon.colcon_core.package_identification:_identify(src/make_img) by extension 'colcon_meta'
[0.286s] Level 1:colcon.colcon_core.package_identification:_identify(src/make_img) by extensions ['ros']
[0.286s] Level 1:colcon.colcon_core.package_identification:_identify(src/make_img) by extension 'ros'
[0.286s] Level 1:colcon.colcon_core.package_identification:_identify(src/make_img) by extensions ['cmake', 'python']
[0.286s] Level 1:colcon.colcon_core.package_identification:_identify(src/make_img) by extension 'cmake'
[0.286s] Level 1:colcon.colcon_core.package_identification:_identify(src/make_img) by extension 'python'
[0.286s] Level 1:colcon.colcon_core.package_identification:_identify(src/make_img) by extensions ['python_setup_py']
[0.286s] Level 1:colcon.colcon_core.package_identification:_identify(src/make_img) by extension 'python_setup_py'
[0.286s] Level 1:colcon.colcon_core.package_identification:_identify(src/rokey_pjt) by extensions ['ignore', 'ignore_ament_install']
[0.286s] Level 1:colcon.colcon_core.package_identification:_identify(src/rokey_pjt) by extension 'ignore'
[0.286s] Level 1:colcon.colcon_core.package_identification:_identify(src/rokey_pjt) by extension 'ignore_ament_install'
[0.286s] Level 1:colcon.colcon_core.package_identification:_identify(src/rokey_pjt) by extensions ['colcon_pkg']
[0.286s] Level 1:colcon.colcon_core.package_identification:_identify(src/rokey_pjt) by extension 'colcon_pkg'
[0.286s] Level 1:colcon.colcon_core.package_identification:_identify(src/rokey_pjt) by extensions ['colcon_meta']
[0.286s] Level 1:colcon.colcon_core.package_identification:_identify(src/rokey_pjt) by extension 'colcon_meta'
[0.286s] Level 1:colcon.colcon_core.package_identification:_identify(src/rokey_pjt) by extensions ['ros']
[0.286s] Level 1:colcon.colcon_core.package_identification:_identify(src/rokey_pjt) by extension 'ros'
[0.287s] DEBUG:colcon.colcon_core.package_identification:Package 'src/rokey_pjt' with type 'ros.ament_python' and name 'rokey_pjt'
[0.287s] Level 1:colcon.colcon_core.package_identification:_identify(src/turtlebot4_beep) by extensions ['ignore', 'ignore_ament_install']
[0.287s] Level 1:colcon.colcon_core.package_identification:_identify(src/turtlebot4_beep) by extension 'ignore'
[0.287s] Level 1:colcon.colcon_core.package_identification:_identify(src/turtlebot4_beep) by extension 'ignore_ament_install'
[0.287s] Level 1:colcon.colcon_core.package_identification:_identify(src/turtlebot4_beep) by extensions ['colcon_pkg']
[0.287s] Level 1:colcon.colcon_core.package_identification:_identify(src/turtlebot4_beep) by extension 'colcon_pkg'
[0.287s] Level 1:colcon.colcon_core.package_identification:_identify(src/turtlebot4_beep) by extensions ['colcon_meta']
[0.287s] Level 1:colcon.colcon_core.package_identification:_identify(src/turtlebot4_beep) by extension 'colcon_meta'
[0.287s] Level 1:colcon.colcon_core.package_identification:_identify(src/turtlebot4_beep) by extensions ['ros']
[0.287s] Level 1:colcon.colcon_core.package_identification:_identify(src/turtlebot4_beep) by extension 'ros'
[0.287s] DEBUG:colcon.colcon_core.package_identification:Package 'src/turtlebot4_beep' with type 'ros.ament_python' and name 'turtlebot4_beep'
[0.287s] Level 1:colcon.colcon_core.package_identification:_identify(src/yolov8_ros) by extensions ['ignore', 'ignore_ament_install']
[0.288s] Level 1:colcon.colcon_core.package_identification:_identify(src/yolov8_ros) by extension 'ignore'
[0.288s] Level 1:colcon.colcon_core.package_identification:_identify(src/yolov8_ros) by extension 'ignore_ament_install'
[0.288s] Level 1:colcon.colcon_core.package_identification:_identify(src/yolov8_ros) by extensions ['colcon_pkg']
[0.288s] Level 1:colcon.colcon_core.package_identification:_identify(src/yolov8_ros) by extension 'colcon_pkg'
[0.288s] Level 1:colcon.colcon_core.package_identification:_identify(src/yolov8_ros) by extensions ['colcon_meta']
[0.288s] Level 1:colcon.colcon_core.package_identification:_identify(src/yolov8_ros) by extension 'colcon_meta'
[0.288s] Level 1:colcon.colcon_core.package_identification:_identify(src/yolov8_ros) by extensions ['ros']
[0.288s] Level 1:colcon.colcon_core.package_identification:_identify(src/yolov8_ros) by extension 'ros'
[0.288s] DEBUG:colcon.colcon_core.package_identification:Package 'src/yolov8_ros' with type 'ros.ament_python' and name 'yolov8_ros'
[0.288s] Level 1:colcon.colcon_core.package_discovery:discover_packages(recursive) using defaults
[0.288s] Level 1:colcon.colcon_core.package_discovery:discover_packages(ignore) discover
[0.288s] Level 1:colcon.colcon_core.package_discovery:discover_packages(ignore) using defaults
[0.288s] Level 1:colcon.colcon_core.package_discovery:discover_packages(path) discover
[0.288s] Level 1:colcon.colcon_core.package_discovery:discover_packages(path) using defaults
[0.302s] INFO:colcon.colcon_core.package_selection:Skipping not selected package 'multirobot_map_merge' in 'src/m-explore-ros2/map_merge'
[0.302s] INFO:colcon.colcon_core.package_selection:Skipping not selected package 'rokey_pjt' in 'src/rokey_pjt'
[0.302s] INFO:colcon.colcon_core.package_selection:Skipping not selected package 'turtlebot4_beep' in 'src/turtlebot4_beep'
[0.302s] INFO:colcon.colcon_core.package_selection:Skipping not selected package 'yolov8_ros' in 'src/yolov8_ros'
[0.302s] Level 1:colcon.colcon_core.package_discovery:discover_packages(prefix_path) check parameters
[0.302s] Level 1:colcon.colcon_core.package_discovery:discover_packages(prefix_path) discover
[0.303s] DEBUG:colcon.colcon_installed_package_information.package_discovery:Found 4 installed packages in /home/juntae02/rokey_ws/install
[0.304s] DEBUG:colcon.colcon_installed_package_information.package_discovery:Found 8 installed packages in /home/juntae02/turtlebot4_ws/install
[0.305s] DEBUG:colcon.colcon_installed_package_information.package_discovery:Found 410 installed packages in /opt/ros/humble
[0.307s] Level 1:colcon.colcon_core.package_discovery:discover_packages(prefix_path) using defaults
[0.347s] Level 5:colcon.colcon_core.verb:set package 'explore_lite' build argument 'cmake_args' from command line to 'None'
[0.347s] Level 5:colcon.colcon_core.verb:set package 'explore_lite' build argument 'cmake_target' from command line to 'None'
[0.347s] Level 5:colcon.colcon_core.verb:set package 'explore_lite' build argument 'cmake_target_skip_unavailable' from command line to 'False'
[0.347s] Level 5:colcon.colcon_core.verb:set package 'explore_lite' build argument 'cmake_clean_cache' from command line to 'False'
[0.347s] Level 5:colcon.colcon_core.verb:set package 'explore_lite' build argument 'cmake_clean_first' from command line to 'False'
[0.347s] Level 5:colcon.colcon_core.verb:set package 'explore_lite' build argument 'cmake_force_configure' from command line to 'False'
[0.347s] Level 5:colcon.colcon_core.verb:set package 'explore_lite' build argument 'ament_cmake_args' from command line to 'None'
[0.347s] Level 5:colcon.colcon_core.verb:set package 'explore_lite' build argument 'catkin_cmake_args' from command line to 'None'
[0.347s] Level 5:colcon.colcon_core.verb:set package 'explore_lite' build argument 'catkin_skip_building_tests' from command line to 'False'
[0.347s] DEBUG:colcon.colcon_core.verb:Building package 'explore_lite' with the following arguments: {'ament_cmake_args': None, 'build_base': '/home/juntae02/rokey_ws/build/explore_lite', 'catkin_cmake_args': None, 'catkin_skip_building_tests': False, 'cmake_args': None, 'cmake_clean_cache': False, 'cmake_clean_first': False, 'cmake_force_configure': False, 'cmake_target': None, 'cmake_target_skip_unavailable': False, 'install_base': '/home/juntae02/rokey_ws/install/explore_lite', 'merge_install': False, 'path': '/home/juntae02/rokey_ws/src/m-explore-ros2/explore', 'symlink_install': False, 'test_result_base': None}
[0.347s] INFO:colcon.colcon_core.executor:Executing jobs using 'parallel' executor
[0.348s] DEBUG:colcon.colcon_parallel_executor.executor.parallel:run_until_complete
[0.348s] INFO:colcon.colcon_ros.task.ament_cmake.build:Building ROS package in '/home/juntae02/rokey_ws/src/m-explore-ros2/explore' with build type 'ament_cmake'
[0.348s] INFO:colcon.colcon_cmake.task.cmake.build:Building CMake package in '/home/juntae02/rokey_ws/src/m-explore-ros2/explore'
[0.350s] INFO:colcon.colcon_core.plugin_system:Skipping extension 'colcon_core.shell.bat': Not used on non-Windows systems
[0.350s] INFO:colcon.colcon_core.shell:Skip shell extension 'powershell' for command environment: Not usable outside of PowerShell
[0.350s] DEBUG:colcon.colcon_core.shell:Skip shell extension 'dsv' for command environment
[0.357s] DEBUG:colcon.colcon_core.event_handler.log_command:Invoking command in '/home/juntae02/rokey_ws/build/explore_lite': CMAKE_PREFIX_PATH=${CMAKE_PREFIX_PATH}:/home/juntae02/rokey_ws/install/yolov8_ros:/home/juntae02/rokey_ws/install/turtlebot4_beep:/home/juntae02/rokey_ws/install/rokey_pjt:/opt/ros/humble /usr/bin/cmake --build /home/juntae02/rokey_ws/build/explore_lite -- -j8 -l8
[0.422s] DEBUG:colcon.colcon_core.event_handler.log_command:Invoked command in '/home/juntae02/rokey_ws/build/explore_lite' returned '0': CMAKE_PREFIX_PATH=${CMAKE_PREFIX_PATH}:/home/juntae02/rokey_ws/install/yolov8_ros:/home/juntae02/rokey_ws/install/turtlebot4_beep:/home/juntae02/rokey_ws/install/rokey_pjt:/opt/ros/humble /usr/bin/cmake --build /home/juntae02/rokey_ws/build/explore_lite -- -j8 -l8
[0.430s] DEBUG:colcon.colcon_core.event_handler.log_command:Invoking command in '/home/juntae02/rokey_ws/build/explore_lite': CMAKE_PREFIX_PATH=${CMAKE_PREFIX_PATH}:/home/juntae02/rokey_ws/install/yolov8_ros:/home/juntae02/rokey_ws/install/turtlebot4_beep:/home/juntae02/rokey_ws/install/rokey_pjt:/opt/ros/humble /usr/bin/cmake --install /home/juntae02/rokey_ws/build/explore_lite
[0.437s] Level 1:colcon.colcon_core.environment:create_environment_scripts_only(explore_lite)
[0.437s] DEBUG:colcon.colcon_core.event_handler.log_command:Invoked command in '/home/juntae02/rokey_ws/build/explore_lite' returned '0': CMAKE_PREFIX_PATH=${CMAKE_PREFIX_PATH}:/home/juntae02/rokey_ws/install/yolov8_ros:/home/juntae02/rokey_ws/install/turtlebot4_beep:/home/juntae02/rokey_ws/install/rokey_pjt:/opt/ros/humble /usr/bin/cmake --install /home/juntae02/rokey_ws/build/explore_lite
[0.439s] Level 1:colcon.colcon_core.environment:checking '/home/juntae02/rokey_ws/install/explore_lite' for CMake module files
[0.439s] Level 1:colcon.colcon_core.environment:checking '/home/juntae02/rokey_ws/install/explore_lite' for CMake config files
[0.440s] Level 1:colcon.colcon_core.shell:create_environment_hook('explore_lite', 'cmake_prefix_path')
[0.440s] INFO:colcon.colcon_core.shell:Creating environment hook '/home/juntae02/rokey_ws/install/explore_lite/share/explore_lite/hook/cmake_prefix_path.ps1'
[0.440s] INFO:colcon.colcon_core.shell:Creating environment descriptor '/home/juntae02/rokey_ws/install/explore_lite/share/explore_lite/hook/cmake_prefix_path.dsv'
[0.440s] INFO:colcon.colcon_core.shell:Creating environment hook '/home/juntae02/rokey_ws/install/explore_lite/share/explore_lite/hook/cmake_prefix_path.sh'
[0.441s] Level 1:colcon.colcon_core.environment:checking '/home/juntae02/rokey_ws/install/explore_lite/lib'
[0.441s] Level 1:colcon.colcon_core.environment:checking '/home/juntae02/rokey_ws/install/explore_lite/bin'
[0.441s] Level 1:colcon.colcon_core.environment:checking '/home/juntae02/rokey_ws/install/explore_lite/lib/pkgconfig/explore_lite.pc'
[0.441s] Level 1:colcon.colcon_core.environment:checking '/home/juntae02/rokey_ws/install/explore_lite/lib/python3.10/site-packages'
[0.442s] Level 1:colcon.colcon_core.environment:checking '/home/juntae02/rokey_ws/install/explore_lite/bin'
[0.442s] INFO:colcon.colcon_core.shell:Creating package script '/home/juntae02/rokey_ws/install/explore_lite/share/explore_lite/package.ps1'
[0.442s] INFO:colcon.colcon_core.shell:Creating package descriptor '/home/juntae02/rokey_ws/install/explore_lite/share/explore_lite/package.dsv'
[0.443s] INFO:colcon.colcon_core.shell:Creating package script '/home/juntae02/rokey_ws/install/explore_lite/share/explore_lite/package.sh'
[0.443s] INFO:colcon.colcon_core.shell:Creating package script '/home/juntae02/rokey_ws/install/explore_lite/share/explore_lite/package.bash'
[0.444s] INFO:colcon.colcon_core.shell:Creating package script '/home/juntae02/rokey_ws/install/explore_lite/share/explore_lite/package.zsh'
[0.444s] Level 1:colcon.colcon_core.environment:create_file_with_runtime_dependencies(/home/juntae02/rokey_ws/install/explore_lite/share/colcon-core/packages/explore_lite)
[0.444s] Level 1:colcon.colcon_core.environment:create_environment_scripts_only(explore_lite)
[0.445s] Level 1:colcon.colcon_core.environment:checking '/home/juntae02/rokey_ws/install/explore_lite' for CMake module files
[0.445s] Level 1:colcon.colcon_core.environment:checking '/home/juntae02/rokey_ws/install/explore_lite' for CMake config files
[0.445s] Level 1:colcon.colcon_core.shell:create_environment_hook('explore_lite', 'cmake_prefix_path')
[0.445s] INFO:colcon.colcon_core.shell:Creating environment hook '/home/juntae02/rokey_ws/install/explore_lite/share/explore_lite/hook/cmake_prefix_path.ps1'
[0.446s] INFO:colcon.colcon_core.shell:Creating environment descriptor '/home/juntae02/rokey_ws/install/explore_lite/share/explore_lite/hook/cmake_prefix_path.dsv'
[0.446s] INFO:colcon.colcon_core.shell:Creating environment hook '/home/juntae02/rokey_ws/install/explore_lite/share/explore_lite/hook/cmake_prefix_path.sh'
[0.446s] Level 1:colcon.colcon_core.environment:checking '/home/juntae02/rokey_ws/install/explore_lite/lib'
[0.446s] Level 1:colcon.colcon_core.environment:checking '/home/juntae02/rokey_ws/install/explore_lite/bin'
[0.446s] Level 1:colcon.colcon_core.environment:checking '/home/juntae02/rokey_ws/install/explore_lite/lib/pkgconfig/explore_lite.pc'
[0.446s] Level 1:colcon.colcon_core.environment:checking '/home/juntae02/rokey_ws/install/explore_lite/lib/python3.10/site-packages'
[0.446s] Level 1:colcon.colcon_core.environment:checking '/home/juntae02/rokey_ws/install/explore_lite/bin'
[0.447s] INFO:colcon.colcon_core.shell:Creating package script '/home/juntae02/rokey_ws/install/explore_lite/share/explore_lite/package.ps1'
[0.447s] INFO:colcon.colcon_core.shell:Creating package descriptor '/home/juntae02/rokey_ws/install/explore_lite/share/explore_lite/package.dsv'
[0.447s] INFO:colcon.colcon_core.shell:Creating package script '/home/juntae02/rokey_ws/install/explore_lite/share/explore_lite/package.sh'
[0.448s] INFO:colcon.colcon_core.shell:Creating package script '/home/juntae02/rokey_ws/install/explore_lite/share/explore_lite/package.bash'
[0.448s] INFO:colcon.colcon_core.shell:Creating package script '/home/juntae02/rokey_ws/install/explore_lite/share/explore_lite/package.zsh'
[0.448s] Level 1:colcon.colcon_core.environment:create_file_with_runtime_dependencies(/home/juntae02/rokey_ws/install/explore_lite/share/colcon-core/packages/explore_lite)
[0.449s] DEBUG:colcon.colcon_parallel_executor.executor.parallel:closing loop
[0.449s] DEBUG:colcon.colcon_parallel_executor.executor.parallel:loop closed
[0.449s] DEBUG:colcon.colcon_parallel_executor.executor.parallel:run_until_complete finished with '0'
[0.449s] DEBUG:colcon.colcon_core.event_reactor:joining thread
[0.452s] INFO:colcon.colcon_core.plugin_system:Skipping extension 'colcon_notification.desktop_notification.terminal_notifier': Not used on non-Darwin systems
[0.453s] INFO:colcon.colcon_core.plugin_system:Skipping extension 'colcon_notification.desktop_notification.win32': Not used on non-Windows systems
[0.453s] INFO:colcon.colcon_notification.desktop_notification:Sending desktop notification using 'notify2'
[0.460s] DEBUG:colcon.colcon_core.event_reactor:joined thread
[0.460s] INFO:colcon.colcon_core.shell:Creating prefix script '/home/juntae02/rokey_ws/install/local_setup.ps1'
[0.462s] INFO:colcon.colcon_core.shell:Creating prefix util module '/home/juntae02/rokey_ws/install/_local_setup_util_ps1.py'
[0.463s] INFO:colcon.colcon_core.shell:Creating prefix chain script '/home/juntae02/rokey_ws/install/setup.ps1'
[0.464s] INFO:colcon.colcon_core.shell:Creating prefix script '/home/juntae02/rokey_ws/install/local_setup.sh'
[0.464s] INFO:colcon.colcon_core.shell:Creating prefix util module '/home/juntae02/rokey_ws/install/_local_setup_util_sh.py'
[0.465s] INFO:colcon.colcon_core.shell:Creating prefix chain script '/home/juntae02/rokey_ws/install/setup.sh'
[0.466s] INFO:colcon.colcon_core.shell:Creating prefix script '/home/juntae02/rokey_ws/install/local_setup.bash'
[0.467s] INFO:colcon.colcon_core.shell:Creating prefix chain script '/home/juntae02/rokey_ws/install/setup.bash'
[0.468s] INFO:colcon.colcon_core.shell:Creating prefix script '/home/juntae02/rokey_ws/install/local_setup.zsh'
[0.469s] INFO:colcon.colcon_core.shell:Creating prefix chain script '/home/juntae02/rokey_ws/install/setup.zsh'
