/home/juntae02/rokey_ws/install/rokey_pjt/lib/python3.10/site-packages/rokey_pjt/depth_checker_mouse_click.py
/home/juntae02/rokey_ws/install/rokey_pjt/lib/python3.10/site-packages/rokey_pjt/juntae.py
/home/juntae02/rokey_ws/install/rokey_pjt/lib/python3.10/site-packages/rokey_pjt/3_tb4_yolo_bbox_depth_checker.py
/home/juntae02/rokey_ws/install/rokey_pjt/lib/python3.10/site-packages/rokey_pjt/robot_action_copy.py
/home/juntae02/rokey_ws/install/rokey_pjt/lib/python3.10/site-packages/rokey_pjt/4_tb4_tf_transform.py
/home/juntae02/rokey_ws/install/rokey_pjt/lib/python3.10/site-packages/rokey_pjt/tb4_yolov8_obj_det_thread.py
/home/juntae02/rokey_ws/install/rokey_pjt/lib/python3.10/site-packages/rokey_pjt/tb4_yolov8_obj_det.py
/home/juntae02/rokey_ws/install/rokey_pjt/lib/python3.10/site-packages/rokey_pjt/tb4_yolov8_obj_det_track.py
/home/juntae02/rokey_ws/install/rokey_pjt/lib/python3.10/site-packages/rokey_pjt/depth_checker.py
/home/juntae02/rokey_ws/install/rokey_pjt/lib/python3.10/site-packages/rokey_pjt/ai_depict.py
/home/juntae02/rokey_ws/install/rokey_pjt/lib/python3.10/site-packages/rokey_pjt/__init__.py
/home/juntae02/rokey_ws/install/rokey_pjt/lib/python3.10/site-packages/rokey_pjt/test.py
/home/juntae02/rokey_ws/install/rokey_pjt/lib/python3.10/site-packages/rokey_pjt/__pycache__/depth_checker_mouse_click.cpython-310.pyc
/home/juntae02/rokey_ws/install/rokey_pjt/lib/python3.10/site-packages/rokey_pjt/__pycache__/juntae.cpython-310.pyc
/home/juntae02/rokey_ws/install/rokey_pjt/lib/python3.10/site-packages/rokey_pjt/__pycache__/3_tb4_yolo_bbox_depth_checker.cpython-310.pyc
/home/juntae02/rokey_ws/install/rokey_pjt/lib/python3.10/site-packages/rokey_pjt/__pycache__/robot_action_copy.cpython-310.pyc
/home/juntae02/rokey_ws/install/rokey_pjt/lib/python3.10/site-packages/rokey_pjt/__pycache__/4_tb4_tf_transform.cpython-310.pyc
/home/juntae02/rokey_ws/install/rokey_pjt/lib/python3.10/site-packages/rokey_pjt/__pycache__/tb4_yolov8_obj_det_thread.cpython-310.pyc
/home/juntae02/rokey_ws/install/rokey_pjt/lib/python3.10/site-packages/rokey_pjt/__pycache__/tb4_yolov8_obj_det.cpython-310.pyc
/home/juntae02/rokey_ws/install/rokey_pjt/lib/python3.10/site-packages/rokey_pjt/__pycache__/tb4_yolov8_obj_det_track.cpython-310.pyc
/home/juntae02/rokey_ws/install/rokey_pjt/lib/python3.10/site-packages/rokey_pjt/__pycache__/depth_checker.cpython-310.pyc
/home/juntae02/rokey_ws/install/rokey_pjt/lib/python3.10/site-packages/rokey_pjt/__pycache__/ai_depict.cpython-310.pyc
/home/juntae02/rokey_ws/install/rokey_pjt/lib/python3.10/site-packages/rokey_pjt/__pycache__/__init__.cpython-310.pyc
/home/juntae02/rokey_ws/install/rokey_pjt/lib/python3.10/site-packages/rokey_pjt/__pycache__/test.cpython-310.pyc
/home/juntae02/rokey_ws/install/rokey_pjt/share/ament_index/resource_index/packages/rokey_pjt
/home/juntae02/rokey_ws/install/rokey_pjt/share/rokey_pjt/package.xml
/home/juntae02/rokey_ws/install/rokey_pjt/lib/python3.10/site-packages/rokey_pjt-0.0.0-py3.10.egg-info/dependency_links.txt
/home/juntae02/rokey_ws/install/rokey_pjt/lib/python3.10/site-packages/rokey_pjt-0.0.0-py3.10.egg-info/zip-safe
/home/juntae02/rokey_ws/install/rokey_pjt/lib/python3.10/site-packages/rokey_pjt-0.0.0-py3.10.egg-info/requires.txt
/home/juntae02/rokey_ws/install/rokey_pjt/lib/python3.10/site-packages/rokey_pjt-0.0.0-py3.10.egg-info/top_level.txt
/home/juntae02/rokey_ws/install/rokey_pjt/lib/python3.10/site-packages/rokey_pjt-0.0.0-py3.10.egg-info/PKG-INFO
/home/juntae02/rokey_ws/install/rokey_pjt/lib/python3.10/site-packages/rokey_pjt-0.0.0-py3.10.egg-info/entry_points.txt
/home/juntae02/rokey_ws/install/rokey_pjt/lib/python3.10/site-packages/rokey_pjt-0.0.0-py3.10.egg-info/SOURCES.txt
/home/juntae02/rokey_ws/install/rokey_pjt/lib/rokey_pjt/ai_depict1
/home/juntae02/rokey_ws/install/rokey_pjt/lib/rokey_pjt/capture_image
/home/juntae02/rokey_ws/install/rokey_pjt/lib/rokey_pjt/check_depth
/home/juntae02/rokey_ws/install/rokey_pjt/lib/rokey_pjt/check_depth_click
/home/juntae02/rokey_ws/install/rokey_pjt/lib/rokey_pjt/cont_cap_image
/home/juntae02/rokey_ws/install/rokey_pjt/lib/rokey_pjt/det_obj
/home/juntae02/rokey_ws/install/rokey_pjt/lib/rokey_pjt/det_obj_thread
/home/juntae02/rokey_ws/install/rokey_pjt/lib/rokey_pjt/det_obj_track
/home/juntae02/rokey_ws/install/rokey_pjt/lib/rokey_pjt/test_cli
/home/juntae02/rokey_ws/install/rokey_pjt/lib/rokey_pjt/test_server
/home/juntae02/rokey_ws/install/rokey_pjt/lib/rokey_pjt/tf_trans
/home/juntae02/rokey_ws/install/rokey_pjt/lib/rokey_pjt/yolo_depth_checker
