[1.185s] Invoking command in '/home/juntae02/rokey_ws/build/rokey_pjt': PYTHONPATH=/home/juntae02/rokey_ws/build/rokey_pjt/prefix_override:/usr/lib/python3/dist-packages/colcon_core/task/python/colcon_distutils_commands:/home/juntae02/rokey_ws/install/rokey_pjt/lib/python3.10/site-packages:${PYTHONPATH} /usr/bin/python3 -W ignore:setup.py install is deprecated -W ignore:easy_install command is deprecated setup.py develop --uninstall --editable --build-directory /home/juntae02/rokey_ws/build/rokey_pjt/build
[1.433s] running develop
[1.609s] Removing /home/juntae02/rokey_ws/install/rokey_pjt/lib/python3.10/site-packages/rokey-pjt.egg-link (link to .)
[1.663s] Invoked command in '/home/juntae02/rokey_ws/build/rokey_pjt' returned '0': PYTHONPATH=/home/juntae02/rokey_ws/build/rokey_pjt/prefix_override:/usr/lib/python3/dist-packages/colcon_core/task/python/colcon_distutils_commands:/home/juntae02/rokey_ws/install/rokey_pjt/lib/python3.10/site-packages:${PYTHONPATH} /usr/bin/python3 -W ignore:setup.py install is deprecated -W ignore:easy_install command is deprecated setup.py develop --uninstall --editable --build-directory /home/juntae02/rokey_ws/build/rokey_pjt/build
[1.665s] Invoking command in '/home/juntae02/rokey_ws/src/rokey_pjt': PYTHONPATH=/home/juntae02/rokey_ws/build/rokey_pjt/prefix_override:/usr/lib/python3/dist-packages/colcon_core/task/python/colcon_distutils_commands:/home/juntae02/rokey_ws/install/rokey_pjt/lib/python3.10/site-packages:${PYTHONPATH} /usr/bin/python3 -W ignore:setup.py install is deprecated -W ignore:easy_install command is deprecated setup.py egg_info --egg-base ../../build/rokey_pjt build --build-base /home/juntae02/rokey_ws/build/rokey_pjt/build install --record /home/juntae02/rokey_ws/build/rokey_pjt/install.log --single-version-externally-managed install_data --force
[1.960s] running egg_info
[1.961s] writing ../../build/rokey_pjt/rokey_pjt.egg-info/PKG-INFO
[1.961s] writing dependency_links to ../../build/rokey_pjt/rokey_pjt.egg-info/dependency_links.txt
[1.961s] writing entry points to ../../build/rokey_pjt/rokey_pjt.egg-info/entry_points.txt
[1.961s] writing requirements to ../../build/rokey_pjt/rokey_pjt.egg-info/requires.txt
[1.961s] writing top-level names to ../../build/rokey_pjt/rokey_pjt.egg-info/top_level.txt
[1.964s] reading manifest file '../../build/rokey_pjt/rokey_pjt.egg-info/SOURCES.txt'
[1.964s] adding license file 'LICENSE'
[1.965s] writing manifest file '../../build/rokey_pjt/rokey_pjt.egg-info/SOURCES.txt'
[1.965s] running build
[1.965s] running build_py
[1.965s] copying rokey_pjt/depth_checker_mouse_click.py -> /home/juntae02/rokey_ws/build/rokey_pjt/build/lib/rokey_pjt
[1.965s] copying rokey_pjt/juntae.py -> /home/juntae02/rokey_ws/build/rokey_pjt/build/lib/rokey_pjt
[1.965s] copying rokey_pjt/3_tb4_yolo_bbox_depth_checker.py -> /home/juntae02/rokey_ws/build/rokey_pjt/build/lib/rokey_pjt
[1.965s] copying rokey_pjt/robot_action_copy.py -> /home/juntae02/rokey_ws/build/rokey_pjt/build/lib/rokey_pjt
[1.966s] copying rokey_pjt/4_tb4_tf_transform.py -> /home/juntae02/rokey_ws/build/rokey_pjt/build/lib/rokey_pjt
[1.966s] copying rokey_pjt/tb4_yolov8_obj_det_thread.py -> /home/juntae02/rokey_ws/build/rokey_pjt/build/lib/rokey_pjt
[1.966s] copying rokey_pjt/tb4_yolov8_obj_det.py -> /home/juntae02/rokey_ws/build/rokey_pjt/build/lib/rokey_pjt
[1.966s] copying rokey_pjt/tb4_yolov8_obj_det_track.py -> /home/juntae02/rokey_ws/build/rokey_pjt/build/lib/rokey_pjt
[1.966s] copying rokey_pjt/depth_checker.py -> /home/juntae02/rokey_ws/build/rokey_pjt/build/lib/rokey_pjt
[1.966s] copying rokey_pjt/ai_depict.py -> /home/juntae02/rokey_ws/build/rokey_pjt/build/lib/rokey_pjt
[1.966s] copying rokey_pjt/test.py -> /home/juntae02/rokey_ws/build/rokey_pjt/build/lib/rokey_pjt
[1.966s] running install
[1.967s] running install_lib
[1.968s] creating /home/juntae02/rokey_ws/install/rokey_pjt/lib/python3.10/site-packages/rokey_pjt
[1.968s] copying /home/juntae02/rokey_ws/build/rokey_pjt/build/lib/rokey_pjt/depth_checker_mouse_click.py -> /home/juntae02/rokey_ws/install/rokey_pjt/lib/python3.10/site-packages/rokey_pjt
[1.968s] copying /home/juntae02/rokey_ws/build/rokey_pjt/build/lib/rokey_pjt/juntae.py -> /home/juntae02/rokey_ws/install/rokey_pjt/lib/python3.10/site-packages/rokey_pjt
[1.968s] copying /home/juntae02/rokey_ws/build/rokey_pjt/build/lib/rokey_pjt/3_tb4_yolo_bbox_depth_checker.py -> /home/juntae02/rokey_ws/install/rokey_pjt/lib/python3.10/site-packages/rokey_pjt
[1.968s] copying /home/juntae02/rokey_ws/build/rokey_pjt/build/lib/rokey_pjt/robot_action_copy.py -> /home/juntae02/rokey_ws/install/rokey_pjt/lib/python3.10/site-packages/rokey_pjt
[1.968s] copying /home/juntae02/rokey_ws/build/rokey_pjt/build/lib/rokey_pjt/4_tb4_tf_transform.py -> /home/juntae02/rokey_ws/install/rokey_pjt/lib/python3.10/site-packages/rokey_pjt
[1.968s] copying /home/juntae02/rokey_ws/build/rokey_pjt/build/lib/rokey_pjt/tb4_yolov8_obj_det_thread.py -> /home/juntae02/rokey_ws/install/rokey_pjt/lib/python3.10/site-packages/rokey_pjt
[1.968s] copying /home/juntae02/rokey_ws/build/rokey_pjt/build/lib/rokey_pjt/tb4_yolov8_obj_det.py -> /home/juntae02/rokey_ws/install/rokey_pjt/lib/python3.10/site-packages/rokey_pjt
[1.968s] copying /home/juntae02/rokey_ws/build/rokey_pjt/build/lib/rokey_pjt/tb4_yolov8_obj_det_track.py -> /home/juntae02/rokey_ws/install/rokey_pjt/lib/python3.10/site-packages/rokey_pjt
[1.968s] copying /home/juntae02/rokey_ws/build/rokey_pjt/build/lib/rokey_pjt/depth_checker.py -> /home/juntae02/rokey_ws/install/rokey_pjt/lib/python3.10/site-packages/rokey_pjt
[1.969s] copying /home/juntae02/rokey_ws/build/rokey_pjt/build/lib/rokey_pjt/ai_depict.py -> /home/juntae02/rokey_ws/install/rokey_pjt/lib/python3.10/site-packages/rokey_pjt
[1.969s] copying /home/juntae02/rokey_ws/build/rokey_pjt/build/lib/rokey_pjt/__init__.py -> /home/juntae02/rokey_ws/install/rokey_pjt/lib/python3.10/site-packages/rokey_pjt
[1.969s] copying /home/juntae02/rokey_ws/build/rokey_pjt/build/lib/rokey_pjt/test.py -> /home/juntae02/rokey_ws/install/rokey_pjt/lib/python3.10/site-packages/rokey_pjt
[1.969s] byte-compiling /home/juntae02/rokey_ws/install/rokey_pjt/lib/python3.10/site-packages/rokey_pjt/depth_checker_mouse_click.py to depth_checker_mouse_click.cpython-310.pyc
[1.971s] byte-compiling /home/juntae02/rokey_ws/install/rokey_pjt/lib/python3.10/site-packages/rokey_pjt/juntae.py to juntae.cpython-310.pyc
[1.971s] byte-compiling /home/juntae02/rokey_ws/install/rokey_pjt/lib/python3.10/site-packages/rokey_pjt/3_tb4_yolo_bbox_depth_checker.py to 3_tb4_yolo_bbox_depth_checker.cpython-310.pyc
[1.972s] byte-compiling /home/juntae02/rokey_ws/install/rokey_pjt/lib/python3.10/site-packages/rokey_pjt/robot_action_copy.py to robot_action_copy.cpython-310.pyc
[1.973s] byte-compiling /home/juntae02/rokey_ws/install/rokey_pjt/lib/python3.10/site-packages/rokey_pjt/4_tb4_tf_transform.py to 4_tb4_tf_transform.cpython-310.pyc
[1.974s] byte-compiling /home/juntae02/rokey_ws/install/rokey_pjt/lib/python3.10/site-packages/rokey_pjt/tb4_yolov8_obj_det_thread.py to tb4_yolov8_obj_det_thread.cpython-310.pyc
[1.975s] byte-compiling /home/juntae02/rokey_ws/install/rokey_pjt/lib/python3.10/site-packages/rokey_pjt/tb4_yolov8_obj_det.py to tb4_yolov8_obj_det.cpython-310.pyc
[1.975s] byte-compiling /home/juntae02/rokey_ws/install/rokey_pjt/lib/python3.10/site-packages/rokey_pjt/tb4_yolov8_obj_det_track.py to tb4_yolov8_obj_det_track.cpython-310.pyc
[1.976s] byte-compiling /home/juntae02/rokey_ws/install/rokey_pjt/lib/python3.10/site-packages/rokey_pjt/depth_checker.py to depth_checker.cpython-310.pyc
[1.977s] byte-compiling /home/juntae02/rokey_ws/install/rokey_pjt/lib/python3.10/site-packages/rokey_pjt/ai_depict.py to ai_depict.cpython-310.pyc
[1.978s] byte-compiling /home/juntae02/rokey_ws/install/rokey_pjt/lib/python3.10/site-packages/rokey_pjt/__init__.py to __init__.cpython-310.pyc
[1.978s] byte-compiling /home/juntae02/rokey_ws/install/rokey_pjt/lib/python3.10/site-packages/rokey_pjt/test.py to test.cpython-310.pyc
[1.979s] running install_data
[1.980s] copying resource/rokey_pjt -> /home/juntae02/rokey_ws/install/rokey_pjt/share/ament_index/resource_index/packages
[1.980s] copying package.xml -> /home/juntae02/rokey_ws/install/rokey_pjt/share/rokey_pjt
[1.980s] running install_egg_info
[1.982s] Copying ../../build/rokey_pjt/rokey_pjt.egg-info to /home/juntae02/rokey_ws/install/rokey_pjt/lib/python3.10/site-packages/rokey_pjt-0.0.0-py3.10.egg-info
[1.984s] running install_scripts
[2.011s] Installing ai_depict1 script to /home/juntae02/rokey_ws/install/rokey_pjt/lib/rokey_pjt
[2.012s] Installing capture_image script to /home/juntae02/rokey_ws/install/rokey_pjt/lib/rokey_pjt
[2.012s] Installing check_depth script to /home/juntae02/rokey_ws/install/rokey_pjt/lib/rokey_pjt
[2.012s] Installing check_depth_click script to /home/juntae02/rokey_ws/install/rokey_pjt/lib/rokey_pjt
[2.012s] Installing cont_cap_image script to /home/juntae02/rokey_ws/install/rokey_pjt/lib/rokey_pjt
[2.012s] Installing det_obj script to /home/juntae02/rokey_ws/install/rokey_pjt/lib/rokey_pjt
[2.012s] Installing det_obj_thread script to /home/juntae02/rokey_ws/install/rokey_pjt/lib/rokey_pjt
[2.012s] Installing det_obj_track script to /home/juntae02/rokey_ws/install/rokey_pjt/lib/rokey_pjt
[2.012s] Installing test_cli script to /home/juntae02/rokey_ws/install/rokey_pjt/lib/rokey_pjt
[2.012s] Installing test_server script to /home/juntae02/rokey_ws/install/rokey_pjt/lib/rokey_pjt
[2.012s] Installing tf_trans script to /home/juntae02/rokey_ws/install/rokey_pjt/lib/rokey_pjt
[2.012s] Installing yolo_depth_checker script to /home/juntae02/rokey_ws/install/rokey_pjt/lib/rokey_pjt
[2.013s] writing list of installed files to '/home/juntae02/rokey_ws/build/rokey_pjt/install.log'
[2.062s] Invoked command in '/home/juntae02/rokey_ws/src/rokey_pjt' returned '0': PYTHONPATH=/home/juntae02/rokey_ws/build/rokey_pjt/prefix_override:/usr/lib/python3/dist-packages/colcon_core/task/python/colcon_distutils_commands:/home/juntae02/rokey_ws/install/rokey_pjt/lib/python3.10/site-packages:${PYTHONPATH} /usr/bin/python3 -W ignore:setup.py install is deprecated -W ignore:easy_install command is deprecated setup.py egg_info --egg-base ../../build/rokey_pjt build --build-base /home/juntae02/rokey_ws/build/rokey_pjt/build install --record /home/juntae02/rokey_ws/build/rokey_pjt/install.log --single-version-externally-managed install_data --force
