[1.056s] Invoking command in '/home/juntae02/rokey_ws/src/yolov8_ros': PYTHONPATH=/home/juntae02/rokey_ws/build/yolov8_ros/prefix_override:/usr/lib/python3/dist-packages/colcon_core/task/python/colcon_distutils_commands:/home/juntae02/rokey_ws/install/yolov8_ros/lib/python3.10/site-packages:${PYTHONPATH} /usr/bin/python3 -W ignore:setup.py install is deprecated -W ignore:easy_install command is deprecated setup.py egg_info --egg-base ../../build/yolov8_ros build --build-base /home/juntae02/rokey_ws/build/yolov8_ros/build install --record /home/juntae02/rokey_ws/build/yolov8_ros/install.log --single-version-externally-managed install_data
[1.267s] running egg_info
[1.268s] writing ../../build/yolov8_ros/yolov8_ros.egg-info/PKG-INFO
[1.268s] writing dependency_links to ../../build/yolov8_ros/yolov8_ros.egg-info/dependency_links.txt
[1.268s] writing entry points to ../../build/yolov8_ros/yolov8_ros.egg-info/entry_points.txt
[1.268s] writing requirements to ../../build/yolov8_ros/yolov8_ros.egg-info/requires.txt
[1.268s] writing top-level names to ../../build/yolov8_ros/yolov8_ros.egg-info/top_level.txt
[1.270s] reading manifest file '../../build/yolov8_ros/yolov8_ros.egg-info/SOURCES.txt'
[1.270s] adding license file 'LICENSE'
[1.271s] writing manifest file '../../build/yolov8_ros/yolov8_ros.egg-info/SOURCES.txt'
[1.271s] running build
[1.271s] running build_py
[1.272s] running install
[1.272s] running install_lib
[1.273s] running install_data
[1.274s] running install_egg_info
[1.275s] removing '/home/juntae02/rokey_ws/install/yolov8_ros/lib/python3.10/site-packages/yolov8_ros-0.0.0-py3.10.egg-info' (and everything under it)
[1.275s] Copying ../../build/yolov8_ros/yolov8_ros.egg-info to /home/juntae02/rokey_ws/install/yolov8_ros/lib/python3.10/site-packages/yolov8_ros-0.0.0-py3.10.egg-info
[1.275s] running install_scripts
[1.293s] Installing data_pub script to /home/juntae02/rokey_ws/install/yolov8_ros/lib/yolov8_ros
[1.293s] Installing data_sub script to /home/juntae02/rokey_ws/install/yolov8_ros/lib/yolov8_ros
[1.293s] Installing image_pub script to /home/juntae02/rokey_ws/install/yolov8_ros/lib/yolov8_ros
[1.293s] Installing image_sub script to /home/juntae02/rokey_ws/install/yolov8_ros/lib/yolov8_ros
[1.293s] Installing yolo_pub script to /home/juntae02/rokey_ws/install/yolov8_ros/lib/yolov8_ros
[1.293s] Installing yolo_sub script to /home/juntae02/rokey_ws/install/yolov8_ros/lib/yolov8_ros
[1.293s] writing list of installed files to '/home/juntae02/rokey_ws/build/yolov8_ros/install.log'
[1.340s] Invoked command in '/home/juntae02/rokey_ws/src/yolov8_ros' returned '0': PYTHONPATH=/home/juntae02/rokey_ws/build/yolov8_ros/prefix_override:/usr/lib/python3/dist-packages/colcon_core/task/python/colcon_distutils_commands:/home/juntae02/rokey_ws/install/yolov8_ros/lib/python3.10/site-packages:${PYTHONPATH} /usr/bin/python3 -W ignore:setup.py install is deprecated -W ignore:easy_install command is deprecated setup.py egg_info --egg-base ../../build/yolov8_ros build --build-base /home/juntae02/rokey_ws/build/yolov8_ros/build install --record /home/juntae02/rokey_ws/build/yolov8_ros/install.log --single-version-externally-managed install_data
