[0.529s] Invoking command in '/home/juntae02/rokey_ws/build/rokey_pjt': PYTHONPATH=/home/juntae02/rokey_ws/build/rokey_pjt/prefix_override:/usr/lib/python3/dist-packages/colcon_core/task/python/colcon_distutils_commands:/home/juntae02/rokey_ws/install/rokey_pjt/lib/python3.10/site-packages:${PYTHONPATH} /usr/bin/python3 -W ignore:setup.py install is deprecated -W ignore:easy_install command is deprecated setup.py develop --editable --build-directory /home/juntae02/rokey_ws/build/rokey_pjt/build --no-deps symlink_data
[0.746s] running develop
[0.895s] running egg_info
[0.895s] writing rokey_pjt.egg-info/PKG-INFO
[0.895s] writing dependency_links to rokey_pjt.egg-info/dependency_links.txt
[0.895s] writing entry points to rokey_pjt.egg-info/entry_points.txt
[0.895s] writing requirements to rokey_pjt.egg-info/requires.txt
[0.895s] writing top-level names to rokey_pjt.egg-info/top_level.txt
[0.897s] reading manifest file 'rokey_pjt.egg-info/SOURCES.txt'
[0.904s] writing manifest file 'rokey_pjt.egg-info/SOURCES.txt'
[0.905s] running build_ext
[0.905s] Creating /home/juntae02/rokey_ws/install/rokey_pjt/lib/python3.10/site-packages/rokey-pjt.egg-link (link to .)
[0.906s] Installing capture_image script to /home/juntae02/rokey_ws/install/rokey_pjt/lib/rokey_pjt
[0.906s] Installing check_depth script to /home/juntae02/rokey_ws/install/rokey_pjt/lib/rokey_pjt
[0.906s] Installing check_depth_click script to /home/juntae02/rokey_ws/install/rokey_pjt/lib/rokey_pjt
[0.906s] Installing cont_cap_image script to /home/juntae02/rokey_ws/install/rokey_pjt/lib/rokey_pjt
[0.906s] Installing det_obj script to /home/juntae02/rokey_ws/install/rokey_pjt/lib/rokey_pjt
[0.906s] Installing det_obj_thread script to /home/juntae02/rokey_ws/install/rokey_pjt/lib/rokey_pjt
[0.906s] Installing det_obj_track script to /home/juntae02/rokey_ws/install/rokey_pjt/lib/rokey_pjt
[0.906s] Installing test_cli script to /home/juntae02/rokey_ws/install/rokey_pjt/lib/rokey_pjt
[0.906s] Installing test_server script to /home/juntae02/rokey_ws/install/rokey_pjt/lib/rokey_pjt
[0.906s] Installing yolo_depth_checker script to /home/juntae02/rokey_ws/install/rokey_pjt/lib/rokey_pjt
[0.906s] 
[0.906s] Installed /home/juntae02/rokey_ws/build/rokey_pjt
[0.906s] running symlink_data
[0.935s] Invoked command in '/home/juntae02/rokey_ws/build/rokey_pjt' returned '0': PYTHONPATH=/home/juntae02/rokey_ws/build/rokey_pjt/prefix_override:/usr/lib/python3/dist-packages/colcon_core/task/python/colcon_distutils_commands:/home/juntae02/rokey_ws/install/rokey_pjt/lib/python3.10/site-packages:${PYTHONPATH} /usr/bin/python3 -W ignore:setup.py install is deprecated -W ignore:easy_install command is deprecated setup.py develop --editable --build-directory /home/juntae02/rokey_ws/build/rokey_pjt/build --no-deps symlink_data
