running egg_info
writing ../../build/turtlebot4_beep/turtlebot4_beep.egg-info/PKG-INFO
writing dependency_links to ../../build/turtlebot4_beep/turtlebot4_beep.egg-info/dependency_links.txt
writing entry points to ../../build/turtlebot4_beep/turtlebot4_beep.egg-info/entry_points.txt
writing requirements to ../../build/turtlebot4_beep/turtlebot4_beep.egg-info/requires.txt
writing top-level names to ../../build/turtlebot4_beep/turtlebot4_beep.egg-info/top_level.txt
reading manifest file '../../build/turtlebot4_beep/turtlebot4_beep.egg-info/SOURCES.txt'
adding license file 'LICENSE'
writing manifest file '../../build/turtlebot4_beep/turtlebot4_beep.egg-info/SOURCES.txt'
running build
running build_py
running install
running install_lib
running install_data
running install_egg_info
removing '/home/juntae02/rokey_ws/install/turtlebot4_beep/lib/python3.10/site-packages/turtlebot4_beep-0.0.0-py3.10.egg-info' (and everything under it)
Copying ../../build/turtlebot4_beep/turtlebot4_beep.egg-info to /home/juntae02/rokey_ws/install/turtlebot4_beep/lib/python3.10/site-packages/turtlebot4_beep-0.0.0-py3.10.egg-info
running install_scripts
Installing beep_node script to /home/juntae02/rokey_ws/install/turtlebot4_beep/lib/turtlebot4_beep
writing list of installed files to '/home/juntae02/rokey_ws/build/turtlebot4_beep/install.log'
