/home/juntae02/rokey_ws/install/yolov8_ros/lib/python3.10/site-packages/yolov8_ros/test2.py
/home/juntae02/rokey_ws/install/yolov8_ros/lib/python3.10/site-packages/yolov8_ros/2_3_capture_image_thread.py
/home/juntae02/rokey_ws/install/yolov8_ros/lib/python3.10/site-packages/yolov8_ros/9_1_image_publisher.py
/home/juntae02/rokey_ws/install/yolov8_ros/lib/python3.10/site-packages/yolov8_ros/8_3_Draw_Box_wc.py
/home/juntae02/rokey_ws/install/yolov8_ros/lib/python3.10/site-packages/yolov8_ros/8_4_Draw_Polygon_wc.py
/home/juntae02/rokey_ws/install/yolov8_ros/lib/python3.10/site-packages/yolov8_ros/8_5_Security_Alert_wc.py
/home/juntae02/rokey_ws/install/yolov8_ros/lib/python3.10/site-packages/yolov8_ros/9_6_yolo_subscriber.py
/home/juntae02/rokey_ws/install/yolov8_ros/lib/python3.10/site-packages/yolov8_ros/9_4_data_subscriber.py
/home/juntae02/rokey_ws/install/yolov8_ros/lib/python3.10/site-packages/yolov8_ros/2_1_capture_image.py
/home/juntae02/rokey_ws/install/yolov8_ros/lib/python3.10/site-packages/yolov8_ros/3_dataset_splitter.py
/home/juntae02/rokey_ws/install/yolov8_ros/lib/python3.10/site-packages/yolov8_ros/2_2_capture_image_1sec.py
/home/juntae02/rokey_ws/install/yolov8_ros/lib/python3.10/site-packages/yolov8_ros/5_yolov8_obj_det_wc.py
/home/juntae02/rokey_ws/install/yolov8_ros/lib/python3.10/site-packages/yolov8_ros/9_2_image_subscriber.py
/home/juntae02/rokey_ws/install/yolov8_ros/lib/python3.10/site-packages/yolov8_ros/1_yolo_basic_test.py
/home/juntae02/rokey_ws/install/yolov8_ros/lib/python3.10/site-packages/yolov8_ros/9_3_data_publisher.py
/home/juntae02/rokey_ws/install/yolov8_ros/lib/python3.10/site-packages/yolov8_ros/8_1_gpu_test.py
/home/juntae02/rokey_ws/install/yolov8_ros/lib/python3.10/site-packages/yolov8_ros/8_2_compare_yolo.py
/home/juntae02/rokey_ws/install/yolov8_ros/lib/python3.10/site-packages/yolov8_ros/9_5_yolo_publisher.py
/home/juntae02/rokey_ws/install/yolov8_ros/lib/python3.10/site-packages/yolov8_ros/yolov8_obj_det_wc.py
/home/juntae02/rokey_ws/install/yolov8_ros/lib/python3.10/site-packages/yolov8_ros/__init__.py
/home/juntae02/rokey_ws/install/yolov8_ros/lib/python3.10/site-packages/yolov8_ros/test.py
/home/juntae02/rokey_ws/install/yolov8_ros/lib/python3.10/site-packages/yolov8_ros/__pycache__/test2.cpython-310.pyc
/home/juntae02/rokey_ws/install/yolov8_ros/lib/python3.10/site-packages/yolov8_ros/__pycache__/2_3_capture_image_thread.cpython-310.pyc
/home/juntae02/rokey_ws/install/yolov8_ros/lib/python3.10/site-packages/yolov8_ros/__pycache__/9_1_image_publisher.cpython-310.pyc
/home/juntae02/rokey_ws/install/yolov8_ros/lib/python3.10/site-packages/yolov8_ros/__pycache__/8_3_Draw_Box_wc.cpython-310.pyc
/home/juntae02/rokey_ws/install/yolov8_ros/lib/python3.10/site-packages/yolov8_ros/__pycache__/8_4_Draw_Polygon_wc.cpython-310.pyc
/home/juntae02/rokey_ws/install/yolov8_ros/lib/python3.10/site-packages/yolov8_ros/__pycache__/8_5_Security_Alert_wc.cpython-310.pyc
/home/juntae02/rokey_ws/install/yolov8_ros/lib/python3.10/site-packages/yolov8_ros/__pycache__/9_6_yolo_subscriber.cpython-310.pyc
/home/juntae02/rokey_ws/install/yolov8_ros/lib/python3.10/site-packages/yolov8_ros/__pycache__/9_4_data_subscriber.cpython-310.pyc
/home/juntae02/rokey_ws/install/yolov8_ros/lib/python3.10/site-packages/yolov8_ros/__pycache__/2_1_capture_image.cpython-310.pyc
/home/juntae02/rokey_ws/install/yolov8_ros/lib/python3.10/site-packages/yolov8_ros/__pycache__/3_dataset_splitter.cpython-310.pyc
/home/juntae02/rokey_ws/install/yolov8_ros/lib/python3.10/site-packages/yolov8_ros/__pycache__/2_2_capture_image_1sec.cpython-310.pyc
/home/juntae02/rokey_ws/install/yolov8_ros/lib/python3.10/site-packages/yolov8_ros/__pycache__/5_yolov8_obj_det_wc.cpython-310.pyc
/home/juntae02/rokey_ws/install/yolov8_ros/lib/python3.10/site-packages/yolov8_ros/__pycache__/9_2_image_subscriber.cpython-310.pyc
/home/juntae02/rokey_ws/install/yolov8_ros/lib/python3.10/site-packages/yolov8_ros/__pycache__/1_yolo_basic_test.cpython-310.pyc
/home/juntae02/rokey_ws/install/yolov8_ros/lib/python3.10/site-packages/yolov8_ros/__pycache__/9_3_data_publisher.cpython-310.pyc
/home/juntae02/rokey_ws/install/yolov8_ros/lib/python3.10/site-packages/yolov8_ros/__pycache__/8_1_gpu_test.cpython-310.pyc
/home/juntae02/rokey_ws/install/yolov8_ros/lib/python3.10/site-packages/yolov8_ros/__pycache__/8_2_compare_yolo.cpython-310.pyc
/home/juntae02/rokey_ws/install/yolov8_ros/lib/python3.10/site-packages/yolov8_ros/__pycache__/9_5_yolo_publisher.cpython-310.pyc
/home/juntae02/rokey_ws/install/yolov8_ros/lib/python3.10/site-packages/yolov8_ros/__pycache__/yolov8_obj_det_wc.cpython-310.pyc
/home/juntae02/rokey_ws/install/yolov8_ros/lib/python3.10/site-packages/yolov8_ros/__pycache__/__init__.cpython-310.pyc
/home/juntae02/rokey_ws/install/yolov8_ros/lib/python3.10/site-packages/yolov8_ros/__pycache__/test.cpython-310.pyc
/home/juntae02/rokey_ws/install/yolov8_ros/share/ament_index/resource_index/packages/yolov8_ros
/home/juntae02/rokey_ws/install/yolov8_ros/share/yolov8_ros/package.xml
/home/juntae02/rokey_ws/install/yolov8_ros/lib/python3.10/site-packages/yolov8_ros-0.0.0-py3.10.egg-info/dependency_links.txt
/home/juntae02/rokey_ws/install/yolov8_ros/lib/python3.10/site-packages/yolov8_ros-0.0.0-py3.10.egg-info/zip-safe
/home/juntae02/rokey_ws/install/yolov8_ros/lib/python3.10/site-packages/yolov8_ros-0.0.0-py3.10.egg-info/requires.txt
/home/juntae02/rokey_ws/install/yolov8_ros/lib/python3.10/site-packages/yolov8_ros-0.0.0-py3.10.egg-info/top_level.txt
/home/juntae02/rokey_ws/install/yolov8_ros/lib/python3.10/site-packages/yolov8_ros-0.0.0-py3.10.egg-info/PKG-INFO
/home/juntae02/rokey_ws/install/yolov8_ros/lib/python3.10/site-packages/yolov8_ros-0.0.0-py3.10.egg-info/entry_points.txt
/home/juntae02/rokey_ws/install/yolov8_ros/lib/python3.10/site-packages/yolov8_ros-0.0.0-py3.10.egg-info/SOURCES.txt
/home/juntae02/rokey_ws/install/yolov8_ros/lib/yolov8_ros/data_pub
/home/juntae02/rokey_ws/install/yolov8_ros/lib/yolov8_ros/data_sub
/home/juntae02/rokey_ws/install/yolov8_ros/lib/yolov8_ros/image_pub
/home/juntae02/rokey_ws/install/yolov8_ros/lib/yolov8_ros/image_sub
/home/juntae02/rokey_ws/install/yolov8_ros/lib/yolov8_ros/yolo_pub
/home/juntae02/rokey_ws/install/yolov8_ros/lib/yolov8_ros/yolo_sub
