[0.087s] DEBUG:colcon:Command line arguments: ['/usr/bin/colcon', 'build']
[0.087s] DEBUG:colcon:Parsed command line arguments: Namespace(log_base=None, log_level=None, verb_name='build', build_base='build', install_base='install', merge_install=False, symlink_install=False, test_result_base=None, continue_on_error=False, executor='parallel', parallel_workers=8, event_handlers=None, ignore_user_meta=False, metas=['./colcon.meta'], base_paths=['.'], packages_ignore=None, packages_ignore_regex=None, paths=None, packages_up_to=None, packages_up_to_regex=None, packages_above=None, packages_above_and_dependencies=None, packages_above_depth=None, packages_select_by_dep=None, packages_skip_by_dep=None, packages_skip_up_to=None, packages_select_build_failed=False, packages_skip_build_finished=False, packages_select_test_failures=False, packages_skip_test_passed=False, packages_select=None, packages_skip=None, packages_select_regex=None, packages_skip_regex=None, packages_start=None, packages_end=None, allow_overriding=[], cmake_args=None, cmake_target=None, cmake_target_skip_unavailable=False, cmake_clean_cache=False, cmake_clean_first=False, cmake_force_configure=False, ament_cmake_args=None, catkin_cmake_args=None, catkin_skip_building_tests=False, verb_parser=<colcon_defaults.argument_parser.defaults.DefaultArgumentsDecorator object at 0x7e92c88c20e0>, verb_extension=<colcon_core.verb.build.BuildVerb object at 0x7e92c8a91420>, main=<bound method BuildVerb.main of <colcon_core.verb.build.BuildVerb object at 0x7e92c8a91420>>)
[0.246s] Level 1:colcon.colcon_core.package_discovery:discover_packages(colcon_meta) check parameters
[0.246s] Level 1:colcon.colcon_core.package_discovery:discover_packages(recursive) check parameters
[0.246s] Level 1:colcon.colcon_core.package_discovery:discover_packages(ignore) check parameters
[0.246s] Level 1:colcon.colcon_core.package_discovery:discover_packages(path) check parameters
[0.246s] Level 1:colcon.colcon_core.package_discovery:discover_packages(colcon_meta) discover
[0.246s] Level 1:colcon.colcon_core.package_discovery:discover_packages(recursive) discover
[0.246s] INFO:colcon.colcon_core.package_discovery:Crawling recursively for packages in '/home/juntae02/rokey_ws'
[0.246s] Level 1:colcon.colcon_core.package_identification:_identify(.) by extensions ['ignore', 'ignore_ament_install']
[0.246s] Level 1:colcon.colcon_core.package_identification:_identify(.) by extension 'ignore'
[0.246s] Level 1:colcon.colcon_core.package_identification:_identify(.) by extension 'ignore_ament_install'
[0.246s] Level 1:colcon.colcon_core.package_identification:_identify(.) by extensions ['colcon_pkg']
[0.246s] Level 1:colcon.colcon_core.package_identification:_identify(.) by extension 'colcon_pkg'
[0.246s] Level 1:colcon.colcon_core.package_identification:_identify(.) by extensions ['colcon_meta']
[0.246s] Level 1:colcon.colcon_core.package_identification:_identify(.) by extension 'colcon_meta'
[0.246s] Level 1:colcon.colcon_core.package_identification:_identify(.) by extensions ['ros']
[0.246s] Level 1:colcon.colcon_core.package_identification:_identify(.) by extension 'ros'
[0.254s] Level 1:colcon.colcon_core.package_identification:_identify(.) by extensions ['cmake', 'python']
[0.254s] Level 1:colcon.colcon_core.package_identification:_identify(.) by extension 'cmake'
[0.254s] Level 1:colcon.colcon_core.package_identification:_identify(.) by extension 'python'
[0.254s] Level 1:colcon.colcon_core.package_identification:_identify(.) by extensions ['python_setup_py']
[0.254s] Level 1:colcon.colcon_core.package_identification:_identify(.) by extension 'python_setup_py'
[0.255s] Level 1:colcon.colcon_core.package_identification:_identify(build) by extensions ['ignore', 'ignore_ament_install']
[0.255s] Level 1:colcon.colcon_core.package_identification:_identify(build) by extension 'ignore'
[0.255s] Level 1:colcon.colcon_core.package_identification:_identify(build) ignored
[0.255s] Level 1:colcon.colcon_core.package_identification:_identify(configs) by extensions ['ignore', 'ignore_ament_install']
[0.255s] Level 1:colcon.colcon_core.package_identification:_identify(configs) by extension 'ignore'
[0.255s] Level 1:colcon.colcon_core.package_identification:_identify(configs) by extension 'ignore_ament_install'
[0.255s] Level 1:colcon.colcon_core.package_identification:_identify(configs) by extensions ['colcon_pkg']
[0.255s] Level 1:colcon.colcon_core.package_identification:_identify(configs) by extension 'colcon_pkg'
[0.255s] Level 1:colcon.colcon_core.package_identification:_identify(configs) by extensions ['colcon_meta']
[0.255s] Level 1:colcon.colcon_core.package_identification:_identify(configs) by extension 'colcon_meta'
[0.255s] Level 1:colcon.colcon_core.package_identification:_identify(configs) by extensions ['ros']
[0.255s] Level 1:colcon.colcon_core.package_identification:_identify(configs) by extension 'ros'
[0.255s] Level 1:colcon.colcon_core.package_identification:_identify(configs) by extensions ['cmake', 'python']
[0.255s] Level 1:colcon.colcon_core.package_identification:_identify(configs) by extension 'cmake'
[0.255s] Level 1:colcon.colcon_core.package_identification:_identify(configs) by extension 'python'
[0.255s] Level 1:colcon.colcon_core.package_identification:_identify(configs) by extensions ['python_setup_py']
[0.255s] Level 1:colcon.colcon_core.package_identification:_identify(configs) by extension 'python_setup_py'
[0.255s] Level 1:colcon.colcon_core.package_identification:_identify(images) by extensions ['ignore', 'ignore_ament_install']
[0.255s] Level 1:colcon.colcon_core.package_identification:_identify(images) by extension 'ignore'
[0.255s] Level 1:colcon.colcon_core.package_identification:_identify(images) by extension 'ignore_ament_install'
[0.255s] Level 1:colcon.colcon_core.package_identification:_identify(images) by extensions ['colcon_pkg']
[0.255s] Level 1:colcon.colcon_core.package_identification:_identify(images) by extension 'colcon_pkg'
[0.255s] Level 1:colcon.colcon_core.package_identification:_identify(images) by extensions ['colcon_meta']
[0.255s] Level 1:colcon.colcon_core.package_identification:_identify(images) by extension 'colcon_meta'
[0.255s] Level 1:colcon.colcon_core.package_identification:_identify(images) by extensions ['ros']
[0.255s] Level 1:colcon.colcon_core.package_identification:_identify(images) by extension 'ros'
[0.255s] Level 1:colcon.colcon_core.package_identification:_identify(images) by extensions ['cmake', 'python']
[0.255s] Level 1:colcon.colcon_core.package_identification:_identify(images) by extension 'cmake'
[0.255s] Level 1:colcon.colcon_core.package_identification:_identify(images) by extension 'python'
[0.255s] Level 1:colcon.colcon_core.package_identification:_identify(images) by extensions ['python_setup_py']
[0.255s] Level 1:colcon.colcon_core.package_identification:_identify(images) by extension 'python_setup_py'
[0.256s] Level 1:colcon.colcon_core.package_identification:_identify(images_split) by extensions ['ignore', 'ignore_ament_install']
[0.256s] Level 1:colcon.colcon_core.package_identification:_identify(images_split) by extension 'ignore'
[0.256s] Level 1:colcon.colcon_core.package_identification:_identify(images_split) by extension 'ignore_ament_install'
[0.256s] Level 1:colcon.colcon_core.package_identification:_identify(images_split) by extensions ['colcon_pkg']
[0.256s] Level 1:colcon.colcon_core.package_identification:_identify(images_split) by extension 'colcon_pkg'
[0.256s] Level 1:colcon.colcon_core.package_identification:_identify(images_split) by extensions ['colcon_meta']
[0.256s] Level 1:colcon.colcon_core.package_identification:_identify(images_split) by extension 'colcon_meta'
[0.256s] Level 1:colcon.colcon_core.package_identification:_identify(images_split) by extensions ['ros']
[0.256s] Level 1:colcon.colcon_core.package_identification:_identify(images_split) by extension 'ros'
[0.256s] Level 1:colcon.colcon_core.package_identification:_identify(images_split) by extensions ['cmake', 'python']
[0.256s] Level 1:colcon.colcon_core.package_identification:_identify(images_split) by extension 'cmake'
[0.256s] Level 1:colcon.colcon_core.package_identification:_identify(images_split) by extension 'python'
[0.256s] Level 1:colcon.colcon_core.package_identification:_identify(images_split) by extensions ['python_setup_py']
[0.256s] Level 1:colcon.colcon_core.package_identification:_identify(images_split) by extension 'python_setup_py'
[0.256s] Level 1:colcon.colcon_core.package_identification:_identify(images_split/test) by extensions ['ignore', 'ignore_ament_install']
[0.256s] Level 1:colcon.colcon_core.package_identification:_identify(images_split/test) by extension 'ignore'
[0.256s] Level 1:colcon.colcon_core.package_identification:_identify(images_split/test) by extension 'ignore_ament_install'
[0.256s] Level 1:colcon.colcon_core.package_identification:_identify(images_split/test) by extensions ['colcon_pkg']
[0.256s] Level 1:colcon.colcon_core.package_identification:_identify(images_split/test) by extension 'colcon_pkg'
[0.256s] Level 1:colcon.colcon_core.package_identification:_identify(images_split/test) by extensions ['colcon_meta']
[0.256s] Level 1:colcon.colcon_core.package_identification:_identify(images_split/test) by extension 'colcon_meta'
[0.256s] Level 1:colcon.colcon_core.package_identification:_identify(images_split/test) by extensions ['ros']
[0.256s] Level 1:colcon.colcon_core.package_identification:_identify(images_split/test) by extension 'ros'
[0.256s] Level 1:colcon.colcon_core.package_identification:_identify(images_split/test) by extensions ['cmake', 'python']
[0.256s] Level 1:colcon.colcon_core.package_identification:_identify(images_split/test) by extension 'cmake'
[0.256s] Level 1:colcon.colcon_core.package_identification:_identify(images_split/test) by extension 'python'
[0.256s] Level 1:colcon.colcon_core.package_identification:_identify(images_split/test) by extensions ['python_setup_py']
[0.256s] Level 1:colcon.colcon_core.package_identification:_identify(images_split/test) by extension 'python_setup_py'
[0.256s] Level 1:colcon.colcon_core.package_identification:_identify(images_split/test/images) by extensions ['ignore', 'ignore_ament_install']
[0.256s] Level 1:colcon.colcon_core.package_identification:_identify(images_split/test/images) by extension 'ignore'
[0.256s] Level 1:colcon.colcon_core.package_identification:_identify(images_split/test/images) by extension 'ignore_ament_install'
[0.257s] Level 1:colcon.colcon_core.package_identification:_identify(images_split/test/images) by extensions ['colcon_pkg']
[0.257s] Level 1:colcon.colcon_core.package_identification:_identify(images_split/test/images) by extension 'colcon_pkg'
[0.257s] Level 1:colcon.colcon_core.package_identification:_identify(images_split/test/images) by extensions ['colcon_meta']
[0.257s] Level 1:colcon.colcon_core.package_identification:_identify(images_split/test/images) by extension 'colcon_meta'
[0.257s] Level 1:colcon.colcon_core.package_identification:_identify(images_split/test/images) by extensions ['ros']
[0.257s] Level 1:colcon.colcon_core.package_identification:_identify(images_split/test/images) by extension 'ros'
[0.257s] Level 1:colcon.colcon_core.package_identification:_identify(images_split/test/images) by extensions ['cmake', 'python']
[0.257s] Level 1:colcon.colcon_core.package_identification:_identify(images_split/test/images) by extension 'cmake'
[0.257s] Level 1:colcon.colcon_core.package_identification:_identify(images_split/test/images) by extension 'python'
[0.257s] Level 1:colcon.colcon_core.package_identification:_identify(images_split/test/images) by extensions ['python_setup_py']
[0.257s] Level 1:colcon.colcon_core.package_identification:_identify(images_split/test/images) by extension 'python_setup_py'
[0.257s] Level 1:colcon.colcon_core.package_identification:_identify(images_split/test/labels) by extensions ['ignore', 'ignore_ament_install']
[0.257s] Level 1:colcon.colcon_core.package_identification:_identify(images_split/test/labels) by extension 'ignore'
[0.257s] Level 1:colcon.colcon_core.package_identification:_identify(images_split/test/labels) by extension 'ignore_ament_install'
[0.257s] Level 1:colcon.colcon_core.package_identification:_identify(images_split/test/labels) by extensions ['colcon_pkg']
[0.257s] Level 1:colcon.colcon_core.package_identification:_identify(images_split/test/labels) by extension 'colcon_pkg'
[0.257s] Level 1:colcon.colcon_core.package_identification:_identify(images_split/test/labels) by extensions ['colcon_meta']
[0.257s] Level 1:colcon.colcon_core.package_identification:_identify(images_split/test/labels) by extension 'colcon_meta'
[0.257s] Level 1:colcon.colcon_core.package_identification:_identify(images_split/test/labels) by extensions ['ros']
[0.257s] Level 1:colcon.colcon_core.package_identification:_identify(images_split/test/labels) by extension 'ros'
[0.257s] Level 1:colcon.colcon_core.package_identification:_identify(images_split/test/labels) by extensions ['cmake', 'python']
[0.257s] Level 1:colcon.colcon_core.package_identification:_identify(images_split/test/labels) by extension 'cmake'
[0.257s] Level 1:colcon.colcon_core.package_identification:_identify(images_split/test/labels) by extension 'python'
[0.257s] Level 1:colcon.colcon_core.package_identification:_identify(images_split/test/labels) by extensions ['python_setup_py']
[0.257s] Level 1:colcon.colcon_core.package_identification:_identify(images_split/test/labels) by extension 'python_setup_py'
[0.257s] Level 1:colcon.colcon_core.package_identification:_identify(images_split/train) by extensions ['ignore', 'ignore_ament_install']
[0.257s] Level 1:colcon.colcon_core.package_identification:_identify(images_split/train) by extension 'ignore'
[0.257s] Level 1:colcon.colcon_core.package_identification:_identify(images_split/train) by extension 'ignore_ament_install'
[0.257s] Level 1:colcon.colcon_core.package_identification:_identify(images_split/train) by extensions ['colcon_pkg']
[0.257s] Level 1:colcon.colcon_core.package_identification:_identify(images_split/train) by extension 'colcon_pkg'
[0.257s] Level 1:colcon.colcon_core.package_identification:_identify(images_split/train) by extensions ['colcon_meta']
[0.257s] Level 1:colcon.colcon_core.package_identification:_identify(images_split/train) by extension 'colcon_meta'
[0.257s] Level 1:colcon.colcon_core.package_identification:_identify(images_split/train) by extensions ['ros']
[0.258s] Level 1:colcon.colcon_core.package_identification:_identify(images_split/train) by extension 'ros'
[0.258s] Level 1:colcon.colcon_core.package_identification:_identify(images_split/train) by extensions ['cmake', 'python']
[0.258s] Level 1:colcon.colcon_core.package_identification:_identify(images_split/train) by extension 'cmake'
[0.258s] Level 1:colcon.colcon_core.package_identification:_identify(images_split/train) by extension 'python'
[0.258s] Level 1:colcon.colcon_core.package_identification:_identify(images_split/train) by extensions ['python_setup_py']
[0.258s] Level 1:colcon.colcon_core.package_identification:_identify(images_split/train) by extension 'python_setup_py'
[0.258s] Level 1:colcon.colcon_core.package_identification:_identify(images_split/train/images) by extensions ['ignore', 'ignore_ament_install']
[0.258s] Level 1:colcon.colcon_core.package_identification:_identify(images_split/train/images) by extension 'ignore'
[0.258s] Level 1:colcon.colcon_core.package_identification:_identify(images_split/train/images) by extension 'ignore_ament_install'
[0.258s] Level 1:colcon.colcon_core.package_identification:_identify(images_split/train/images) by extensions ['colcon_pkg']
[0.258s] Level 1:colcon.colcon_core.package_identification:_identify(images_split/train/images) by extension 'colcon_pkg'
[0.258s] Level 1:colcon.colcon_core.package_identification:_identify(images_split/train/images) by extensions ['colcon_meta']
[0.258s] Level 1:colcon.colcon_core.package_identification:_identify(images_split/train/images) by extension 'colcon_meta'
[0.258s] Level 1:colcon.colcon_core.package_identification:_identify(images_split/train/images) by extensions ['ros']
[0.258s] Level 1:colcon.colcon_core.package_identification:_identify(images_split/train/images) by extension 'ros'
[0.258s] Level 1:colcon.colcon_core.package_identification:_identify(images_split/train/images) by extensions ['cmake', 'python']
[0.258s] Level 1:colcon.colcon_core.package_identification:_identify(images_split/train/images) by extension 'cmake'
[0.258s] Level 1:colcon.colcon_core.package_identification:_identify(images_split/train/images) by extension 'python'
[0.258s] Level 1:colcon.colcon_core.package_identification:_identify(images_split/train/images) by extensions ['python_setup_py']
[0.258s] Level 1:colcon.colcon_core.package_identification:_identify(images_split/train/images) by extension 'python_setup_py'
[0.258s] Level 1:colcon.colcon_core.package_identification:_identify(images_split/train/labels) by extensions ['ignore', 'ignore_ament_install']
[0.258s] Level 1:colcon.colcon_core.package_identification:_identify(images_split/train/labels) by extension 'ignore'
[0.258s] Level 1:colcon.colcon_core.package_identification:_identify(images_split/train/labels) by extension 'ignore_ament_install'
[0.258s] Level 1:colcon.colcon_core.package_identification:_identify(images_split/train/labels) by extensions ['colcon_pkg']
[0.258s] Level 1:colcon.colcon_core.package_identification:_identify(images_split/train/labels) by extension 'colcon_pkg'
[0.258s] Level 1:colcon.colcon_core.package_identification:_identify(images_split/train/labels) by extensions ['colcon_meta']
[0.258s] Level 1:colcon.colcon_core.package_identification:_identify(images_split/train/labels) by extension 'colcon_meta'
[0.258s] Level 1:colcon.colcon_core.package_identification:_identify(images_split/train/labels) by extensions ['ros']
[0.258s] Level 1:colcon.colcon_core.package_identification:_identify(images_split/train/labels) by extension 'ros'
[0.258s] Level 1:colcon.colcon_core.package_identification:_identify(images_split/train/labels) by extensions ['cmake', 'python']
[0.258s] Level 1:colcon.colcon_core.package_identification:_identify(images_split/train/labels) by extension 'cmake'
[0.258s] Level 1:colcon.colcon_core.package_identification:_identify(images_split/train/labels) by extension 'python'
[0.258s] Level 1:colcon.colcon_core.package_identification:_identify(images_split/train/labels) by extensions ['python_setup_py']
[0.259s] Level 1:colcon.colcon_core.package_identification:_identify(images_split/train/labels) by extension 'python_setup_py'
[0.259s] Level 1:colcon.colcon_core.package_identification:_identify(images_split/val) by extensions ['ignore', 'ignore_ament_install']
[0.259s] Level 1:colcon.colcon_core.package_identification:_identify(images_split/val) by extension 'ignore'
[0.259s] Level 1:colcon.colcon_core.package_identification:_identify(images_split/val) by extension 'ignore_ament_install'
[0.259s] Level 1:colcon.colcon_core.package_identification:_identify(images_split/val) by extensions ['colcon_pkg']
[0.259s] Level 1:colcon.colcon_core.package_identification:_identify(images_split/val) by extension 'colcon_pkg'
[0.259s] Level 1:colcon.colcon_core.package_identification:_identify(images_split/val) by extensions ['colcon_meta']
[0.259s] Level 1:colcon.colcon_core.package_identification:_identify(images_split/val) by extension 'colcon_meta'
[0.259s] Level 1:colcon.colcon_core.package_identification:_identify(images_split/val) by extensions ['ros']
[0.259s] Level 1:colcon.colcon_core.package_identification:_identify(images_split/val) by extension 'ros'
[0.259s] Level 1:colcon.colcon_core.package_identification:_identify(images_split/val) by extensions ['cmake', 'python']
[0.259s] Level 1:colcon.colcon_core.package_identification:_identify(images_split/val) by extension 'cmake'
[0.259s] Level 1:colcon.colcon_core.package_identification:_identify(images_split/val) by extension 'python'
[0.259s] Level 1:colcon.colcon_core.package_identification:_identify(images_split/val) by extensions ['python_setup_py']
[0.259s] Level 1:colcon.colcon_core.package_identification:_identify(images_split/val) by extension 'python_setup_py'
[0.259s] Level 1:colcon.colcon_core.package_identification:_identify(images_split/val/images) by extensions ['ignore', 'ignore_ament_install']
[0.259s] Level 1:colcon.colcon_core.package_identification:_identify(images_split/val/images) by extension 'ignore'
[0.259s] Level 1:colcon.colcon_core.package_identification:_identify(images_split/val/images) by extension 'ignore_ament_install'
[0.259s] Level 1:colcon.colcon_core.package_identification:_identify(images_split/val/images) by extensions ['colcon_pkg']
[0.259s] Level 1:colcon.colcon_core.package_identification:_identify(images_split/val/images) by extension 'colcon_pkg'
[0.259s] Level 1:colcon.colcon_core.package_identification:_identify(images_split/val/images) by extensions ['colcon_meta']
[0.259s] Level 1:colcon.colcon_core.package_identification:_identify(images_split/val/images) by extension 'colcon_meta'
[0.259s] Level 1:colcon.colcon_core.package_identification:_identify(images_split/val/images) by extensions ['ros']
[0.259s] Level 1:colcon.colcon_core.package_identification:_identify(images_split/val/images) by extension 'ros'
[0.259s] Level 1:colcon.colcon_core.package_identification:_identify(images_split/val/images) by extensions ['cmake', 'python']
[0.259s] Level 1:colcon.colcon_core.package_identification:_identify(images_split/val/images) by extension 'cmake'
[0.259s] Level 1:colcon.colcon_core.package_identification:_identify(images_split/val/images) by extension 'python'
[0.259s] Level 1:colcon.colcon_core.package_identification:_identify(images_split/val/images) by extensions ['python_setup_py']
[0.259s] Level 1:colcon.colcon_core.package_identification:_identify(images_split/val/images) by extension 'python_setup_py'
[0.259s] Level 1:colcon.colcon_core.package_identification:_identify(images_split/val/labels) by extensions ['ignore', 'ignore_ament_install']
[0.260s] Level 1:colcon.colcon_core.package_identification:_identify(images_split/val/labels) by extension 'ignore'
[0.260s] Level 1:colcon.colcon_core.package_identification:_identify(images_split/val/labels) by extension 'ignore_ament_install'
[0.260s] Level 1:colcon.colcon_core.package_identification:_identify(images_split/val/labels) by extensions ['colcon_pkg']
[0.260s] Level 1:colcon.colcon_core.package_identification:_identify(images_split/val/labels) by extension 'colcon_pkg'
[0.260s] Level 1:colcon.colcon_core.package_identification:_identify(images_split/val/labels) by extensions ['colcon_meta']
[0.260s] Level 1:colcon.colcon_core.package_identification:_identify(images_split/val/labels) by extension 'colcon_meta'
[0.260s] Level 1:colcon.colcon_core.package_identification:_identify(images_split/val/labels) by extensions ['ros']
[0.260s] Level 1:colcon.colcon_core.package_identification:_identify(images_split/val/labels) by extension 'ros'
[0.260s] Level 1:colcon.colcon_core.package_identification:_identify(images_split/val/labels) by extensions ['cmake', 'python']
[0.260s] Level 1:colcon.colcon_core.package_identification:_identify(images_split/val/labels) by extension 'cmake'
[0.260s] Level 1:colcon.colcon_core.package_identification:_identify(images_split/val/labels) by extension 'python'
[0.260s] Level 1:colcon.colcon_core.package_identification:_identify(images_split/val/labels) by extensions ['python_setup_py']
[0.260s] Level 1:colcon.colcon_core.package_identification:_identify(images_split/val/labels) by extension 'python_setup_py'
[0.260s] Level 1:colcon.colcon_core.package_identification:_identify(install) by extensions ['ignore', 'ignore_ament_install']
[0.260s] Level 1:colcon.colcon_core.package_identification:_identify(install) by extension 'ignore'
[0.260s] Level 1:colcon.colcon_core.package_identification:_identify(install) ignored
[0.260s] Level 1:colcon.colcon_core.package_identification:_identify(log) by extensions ['ignore', 'ignore_ament_install']
[0.260s] Level 1:colcon.colcon_core.package_identification:_identify(log) by extension 'ignore'
[0.260s] Level 1:colcon.colcon_core.package_identification:_identify(log) ignored
[0.260s] Level 1:colcon.colcon_core.package_identification:_identify(maps) by extensions ['ignore', 'ignore_ament_install']
[0.260s] Level 1:colcon.colcon_core.package_identification:_identify(maps) by extension 'ignore'
[0.260s] Level 1:colcon.colcon_core.package_identification:_identify(maps) by extension 'ignore_ament_install'
[0.260s] Level 1:colcon.colcon_core.package_identification:_identify(maps) by extensions ['colcon_pkg']
[0.260s] Level 1:colcon.colcon_core.package_identification:_identify(maps) by extension 'colcon_pkg'
[0.260s] Level 1:colcon.colcon_core.package_identification:_identify(maps) by extensions ['colcon_meta']
[0.260s] Level 1:colcon.colcon_core.package_identification:_identify(maps) by extension 'colcon_meta'
[0.260s] Level 1:colcon.colcon_core.package_identification:_identify(maps) by extensions ['ros']
[0.260s] Level 1:colcon.colcon_core.package_identification:_identify(maps) by extension 'ros'
[0.260s] Level 1:colcon.colcon_core.package_identification:_identify(maps) by extensions ['cmake', 'python']
[0.260s] Level 1:colcon.colcon_core.package_identification:_identify(maps) by extension 'cmake'
[0.261s] Level 1:colcon.colcon_core.package_identification:_identify(maps) by extension 'python'
[0.261s] Level 1:colcon.colcon_core.package_identification:_identify(maps) by extensions ['python_setup_py']
[0.261s] Level 1:colcon.colcon_core.package_identification:_identify(maps) by extension 'python_setup_py'
[0.261s] Level 1:colcon.colcon_core.package_identification:_identify(src) by extensions ['ignore', 'ignore_ament_install']
[0.261s] Level 1:colcon.colcon_core.package_identification:_identify(src) by extension 'ignore'
[0.261s] Level 1:colcon.colcon_core.package_identification:_identify(src) by extension 'ignore_ament_install'
[0.261s] Level 1:colcon.colcon_core.package_identification:_identify(src) by extensions ['colcon_pkg']
[0.261s] Level 1:colcon.colcon_core.package_identification:_identify(src) by extension 'colcon_pkg'
[0.261s] Level 1:colcon.colcon_core.package_identification:_identify(src) by extensions ['colcon_meta']
[0.261s] Level 1:colcon.colcon_core.package_identification:_identify(src) by extension 'colcon_meta'
[0.261s] Level 1:colcon.colcon_core.package_identification:_identify(src) by extensions ['ros']
[0.261s] Level 1:colcon.colcon_core.package_identification:_identify(src) by extension 'ros'
[0.261s] Level 1:colcon.colcon_core.package_identification:_identify(src) by extensions ['cmake', 'python']
[0.261s] Level 1:colcon.colcon_core.package_identification:_identify(src) by extension 'cmake'
[0.261s] Level 1:colcon.colcon_core.package_identification:_identify(src) by extension 'python'
[0.261s] Level 1:colcon.colcon_core.package_identification:_identify(src) by extensions ['python_setup_py']
[0.261s] Level 1:colcon.colcon_core.package_identification:_identify(src) by extension 'python_setup_py'
[0.261s] Level 1:colcon.colcon_core.package_identification:_identify(src/for_git) by extensions ['ignore', 'ignore_ament_install']
[0.261s] Level 1:colcon.colcon_core.package_identification:_identify(src/for_git) by extension 'ignore'
[0.261s] Level 1:colcon.colcon_core.package_identification:_identify(src/for_git) by extension 'ignore_ament_install'
[0.261s] Level 1:colcon.colcon_core.package_identification:_identify(src/for_git) by extensions ['colcon_pkg']
[0.261s] Level 1:colcon.colcon_core.package_identification:_identify(src/for_git) by extension 'colcon_pkg'
[0.261s] Level 1:colcon.colcon_core.package_identification:_identify(src/for_git) by extensions ['colcon_meta']
[0.261s] Level 1:colcon.colcon_core.package_identification:_identify(src/for_git) by extension 'colcon_meta'
[0.261s] Level 1:colcon.colcon_core.package_identification:_identify(src/for_git) by extensions ['ros']
[0.261s] Level 1:colcon.colcon_core.package_identification:_identify(src/for_git) by extension 'ros'
[0.261s] Level 1:colcon.colcon_core.package_identification:_identify(src/for_git) by extensions ['cmake', 'python']
[0.261s] Level 1:colcon.colcon_core.package_identification:_identify(src/for_git) by extension 'cmake'
[0.261s] Level 1:colcon.colcon_core.package_identification:_identify(src/for_git) by extension 'python'
[0.261s] Level 1:colcon.colcon_core.package_identification:_identify(src/for_git) by extensions ['python_setup_py']
[0.261s] Level 1:colcon.colcon_core.package_identification:_identify(src/for_git) by extension 'python_setup_py'
[0.261s] Level 1:colcon.colcon_core.package_identification:_identify(src/images) by extensions ['ignore', 'ignore_ament_install']
[0.262s] Level 1:colcon.colcon_core.package_identification:_identify(src/images) by extension 'ignore'
[0.262s] Level 1:colcon.colcon_core.package_identification:_identify(src/images) by extension 'ignore_ament_install'
[0.262s] Level 1:colcon.colcon_core.package_identification:_identify(src/images) by extensions ['colcon_pkg']
[0.262s] Level 1:colcon.colcon_core.package_identification:_identify(src/images) by extension 'colcon_pkg'
[0.262s] Level 1:colcon.colcon_core.package_identification:_identify(src/images) by extensions ['colcon_meta']
[0.262s] Level 1:colcon.colcon_core.package_identification:_identify(src/images) by extension 'colcon_meta'
[0.262s] Level 1:colcon.colcon_core.package_identification:_identify(src/images) by extensions ['ros']
[0.262s] Level 1:colcon.colcon_core.package_identification:_identify(src/images) by extension 'ros'
[0.262s] Level 1:colcon.colcon_core.package_identification:_identify(src/images) by extensions ['cmake', 'python']
[0.262s] Level 1:colcon.colcon_core.package_identification:_identify(src/images) by extension 'cmake'
[0.262s] Level 1:colcon.colcon_core.package_identification:_identify(src/images) by extension 'python'
[0.262s] Level 1:colcon.colcon_core.package_identification:_identify(src/images) by extensions ['python_setup_py']
[0.262s] Level 1:colcon.colcon_core.package_identification:_identify(src/images) by extension 'python_setup_py'
[0.262s] Level 1:colcon.colcon_core.package_identification:_identify(src/img_capture) by extensions ['ignore', 'ignore_ament_install']
[0.262s] Level 1:colcon.colcon_core.package_identification:_identify(src/img_capture) by extension 'ignore'
[0.262s] Level 1:colcon.colcon_core.package_identification:_identify(src/img_capture) by extension 'ignore_ament_install'
[0.262s] Level 1:colcon.colcon_core.package_identification:_identify(src/img_capture) by extensions ['colcon_pkg']
[0.262s] Level 1:colcon.colcon_core.package_identification:_identify(src/img_capture) by extension 'colcon_pkg'
[0.262s] Level 1:colcon.colcon_core.package_identification:_identify(src/img_capture) by extensions ['colcon_meta']
[0.262s] Level 1:colcon.colcon_core.package_identification:_identify(src/img_capture) by extension 'colcon_meta'
[0.262s] Level 1:colcon.colcon_core.package_identification:_identify(src/img_capture) by extensions ['ros']
[0.262s] Level 1:colcon.colcon_core.package_identification:_identify(src/img_capture) by extension 'ros'
[0.262s] Level 1:colcon.colcon_core.package_identification:_identify(src/img_capture) by extensions ['cmake', 'python']
[0.262s] Level 1:colcon.colcon_core.package_identification:_identify(src/img_capture) by extension 'cmake'
[0.262s] Level 1:colcon.colcon_core.package_identification:_identify(src/img_capture) by extension 'python'
[0.262s] Level 1:colcon.colcon_core.package_identification:_identify(src/img_capture) by extensions ['python_setup_py']
[0.262s] Level 1:colcon.colcon_core.package_identification:_identify(src/img_capture) by extension 'python_setup_py'
[0.262s] Level 1:colcon.colcon_core.package_identification:_identify(src/m-explore-ros2) by extensions ['ignore', 'ignore_ament_install']
[0.262s] Level 1:colcon.colcon_core.package_identification:_identify(src/m-explore-ros2) by extension 'ignore'
[0.262s] Level 1:colcon.colcon_core.package_identification:_identify(src/m-explore-ros2) by extension 'ignore_ament_install'
[0.262s] Level 1:colcon.colcon_core.package_identification:_identify(src/m-explore-ros2) by extensions ['colcon_pkg']
[0.262s] Level 1:colcon.colcon_core.package_identification:_identify(src/m-explore-ros2) by extension 'colcon_pkg'
[0.262s] Level 1:colcon.colcon_core.package_identification:_identify(src/m-explore-ros2) by extensions ['colcon_meta']
[0.263s] Level 1:colcon.colcon_core.package_identification:_identify(src/m-explore-ros2) by extension 'colcon_meta'
[0.263s] Level 1:colcon.colcon_core.package_identification:_identify(src/m-explore-ros2) by extensions ['ros']
[0.263s] Level 1:colcon.colcon_core.package_identification:_identify(src/m-explore-ros2) by extension 'ros'
[0.263s] Level 1:colcon.colcon_core.package_identification:_identify(src/m-explore-ros2) by extensions ['cmake', 'python']
[0.263s] Level 1:colcon.colcon_core.package_identification:_identify(src/m-explore-ros2) by extension 'cmake'
[0.263s] Level 1:colcon.colcon_core.package_identification:_identify(src/m-explore-ros2) by extension 'python'
[0.263s] Level 1:colcon.colcon_core.package_identification:_identify(src/m-explore-ros2) by extensions ['python_setup_py']
[0.263s] Level 1:colcon.colcon_core.package_identification:_identify(src/m-explore-ros2) by extension 'python_setup_py'
[0.263s] Level 1:colcon.colcon_core.package_identification:_identify(src/m-explore-ros2/explore) by extensions ['ignore', 'ignore_ament_install']
[0.263s] Level 1:colcon.colcon_core.package_identification:_identify(src/m-explore-ros2/explore) by extension 'ignore'
[0.263s] Level 1:colcon.colcon_core.package_identification:_identify(src/m-explore-ros2/explore) by extension 'ignore_ament_install'
[0.263s] Level 1:colcon.colcon_core.package_identification:_identify(src/m-explore-ros2/explore) by extensions ['colcon_pkg']
[0.263s] Level 1:colcon.colcon_core.package_identification:_identify(src/m-explore-ros2/explore) by extension 'colcon_pkg'
[0.263s] Level 1:colcon.colcon_core.package_identification:_identify(src/m-explore-ros2/explore) by extensions ['colcon_meta']
[0.263s] Level 1:colcon.colcon_core.package_identification:_identify(src/m-explore-ros2/explore) by extension 'colcon_meta'
[0.263s] Level 1:colcon.colcon_core.package_identification:_identify(src/m-explore-ros2/explore) by extensions ['ros']
[0.263s] Level 1:colcon.colcon_core.package_identification:_identify(src/m-explore-ros2/explore) by extension 'ros'
[0.265s] DEBUG:colcon.colcon_core.package_identification:Package 'src/m-explore-ros2/explore' with type 'ros.ament_cmake' and name 'explore_lite'
[0.265s] Level 1:colcon.colcon_core.package_identification:_identify(src/m-explore-ros2/map_merge) by extensions ['ignore', 'ignore_ament_install']
[0.266s] Level 1:colcon.colcon_core.package_identification:_identify(src/m-explore-ros2/map_merge) by extension 'ignore'
[0.266s] Level 1:colcon.colcon_core.package_identification:_identify(src/m-explore-ros2/map_merge) by extension 'ignore_ament_install'
[0.266s] Level 1:colcon.colcon_core.package_identification:_identify(src/m-explore-ros2/map_merge) by extensions ['colcon_pkg']
[0.266s] Level 1:colcon.colcon_core.package_identification:_identify(src/m-explore-ros2/map_merge) by extension 'colcon_pkg'
[0.266s] Level 1:colcon.colcon_core.package_identification:_identify(src/m-explore-ros2/map_merge) by extensions ['colcon_meta']
[0.266s] Level 1:colcon.colcon_core.package_identification:_identify(src/m-explore-ros2/map_merge) by extension 'colcon_meta'
[0.266s] Level 1:colcon.colcon_core.package_identification:_identify(src/m-explore-ros2/map_merge) by extensions ['ros']
[0.266s] Level 1:colcon.colcon_core.package_identification:_identify(src/m-explore-ros2/map_merge) by extension 'ros'
[0.266s] DEBUG:colcon.colcon_core.package_identification:Package 'src/m-explore-ros2/map_merge' with type 'ros.ament_cmake' and name 'multirobot_map_merge'
[0.267s] Level 1:colcon.colcon_core.package_identification:_identify(src/make_img) by extensions ['ignore', 'ignore_ament_install']
[0.267s] Level 1:colcon.colcon_core.package_identification:_identify(src/make_img) by extension 'ignore'
[0.267s] Level 1:colcon.colcon_core.package_identification:_identify(src/make_img) by extension 'ignore_ament_install'
[0.267s] Level 1:colcon.colcon_core.package_identification:_identify(src/make_img) by extensions ['colcon_pkg']
[0.267s] Level 1:colcon.colcon_core.package_identification:_identify(src/make_img) by extension 'colcon_pkg'
[0.267s] Level 1:colcon.colcon_core.package_identification:_identify(src/make_img) by extensions ['colcon_meta']
[0.267s] Level 1:colcon.colcon_core.package_identification:_identify(src/make_img) by extension 'colcon_meta'
[0.267s] Level 1:colcon.colcon_core.package_identification:_identify(src/make_img) by extensions ['ros']
[0.267s] Level 1:colcon.colcon_core.package_identification:_identify(src/make_img) by extension 'ros'
[0.267s] Level 1:colcon.colcon_core.package_identification:_identify(src/make_img) by extensions ['cmake', 'python']
[0.267s] Level 1:colcon.colcon_core.package_identification:_identify(src/make_img) by extension 'cmake'
[0.267s] Level 1:colcon.colcon_core.package_identification:_identify(src/make_img) by extension 'python'
[0.267s] Level 1:colcon.colcon_core.package_identification:_identify(src/make_img) by extensions ['python_setup_py']
[0.267s] Level 1:colcon.colcon_core.package_identification:_identify(src/make_img) by extension 'python_setup_py'
[0.267s] Level 1:colcon.colcon_core.package_identification:_identify(src/rokey_pjt) by extensions ['ignore', 'ignore_ament_install']
[0.267s] Level 1:colcon.colcon_core.package_identification:_identify(src/rokey_pjt) by extension 'ignore'
[0.267s] Level 1:colcon.colcon_core.package_identification:_identify(src/rokey_pjt) by extension 'ignore_ament_install'
[0.267s] Level 1:colcon.colcon_core.package_identification:_identify(src/rokey_pjt) by extensions ['colcon_pkg']
[0.267s] Level 1:colcon.colcon_core.package_identification:_identify(src/rokey_pjt) by extension 'colcon_pkg'
[0.267s] Level 1:colcon.colcon_core.package_identification:_identify(src/rokey_pjt) by extensions ['colcon_meta']
[0.267s] Level 1:colcon.colcon_core.package_identification:_identify(src/rokey_pjt) by extension 'colcon_meta'
[0.267s] Level 1:colcon.colcon_core.package_identification:_identify(src/rokey_pjt) by extensions ['ros']
[0.267s] Level 1:colcon.colcon_core.package_identification:_identify(src/rokey_pjt) by extension 'ros'
[0.268s] DEBUG:colcon.colcon_core.package_identification:Package 'src/rokey_pjt' with type 'ros.ament_python' and name 'rokey_pjt'
[0.268s] Level 1:colcon.colcon_core.package_identification:_identify(src/turtlebot4_beep) by extensions ['ignore', 'ignore_ament_install']
[0.268s] Level 1:colcon.colcon_core.package_identification:_identify(src/turtlebot4_beep) by extension 'ignore'
[0.268s] Level 1:colcon.colcon_core.package_identification:_identify(src/turtlebot4_beep) by extension 'ignore_ament_install'
[0.268s] Level 1:colcon.colcon_core.package_identification:_identify(src/turtlebot4_beep) by extensions ['colcon_pkg']
[0.268s] Level 1:colcon.colcon_core.package_identification:_identify(src/turtlebot4_beep) by extension 'colcon_pkg'
[0.268s] Level 1:colcon.colcon_core.package_identification:_identify(src/turtlebot4_beep) by extensions ['colcon_meta']
[0.268s] Level 1:colcon.colcon_core.package_identification:_identify(src/turtlebot4_beep) by extension 'colcon_meta'
[0.268s] Level 1:colcon.colcon_core.package_identification:_identify(src/turtlebot4_beep) by extensions ['ros']
[0.268s] Level 1:colcon.colcon_core.package_identification:_identify(src/turtlebot4_beep) by extension 'ros'
[0.268s] DEBUG:colcon.colcon_core.package_identification:Package 'src/turtlebot4_beep' with type 'ros.ament_python' and name 'turtlebot4_beep'
[0.268s] Level 1:colcon.colcon_core.package_identification:_identify(src/yolov8_ros) by extensions ['ignore', 'ignore_ament_install']
[0.268s] Level 1:colcon.colcon_core.package_identification:_identify(src/yolov8_ros) by extension 'ignore'
[0.268s] Level 1:colcon.colcon_core.package_identification:_identify(src/yolov8_ros) by extension 'ignore_ament_install'
[0.268s] Level 1:colcon.colcon_core.package_identification:_identify(src/yolov8_ros) by extensions ['colcon_pkg']
[0.268s] Level 1:colcon.colcon_core.package_identification:_identify(src/yolov8_ros) by extension 'colcon_pkg'
[0.268s] Level 1:colcon.colcon_core.package_identification:_identify(src/yolov8_ros) by extensions ['colcon_meta']
[0.268s] Level 1:colcon.colcon_core.package_identification:_identify(src/yolov8_ros) by extension 'colcon_meta'
[0.268s] Level 1:colcon.colcon_core.package_identification:_identify(src/yolov8_ros) by extensions ['ros']
[0.269s] Level 1:colcon.colcon_core.package_identification:_identify(src/yolov8_ros) by extension 'ros'
[0.269s] DEBUG:colcon.colcon_core.package_identification:Package 'src/yolov8_ros' with type 'ros.ament_python' and name 'yolov8_ros'
[0.269s] Level 1:colcon.colcon_core.package_discovery:discover_packages(recursive) using defaults
[0.269s] Level 1:colcon.colcon_core.package_discovery:discover_packages(ignore) discover
[0.269s] Level 1:colcon.colcon_core.package_discovery:discover_packages(ignore) using defaults
[0.269s] Level 1:colcon.colcon_core.package_discovery:discover_packages(path) discover
[0.269s] Level 1:colcon.colcon_core.package_discovery:discover_packages(path) using defaults
[0.282s] Level 1:colcon.colcon_core.package_discovery:discover_packages(prefix_path) check parameters
[0.282s] Level 1:colcon.colcon_core.package_discovery:discover_packages(prefix_path) discover
[0.284s] DEBUG:colcon.colcon_installed_package_information.package_discovery:Found 8 installed packages in /home/juntae02/turtlebot4_ws/install
[0.285s] DEBUG:colcon.colcon_installed_package_information.package_discovery:Found 410 installed packages in /opt/ros/humble
[0.287s] Level 1:colcon.colcon_core.package_discovery:discover_packages(prefix_path) using defaults
[0.317s] Level 5:colcon.colcon_core.verb:set package 'explore_lite' build argument 'cmake_args' from command line to 'None'
[0.317s] Level 5:colcon.colcon_core.verb:set package 'explore_lite' build argument 'cmake_target' from command line to 'None'
[0.317s] Level 5:colcon.colcon_core.verb:set package 'explore_lite' build argument 'cmake_target_skip_unavailable' from command line to 'False'
[0.317s] Level 5:colcon.colcon_core.verb:set package 'explore_lite' build argument 'cmake_clean_cache' from command line to 'False'
[0.317s] Level 5:colcon.colcon_core.verb:set package 'explore_lite' build argument 'cmake_clean_first' from command line to 'False'
[0.317s] Level 5:colcon.colcon_core.verb:set package 'explore_lite' build argument 'cmake_force_configure' from command line to 'False'
[0.317s] Level 5:colcon.colcon_core.verb:set package 'explore_lite' build argument 'ament_cmake_args' from command line to 'None'
[0.317s] Level 5:colcon.colcon_core.verb:set package 'explore_lite' build argument 'catkin_cmake_args' from command line to 'None'
[0.317s] Level 5:colcon.colcon_core.verb:set package 'explore_lite' build argument 'catkin_skip_building_tests' from command line to 'False'
[0.317s] DEBUG:colcon.colcon_core.verb:Building package 'explore_lite' with the following arguments: {'ament_cmake_args': None, 'build_base': '/home/juntae02/rokey_ws/build/explore_lite', 'catkin_cmake_args': None, 'catkin_skip_building_tests': False, 'cmake_args': None, 'cmake_clean_cache': False, 'cmake_clean_first': False, 'cmake_force_configure': False, 'cmake_target': None, 'cmake_target_skip_unavailable': False, 'install_base': '/home/juntae02/rokey_ws/install/explore_lite', 'merge_install': False, 'path': '/home/juntae02/rokey_ws/src/m-explore-ros2/explore', 'symlink_install': False, 'test_result_base': None}
[0.318s] Level 5:colcon.colcon_core.verb:set package 'multirobot_map_merge' build argument 'cmake_args' from command line to 'None'
[0.318s] Level 5:colcon.colcon_core.verb:set package 'multirobot_map_merge' build argument 'cmake_target' from command line to 'None'
[0.318s] Level 5:colcon.colcon_core.verb:set package 'multirobot_map_merge' build argument 'cmake_target_skip_unavailable' from command line to 'False'
[0.318s] Level 5:colcon.colcon_core.verb:set package 'multirobot_map_merge' build argument 'cmake_clean_cache' from command line to 'False'
[0.318s] Level 5:colcon.colcon_core.verb:set package 'multirobot_map_merge' build argument 'cmake_clean_first' from command line to 'False'
[0.318s] Level 5:colcon.colcon_core.verb:set package 'multirobot_map_merge' build argument 'cmake_force_configure' from command line to 'False'
[0.318s] Level 5:colcon.colcon_core.verb:set package 'multirobot_map_merge' build argument 'ament_cmake_args' from command line to 'None'
[0.318s] Level 5:colcon.colcon_core.verb:set package 'multirobot_map_merge' build argument 'catkin_cmake_args' from command line to 'None'
[0.318s] Level 5:colcon.colcon_core.verb:set package 'multirobot_map_merge' build argument 'catkin_skip_building_tests' from command line to 'False'
[0.318s] DEBUG:colcon.colcon_core.verb:Building package 'multirobot_map_merge' with the following arguments: {'ament_cmake_args': None, 'build_base': '/home/juntae02/rokey_ws/build/multirobot_map_merge', 'catkin_cmake_args': None, 'catkin_skip_building_tests': False, 'cmake_args': None, 'cmake_clean_cache': False, 'cmake_clean_first': False, 'cmake_force_configure': False, 'cmake_target': None, 'cmake_target_skip_unavailable': False, 'install_base': '/home/juntae02/rokey_ws/install/multirobot_map_merge', 'merge_install': False, 'path': '/home/juntae02/rokey_ws/src/m-explore-ros2/map_merge', 'symlink_install': False, 'test_result_base': None}
[0.318s] Level 5:colcon.colcon_core.verb:set package 'rokey_pjt' build argument 'cmake_args' from command line to 'None'
[0.318s] Level 5:colcon.colcon_core.verb:set package 'rokey_pjt' build argument 'cmake_target' from command line to 'None'
[0.318s] Level 5:colcon.colcon_core.verb:set package 'rokey_pjt' build argument 'cmake_target_skip_unavailable' from command line to 'False'
[0.318s] Level 5:colcon.colcon_core.verb:set package 'rokey_pjt' build argument 'cmake_clean_cache' from command line to 'False'
[0.318s] Level 5:colcon.colcon_core.verb:set package 'rokey_pjt' build argument 'cmake_clean_first' from command line to 'False'
[0.318s] Level 5:colcon.colcon_core.verb:set package 'rokey_pjt' build argument 'cmake_force_configure' from command line to 'False'
[0.318s] Level 5:colcon.colcon_core.verb:set package 'rokey_pjt' build argument 'ament_cmake_args' from command line to 'None'
[0.318s] Level 5:colcon.colcon_core.verb:set package 'rokey_pjt' build argument 'catkin_cmake_args' from command line to 'None'
[0.318s] Level 5:colcon.colcon_core.verb:set package 'rokey_pjt' build argument 'catkin_skip_building_tests' from command line to 'False'
[0.318s] DEBUG:colcon.colcon_core.verb:Building package 'rokey_pjt' with the following arguments: {'ament_cmake_args': None, 'build_base': '/home/juntae02/rokey_ws/build/rokey_pjt', 'catkin_cmake_args': None, 'catkin_skip_building_tests': False, 'cmake_args': None, 'cmake_clean_cache': False, 'cmake_clean_first': False, 'cmake_force_configure': False, 'cmake_target': None, 'cmake_target_skip_unavailable': False, 'install_base': '/home/juntae02/rokey_ws/install/rokey_pjt', 'merge_install': False, 'path': '/home/juntae02/rokey_ws/src/rokey_pjt', 'symlink_install': False, 'test_result_base': None}
[0.318s] Level 5:colcon.colcon_core.verb:set package 'turtlebot4_beep' build argument 'cmake_args' from command line to 'None'
[0.318s] Level 5:colcon.colcon_core.verb:set package 'turtlebot4_beep' build argument 'cmake_target' from command line to 'None'
[0.318s] Level 5:colcon.colcon_core.verb:set package 'turtlebot4_beep' build argument 'cmake_target_skip_unavailable' from command line to 'False'
[0.319s] Level 5:colcon.colcon_core.verb:set package 'turtlebot4_beep' build argument 'cmake_clean_cache' from command line to 'False'
[0.319s] Level 5:colcon.colcon_core.verb:set package 'turtlebot4_beep' build argument 'cmake_clean_first' from command line to 'False'
[0.319s] Level 5:colcon.colcon_core.verb:set package 'turtlebot4_beep' build argument 'cmake_force_configure' from command line to 'False'
[0.319s] Level 5:colcon.colcon_core.verb:set package 'turtlebot4_beep' build argument 'ament_cmake_args' from command line to 'None'
[0.319s] Level 5:colcon.colcon_core.verb:set package 'turtlebot4_beep' build argument 'catkin_cmake_args' from command line to 'None'
[0.319s] Level 5:colcon.colcon_core.verb:set package 'turtlebot4_beep' build argument 'catkin_skip_building_tests' from command line to 'False'
[0.319s] DEBUG:colcon.colcon_core.verb:Building package 'turtlebot4_beep' with the following arguments: {'ament_cmake_args': None, 'build_base': '/home/juntae02/rokey_ws/build/turtlebot4_beep', 'catkin_cmake_args': None, 'catkin_skip_building_tests': False, 'cmake_args': None, 'cmake_clean_cache': False, 'cmake_clean_first': False, 'cmake_force_configure': False, 'cmake_target': None, 'cmake_target_skip_unavailable': False, 'install_base': '/home/juntae02/rokey_ws/install/turtlebot4_beep', 'merge_install': False, 'path': '/home/juntae02/rokey_ws/src/turtlebot4_beep', 'symlink_install': False, 'test_result_base': None}
[0.319s] Level 5:colcon.colcon_core.verb:set package 'yolov8_ros' build argument 'cmake_args' from command line to 'None'
[0.319s] Level 5:colcon.colcon_core.verb:set package 'yolov8_ros' build argument 'cmake_target' from command line to 'None'
[0.319s] Level 5:colcon.colcon_core.verb:set package 'yolov8_ros' build argument 'cmake_target_skip_unavailable' from command line to 'False'
[0.319s] Level 5:colcon.colcon_core.verb:set package 'yolov8_ros' build argument 'cmake_clean_cache' from command line to 'False'
[0.319s] Level 5:colcon.colcon_core.verb:set package 'yolov8_ros' build argument 'cmake_clean_first' from command line to 'False'
[0.319s] Level 5:colcon.colcon_core.verb:set package 'yolov8_ros' build argument 'cmake_force_configure' from command line to 'False'
[0.319s] Level 5:colcon.colcon_core.verb:set package 'yolov8_ros' build argument 'ament_cmake_args' from command line to 'None'
[0.319s] Level 5:colcon.colcon_core.verb:set package 'yolov8_ros' build argument 'catkin_cmake_args' from command line to 'None'
[0.319s] Level 5:colcon.colcon_core.verb:set package 'yolov8_ros' build argument 'catkin_skip_building_tests' from command line to 'False'
[0.319s] DEBUG:colcon.colcon_core.verb:Building package 'yolov8_ros' with the following arguments: {'ament_cmake_args': None, 'build_base': '/home/juntae02/rokey_ws/build/yolov8_ros', 'catkin_cmake_args': None, 'catkin_skip_building_tests': False, 'cmake_args': None, 'cmake_clean_cache': False, 'cmake_clean_first': False, 'cmake_force_configure': False, 'cmake_target': None, 'cmake_target_skip_unavailable': False, 'install_base': '/home/juntae02/rokey_ws/install/yolov8_ros', 'merge_install': False, 'path': '/home/juntae02/rokey_ws/src/yolov8_ros', 'symlink_install': False, 'test_result_base': None}
[0.319s] INFO:colcon.colcon_core.executor:Executing jobs using 'parallel' executor
[0.320s] DEBUG:colcon.colcon_parallel_executor.executor.parallel:run_until_complete
[0.320s] INFO:colcon.colcon_ros.task.ament_cmake.build:Building ROS package in '/home/juntae02/rokey_ws/src/m-explore-ros2/explore' with build type 'ament_cmake'
[0.320s] INFO:colcon.colcon_cmake.task.cmake.build:Building CMake package in '/home/juntae02/rokey_ws/src/m-explore-ros2/explore'
[0.322s] INFO:colcon.colcon_core.plugin_system:Skipping extension 'colcon_core.shell.bat': Not used on non-Windows systems
[0.322s] INFO:colcon.colcon_core.shell:Skip shell extension 'powershell' for command environment: Not usable outside of PowerShell
[0.322s] DEBUG:colcon.colcon_core.shell:Skip shell extension 'dsv' for command environment
[0.325s] INFO:colcon.colcon_ros.task.ament_cmake.build:Building ROS package in '/home/juntae02/rokey_ws/src/m-explore-ros2/map_merge' with build type 'ament_cmake'
[0.325s] INFO:colcon.colcon_cmake.task.cmake.build:Building CMake package in '/home/juntae02/rokey_ws/src/m-explore-ros2/map_merge'
[0.325s] INFO:colcon.colcon_core.shell:Skip shell extension 'powershell' for command environment: Not usable outside of PowerShell
[0.325s] DEBUG:colcon.colcon_core.shell:Skip shell extension 'dsv' for command environment
[0.328s] INFO:colcon.colcon_ros.task.ament_python.build:Building ROS package in '/home/juntae02/rokey_ws/src/rokey_pjt' with build type 'ament_python'
[0.328s] Level 1:colcon.colcon_core.shell:create_environment_hook('rokey_pjt', 'ament_prefix_path')
[0.328s] INFO:colcon.colcon_core.shell:Creating environment hook '/home/juntae02/rokey_ws/install/rokey_pjt/share/rokey_pjt/hook/ament_prefix_path.ps1'
[0.328s] INFO:colcon.colcon_core.shell:Creating environment descriptor '/home/juntae02/rokey_ws/install/rokey_pjt/share/rokey_pjt/hook/ament_prefix_path.dsv'
[0.329s] INFO:colcon.colcon_core.shell:Creating environment hook '/home/juntae02/rokey_ws/install/rokey_pjt/share/rokey_pjt/hook/ament_prefix_path.sh'
[0.329s] INFO:colcon.colcon_core.shell:Skip shell extension 'powershell' for command environment: Not usable outside of PowerShell
[0.329s] DEBUG:colcon.colcon_core.shell:Skip shell extension 'dsv' for command environment
[0.332s] INFO:colcon.colcon_ros.task.ament_python.build:Building ROS package in '/home/juntae02/rokey_ws/src/turtlebot4_beep' with build type 'ament_python'
[0.332s] Level 1:colcon.colcon_core.shell:create_environment_hook('turtlebot4_beep', 'ament_prefix_path')
[0.332s] INFO:colcon.colcon_core.shell:Creating environment hook '/home/juntae02/rokey_ws/install/turtlebot4_beep/share/turtlebot4_beep/hook/ament_prefix_path.ps1'
[0.333s] INFO:colcon.colcon_core.shell:Creating environment descriptor '/home/juntae02/rokey_ws/install/turtlebot4_beep/share/turtlebot4_beep/hook/ament_prefix_path.dsv'
[0.333s] INFO:colcon.colcon_core.shell:Creating environment hook '/home/juntae02/rokey_ws/install/turtlebot4_beep/share/turtlebot4_beep/hook/ament_prefix_path.sh'
[0.334s] INFO:colcon.colcon_core.shell:Skip shell extension 'powershell' for command environment: Not usable outside of PowerShell
[0.334s] DEBUG:colcon.colcon_core.shell:Skip shell extension 'dsv' for command environment
[0.336s] INFO:colcon.colcon_ros.task.ament_python.build:Building ROS package in '/home/juntae02/rokey_ws/src/yolov8_ros' with build type 'ament_python'
[0.336s] Level 1:colcon.colcon_core.shell:create_environment_hook('yolov8_ros', 'ament_prefix_path')
[0.337s] INFO:colcon.colcon_core.shell:Creating environment hook '/home/juntae02/rokey_ws/install/yolov8_ros/share/yolov8_ros/hook/ament_prefix_path.ps1'
[0.338s] INFO:colcon.colcon_core.shell:Creating environment descriptor '/home/juntae02/rokey_ws/install/yolov8_ros/share/yolov8_ros/hook/ament_prefix_path.dsv'
[0.338s] INFO:colcon.colcon_core.shell:Creating environment hook '/home/juntae02/rokey_ws/install/yolov8_ros/share/yolov8_ros/hook/ament_prefix_path.sh'
[0.339s] INFO:colcon.colcon_core.shell:Skip shell extension 'powershell' for command environment: Not usable outside of PowerShell
[0.339s] DEBUG:colcon.colcon_core.shell:Skip shell extension 'dsv' for command environment
[0.346s] DEBUG:colcon.colcon_core.event_handler.log_command:Invoking command in '/home/juntae02/rokey_ws/build/explore_lite': CMAKE_PREFIX_PATH=${CMAKE_PREFIX_PATH}:/opt/ros/humble /usr/bin/cmake --build /home/juntae02/rokey_ws/build/explore_lite -- -j8 -l8
[0.348s] DEBUG:colcon.colcon_core.event_handler.log_command:Invoking command in '/home/juntae02/rokey_ws/build/multirobot_map_merge': CMAKE_PREFIX_PATH=${CMAKE_PREFIX_PATH}:/opt/ros/humble /usr/bin/cmake /home/juntae02/rokey_ws/src/m-explore-ros2/map_merge -DCMAKE_INSTALL_PREFIX=/home/juntae02/rokey_ws/install/multirobot_map_merge
[0.602s] INFO:colcon.colcon_core.task.python.build:Building Python package in '/home/juntae02/rokey_ws/src/rokey_pjt'
[0.602s] INFO:colcon.colcon_core.shell:Skip shell extension 'powershell' for command environment: Not usable outside of PowerShell
[0.602s] DEBUG:colcon.colcon_core.shell:Skip shell extension 'dsv' for command environment
[0.863s] INFO:colcon.colcon_core.task.python.build:Building Python package in '/home/juntae02/rokey_ws/src/turtlebot4_beep'
[0.864s] INFO:colcon.colcon_core.shell:Skip shell extension 'powershell' for command environment: Not usable outside of PowerShell
[0.864s] DEBUG:colcon.colcon_core.shell:Skip shell extension 'dsv' for command environment
[1.090s] INFO:colcon.colcon_core.task.python.build:Building Python package in '/home/juntae02/rokey_ws/src/yolov8_ros'
[1.090s] INFO:colcon.colcon_core.shell:Skip shell extension 'powershell' for command environment: Not usable outside of PowerShell
[1.090s] DEBUG:colcon.colcon_core.shell:Skip shell extension 'dsv' for command environment
[1.095s] DEBUG:colcon.colcon_core.event_handler.log_command:Invoked command in '/home/juntae02/rokey_ws/build/explore_lite' returned '0': CMAKE_PREFIX_PATH=${CMAKE_PREFIX_PATH}:/opt/ros/humble /usr/bin/cmake --build /home/juntae02/rokey_ws/build/explore_lite -- -j8 -l8
[1.103s] DEBUG:colcon.colcon_core.event_handler.log_command:Invoking command in '/home/juntae02/rokey_ws/build/explore_lite': CMAKE_PREFIX_PATH=${CMAKE_PREFIX_PATH}:/opt/ros/humble /usr/bin/cmake --install /home/juntae02/rokey_ws/build/explore_lite
[1.113s] Level 1:colcon.colcon_core.environment:create_environment_scripts_only(explore_lite)
[1.114s] DEBUG:colcon.colcon_core.event_handler.log_command:Invoked command in '/home/juntae02/rokey_ws/build/explore_lite' returned '0': CMAKE_PREFIX_PATH=${CMAKE_PREFIX_PATH}:/opt/ros/humble /usr/bin/cmake --install /home/juntae02/rokey_ws/build/explore_lite
[1.116s] Level 1:colcon.colcon_core.environment:checking '/home/juntae02/rokey_ws/install/explore_lite' for CMake module files
[1.117s] Level 1:colcon.colcon_core.environment:checking '/home/juntae02/rokey_ws/install/explore_lite' for CMake config files
[1.117s] Level 1:colcon.colcon_core.shell:create_environment_hook('explore_lite', 'cmake_prefix_path')
[1.118s] INFO:colcon.colcon_core.shell:Creating environment hook '/home/juntae02/rokey_ws/install/explore_lite/share/explore_lite/hook/cmake_prefix_path.ps1'
[1.118s] INFO:colcon.colcon_core.shell:Creating environment descriptor '/home/juntae02/rokey_ws/install/explore_lite/share/explore_lite/hook/cmake_prefix_path.dsv'
[1.119s] INFO:colcon.colcon_core.shell:Creating environment hook '/home/juntae02/rokey_ws/install/explore_lite/share/explore_lite/hook/cmake_prefix_path.sh'
[1.119s] Level 1:colcon.colcon_core.environment:checking '/home/juntae02/rokey_ws/install/explore_lite/lib'
[1.120s] Level 1:colcon.colcon_core.environment:checking '/home/juntae02/rokey_ws/install/explore_lite/bin'
[1.120s] Level 1:colcon.colcon_core.environment:checking '/home/juntae02/rokey_ws/install/explore_lite/lib/pkgconfig/explore_lite.pc'
[1.120s] Level 1:colcon.colcon_core.environment:checking '/home/juntae02/rokey_ws/install/explore_lite/lib/python3.10/site-packages'
[1.120s] Level 1:colcon.colcon_core.environment:checking '/home/juntae02/rokey_ws/install/explore_lite/bin'
[1.121s] INFO:colcon.colcon_core.shell:Creating package script '/home/juntae02/rokey_ws/install/explore_lite/share/explore_lite/package.ps1'
[1.122s] INFO:colcon.colcon_core.shell:Creating package descriptor '/home/juntae02/rokey_ws/install/explore_lite/share/explore_lite/package.dsv'
[1.122s] INFO:colcon.colcon_core.shell:Creating package script '/home/juntae02/rokey_ws/install/explore_lite/share/explore_lite/package.sh'
[1.123s] INFO:colcon.colcon_core.shell:Creating package script '/home/juntae02/rokey_ws/install/explore_lite/share/explore_lite/package.bash'
[1.124s] INFO:colcon.colcon_core.shell:Creating package script '/home/juntae02/rokey_ws/install/explore_lite/share/explore_lite/package.zsh'
[1.125s] Level 1:colcon.colcon_core.environment:create_file_with_runtime_dependencies(/home/juntae02/rokey_ws/install/explore_lite/share/colcon-core/packages/explore_lite)
[1.126s] Level 1:colcon.colcon_core.environment:create_environment_scripts_only(explore_lite)
[1.126s] Level 1:colcon.colcon_core.environment:checking '/home/juntae02/rokey_ws/install/explore_lite' for CMake module files
[1.127s] Level 1:colcon.colcon_core.environment:checking '/home/juntae02/rokey_ws/install/explore_lite' for CMake config files
[1.127s] Level 1:colcon.colcon_core.shell:create_environment_hook('explore_lite', 'cmake_prefix_path')
[1.127s] INFO:colcon.colcon_core.shell:Creating environment hook '/home/juntae02/rokey_ws/install/explore_lite/share/explore_lite/hook/cmake_prefix_path.ps1'
[1.128s] INFO:colcon.colcon_core.shell:Creating environment descriptor '/home/juntae02/rokey_ws/install/explore_lite/share/explore_lite/hook/cmake_prefix_path.dsv'
[1.128s] INFO:colcon.colcon_core.shell:Creating environment hook '/home/juntae02/rokey_ws/install/explore_lite/share/explore_lite/hook/cmake_prefix_path.sh'
[1.129s] Level 1:colcon.colcon_core.environment:checking '/home/juntae02/rokey_ws/install/explore_lite/lib'
[1.129s] Level 1:colcon.colcon_core.environment:checking '/home/juntae02/rokey_ws/install/explore_lite/bin'
[1.129s] Level 1:colcon.colcon_core.environment:checking '/home/juntae02/rokey_ws/install/explore_lite/lib/pkgconfig/explore_lite.pc'
[1.129s] Level 1:colcon.colcon_core.environment:checking '/home/juntae02/rokey_ws/install/explore_lite/lib/python3.10/site-packages'
[1.130s] Level 1:colcon.colcon_core.environment:checking '/home/juntae02/rokey_ws/install/explore_lite/bin'
[1.130s] INFO:colcon.colcon_core.shell:Creating package script '/home/juntae02/rokey_ws/install/explore_lite/share/explore_lite/package.ps1'
[1.131s] INFO:colcon.colcon_core.shell:Creating package descriptor '/home/juntae02/rokey_ws/install/explore_lite/share/explore_lite/package.dsv'
[1.131s] INFO:colcon.colcon_core.shell:Creating package script '/home/juntae02/rokey_ws/install/explore_lite/share/explore_lite/package.sh'
[1.132s] INFO:colcon.colcon_core.shell:Creating package script '/home/juntae02/rokey_ws/install/explore_lite/share/explore_lite/package.bash'
[1.132s] INFO:colcon.colcon_core.shell:Creating package script '/home/juntae02/rokey_ws/install/explore_lite/share/explore_lite/package.zsh'
[1.133s] Level 1:colcon.colcon_core.environment:create_file_with_runtime_dependencies(/home/juntae02/rokey_ws/install/explore_lite/share/colcon-core/packages/explore_lite)
[1.513s] DEBUG:colcon.colcon_core.event_handler.log_command:Invoking command in '/home/juntae02/rokey_ws/build/rokey_pjt': PYTHONPATH=/home/juntae02/rokey_ws/build/rokey_pjt/prefix_override:/usr/lib/python3/dist-packages/colcon_core/task/python/colcon_distutils_commands:/home/juntae02/rokey_ws/install/rokey_pjt/lib/python3.10/site-packages:${PYTHONPATH} /usr/bin/python3 -W ignore:setup.py install is deprecated -W ignore:easy_install command is deprecated setup.py develop --uninstall --editable --build-directory /home/juntae02/rokey_ws/build/rokey_pjt/build
[1.540s] DEBUG:colcon.colcon_core.event_handler.log_command:Invoking command in '/home/juntae02/rokey_ws/src/yolov8_ros': PYTHONPATH=/home/juntae02/rokey_ws/build/yolov8_ros/prefix_override:/usr/lib/python3/dist-packages/colcon_core/task/python/colcon_distutils_commands:/home/juntae02/rokey_ws/install/yolov8_ros/lib/python3.10/site-packages:${PYTHONPATH} /usr/bin/python3 -W ignore:setup.py install is deprecated -W ignore:easy_install command is deprecated setup.py egg_info --egg-base ../../build/yolov8_ros build --build-base /home/juntae02/rokey_ws/build/yolov8_ros/build install --record /home/juntae02/rokey_ws/build/yolov8_ros/install.log --single-version-externally-managed install_data
[1.544s] DEBUG:colcon.colcon_core.event_handler.log_command:Invoking command in '/home/juntae02/rokey_ws/build/turtlebot4_beep': PYTHONPATH=/home/juntae02/rokey_ws/build/turtlebot4_beep/prefix_override:/usr/lib/python3/dist-packages/colcon_core/task/python/colcon_distutils_commands:/home/juntae02/rokey_ws/install/turtlebot4_beep/lib/python3.10/site-packages:${PYTHONPATH} /usr/bin/python3 -W ignore:setup.py install is deprecated -W ignore:easy_install command is deprecated setup.py develop --uninstall --editable --build-directory /home/juntae02/rokey_ws/build/turtlebot4_beep/build
[1.816s] Level 1:colcon.colcon_core.environment:checking '/home/juntae02/rokey_ws/install/yolov8_ros' for CMake module files
[1.817s] DEBUG:colcon.colcon_core.event_handler.log_command:Invoked command in '/home/juntae02/rokey_ws/src/yolov8_ros' returned '0': PYTHONPATH=/home/juntae02/rokey_ws/build/yolov8_ros/prefix_override:/usr/lib/python3/dist-packages/colcon_core/task/python/colcon_distutils_commands:/home/juntae02/rokey_ws/install/yolov8_ros/lib/python3.10/site-packages:${PYTHONPATH} /usr/bin/python3 -W ignore:setup.py install is deprecated -W ignore:easy_install command is deprecated setup.py egg_info --egg-base ../../build/yolov8_ros build --build-base /home/juntae02/rokey_ws/build/yolov8_ros/build install --record /home/juntae02/rokey_ws/build/yolov8_ros/install.log --single-version-externally-managed install_data
[1.817s] Level 1:colcon.colcon_core.environment:checking '/home/juntae02/rokey_ws/install/yolov8_ros' for CMake config files
[1.818s] Level 1:colcon.colcon_core.environment:checking '/home/juntae02/rokey_ws/install/yolov8_ros/lib'
[1.818s] Level 1:colcon.colcon_core.environment:checking '/home/juntae02/rokey_ws/install/yolov8_ros/bin'
[1.818s] Level 1:colcon.colcon_core.environment:checking '/home/juntae02/rokey_ws/install/yolov8_ros/lib/pkgconfig/yolov8_ros.pc'
[1.818s] Level 1:colcon.colcon_core.environment:checking '/home/juntae02/rokey_ws/install/yolov8_ros/lib/python3.10/site-packages'
[1.819s] Level 1:colcon.colcon_core.shell:create_environment_hook('yolov8_ros', 'pythonpath')
[1.819s] INFO:colcon.colcon_core.shell:Creating environment hook '/home/juntae02/rokey_ws/install/yolov8_ros/share/yolov8_ros/hook/pythonpath.ps1'
[1.819s] INFO:colcon.colcon_core.shell:Creating environment descriptor '/home/juntae02/rokey_ws/install/yolov8_ros/share/yolov8_ros/hook/pythonpath.dsv'
[1.820s] INFO:colcon.colcon_core.shell:Creating environment hook '/home/juntae02/rokey_ws/install/yolov8_ros/share/yolov8_ros/hook/pythonpath.sh'
[1.820s] Level 1:colcon.colcon_core.environment:checking '/home/juntae02/rokey_ws/install/yolov8_ros/bin'
[1.820s] Level 1:colcon.colcon_core.environment:create_environment_scripts_only(yolov8_ros)
[1.821s] INFO:colcon.colcon_core.shell:Creating package script '/home/juntae02/rokey_ws/install/yolov8_ros/share/yolov8_ros/package.ps1'
[1.821s] INFO:colcon.colcon_core.shell:Creating package descriptor '/home/juntae02/rokey_ws/install/yolov8_ros/share/yolov8_ros/package.dsv'
[1.822s] INFO:colcon.colcon_core.shell:Creating package script '/home/juntae02/rokey_ws/install/yolov8_ros/share/yolov8_ros/package.sh'
[1.822s] INFO:colcon.colcon_core.shell:Creating package script '/home/juntae02/rokey_ws/install/yolov8_ros/share/yolov8_ros/package.bash'
[1.823s] INFO:colcon.colcon_core.shell:Creating package script '/home/juntae02/rokey_ws/install/yolov8_ros/share/yolov8_ros/package.zsh'
[1.823s] Level 1:colcon.colcon_core.environment:create_file_with_runtime_dependencies(/home/juntae02/rokey_ws/install/yolov8_ros/share/colcon-core/packages/yolov8_ros)
[1.991s] DEBUG:colcon.colcon_core.event_handler.log_command:Invoked command in '/home/juntae02/rokey_ws/build/rokey_pjt' returned '0': PYTHONPATH=/home/juntae02/rokey_ws/build/rokey_pjt/prefix_override:/usr/lib/python3/dist-packages/colcon_core/task/python/colcon_distutils_commands:/home/juntae02/rokey_ws/install/rokey_pjt/lib/python3.10/site-packages:${PYTHONPATH} /usr/bin/python3 -W ignore:setup.py install is deprecated -W ignore:easy_install command is deprecated setup.py develop --uninstall --editable --build-directory /home/juntae02/rokey_ws/build/rokey_pjt/build
[1.993s] DEBUG:colcon.colcon_core.event_handler.log_command:Invoking command in '/home/juntae02/rokey_ws/src/rokey_pjt': PYTHONPATH=/home/juntae02/rokey_ws/build/rokey_pjt/prefix_override:/usr/lib/python3/dist-packages/colcon_core/task/python/colcon_distutils_commands:/home/juntae02/rokey_ws/install/rokey_pjt/lib/python3.10/site-packages:${PYTHONPATH} /usr/bin/python3 -W ignore:setup.py install is deprecated -W ignore:easy_install command is deprecated setup.py egg_info --egg-base ../../build/rokey_pjt build --build-base /home/juntae02/rokey_ws/build/rokey_pjt/build install --record /home/juntae02/rokey_ws/build/rokey_pjt/install.log --single-version-externally-managed install_data --force
[2.017s] DEBUG:colcon.colcon_core.event_handler.log_command:Invoked command in '/home/juntae02/rokey_ws/build/turtlebot4_beep' returned '0': PYTHONPATH=/home/juntae02/rokey_ws/build/turtlebot4_beep/prefix_override:/usr/lib/python3/dist-packages/colcon_core/task/python/colcon_distutils_commands:/home/juntae02/rokey_ws/install/turtlebot4_beep/lib/python3.10/site-packages:${PYTHONPATH} /usr/bin/python3 -W ignore:setup.py install is deprecated -W ignore:easy_install command is deprecated setup.py develop --uninstall --editable --build-directory /home/juntae02/rokey_ws/build/turtlebot4_beep/build
[2.018s] DEBUG:colcon.colcon_core.event_handler.log_command:Invoking command in '/home/juntae02/rokey_ws/src/turtlebot4_beep': PYTHONPATH=/home/juntae02/rokey_ws/build/turtlebot4_beep/prefix_override:/usr/lib/python3/dist-packages/colcon_core/task/python/colcon_distutils_commands:/home/juntae02/rokey_ws/install/turtlebot4_beep/lib/python3.10/site-packages:${PYTHONPATH} /usr/bin/python3 -W ignore:setup.py install is deprecated -W ignore:easy_install command is deprecated setup.py egg_info --egg-base ../../build/turtlebot4_beep build --build-base /home/juntae02/rokey_ws/build/turtlebot4_beep/build install --record /home/juntae02/rokey_ws/build/turtlebot4_beep/install.log --single-version-externally-managed install_data --force
[2.390s] Level 1:colcon.colcon_core.environment:checking '/home/juntae02/rokey_ws/install/rokey_pjt' for CMake module files
[2.390s] DEBUG:colcon.colcon_core.event_handler.log_command:Invoked command in '/home/juntae02/rokey_ws/src/rokey_pjt' returned '0': PYTHONPATH=/home/juntae02/rokey_ws/build/rokey_pjt/prefix_override:/usr/lib/python3/dist-packages/colcon_core/task/python/colcon_distutils_commands:/home/juntae02/rokey_ws/install/rokey_pjt/lib/python3.10/site-packages:${PYTHONPATH} /usr/bin/python3 -W ignore:setup.py install is deprecated -W ignore:easy_install command is deprecated setup.py egg_info --egg-base ../../build/rokey_pjt build --build-base /home/juntae02/rokey_ws/build/rokey_pjt/build install --record /home/juntae02/rokey_ws/build/rokey_pjt/install.log --single-version-externally-managed install_data --force
[2.391s] Level 1:colcon.colcon_core.environment:checking '/home/juntae02/rokey_ws/install/rokey_pjt' for CMake config files
[2.391s] Level 1:colcon.colcon_core.environment:checking '/home/juntae02/rokey_ws/install/rokey_pjt/lib'
[2.391s] Level 1:colcon.colcon_core.environment:checking '/home/juntae02/rokey_ws/install/rokey_pjt/bin'
[2.391s] Level 1:colcon.colcon_core.environment:checking '/home/juntae02/rokey_ws/install/rokey_pjt/lib/pkgconfig/rokey_pjt.pc'
[2.391s] Level 1:colcon.colcon_core.environment:checking '/home/juntae02/rokey_ws/install/rokey_pjt/lib/python3.10/site-packages'
[2.392s] Level 1:colcon.colcon_core.shell:create_environment_hook('rokey_pjt', 'pythonpath')
[2.392s] INFO:colcon.colcon_core.shell:Creating environment hook '/home/juntae02/rokey_ws/install/rokey_pjt/share/rokey_pjt/hook/pythonpath.ps1'
[2.392s] INFO:colcon.colcon_core.shell:Creating environment descriptor '/home/juntae02/rokey_ws/install/rokey_pjt/share/rokey_pjt/hook/pythonpath.dsv'
[2.393s] INFO:colcon.colcon_core.shell:Creating environment hook '/home/juntae02/rokey_ws/install/rokey_pjt/share/rokey_pjt/hook/pythonpath.sh'
[2.393s] Level 1:colcon.colcon_core.environment:checking '/home/juntae02/rokey_ws/install/rokey_pjt/bin'
[2.393s] Level 1:colcon.colcon_core.environment:create_environment_scripts_only(rokey_pjt)
[2.394s] INFO:colcon.colcon_core.shell:Creating package script '/home/juntae02/rokey_ws/install/rokey_pjt/share/rokey_pjt/package.ps1'
[2.394s] INFO:colcon.colcon_core.shell:Creating package descriptor '/home/juntae02/rokey_ws/install/rokey_pjt/share/rokey_pjt/package.dsv'
[2.395s] INFO:colcon.colcon_core.shell:Creating package script '/home/juntae02/rokey_ws/install/rokey_pjt/share/rokey_pjt/package.sh'
[2.395s] INFO:colcon.colcon_core.shell:Creating package script '/home/juntae02/rokey_ws/install/rokey_pjt/share/rokey_pjt/package.bash'
[2.395s] INFO:colcon.colcon_core.shell:Creating package script '/home/juntae02/rokey_ws/install/rokey_pjt/share/rokey_pjt/package.zsh'
[2.396s] Level 1:colcon.colcon_core.environment:create_file_with_runtime_dependencies(/home/juntae02/rokey_ws/install/rokey_pjt/share/colcon-core/packages/rokey_pjt)
[2.426s] Level 1:colcon.colcon_core.environment:checking '/home/juntae02/rokey_ws/install/turtlebot4_beep' for CMake module files
[2.426s] DEBUG:colcon.colcon_core.event_handler.log_command:Invoked command in '/home/juntae02/rokey_ws/src/turtlebot4_beep' returned '0': PYTHONPATH=/home/juntae02/rokey_ws/build/turtlebot4_beep/prefix_override:/usr/lib/python3/dist-packages/colcon_core/task/python/colcon_distutils_commands:/home/juntae02/rokey_ws/install/turtlebot4_beep/lib/python3.10/site-packages:${PYTHONPATH} /usr/bin/python3 -W ignore:setup.py install is deprecated -W ignore:easy_install command is deprecated setup.py egg_info --egg-base ../../build/turtlebot4_beep build --build-base /home/juntae02/rokey_ws/build/turtlebot4_beep/build install --record /home/juntae02/rokey_ws/build/turtlebot4_beep/install.log --single-version-externally-managed install_data --force
[2.426s] Level 1:colcon.colcon_core.environment:checking '/home/juntae02/rokey_ws/install/turtlebot4_beep' for CMake config files
[2.427s] Level 1:colcon.colcon_core.environment:checking '/home/juntae02/rokey_ws/install/turtlebot4_beep/lib'
[2.427s] Level 1:colcon.colcon_core.environment:checking '/home/juntae02/rokey_ws/install/turtlebot4_beep/bin'
[2.427s] Level 1:colcon.colcon_core.environment:checking '/home/juntae02/rokey_ws/install/turtlebot4_beep/lib/pkgconfig/turtlebot4_beep.pc'
[2.427s] Level 1:colcon.colcon_core.environment:checking '/home/juntae02/rokey_ws/install/turtlebot4_beep/lib/python3.10/site-packages'
[2.427s] Level 1:colcon.colcon_core.shell:create_environment_hook('turtlebot4_beep', 'pythonpath')
[2.427s] INFO:colcon.colcon_core.shell:Creating environment hook '/home/juntae02/rokey_ws/install/turtlebot4_beep/share/turtlebot4_beep/hook/pythonpath.ps1'
[2.428s] INFO:colcon.colcon_core.shell:Creating environment descriptor '/home/juntae02/rokey_ws/install/turtlebot4_beep/share/turtlebot4_beep/hook/pythonpath.dsv'
[2.428s] INFO:colcon.colcon_core.shell:Creating environment hook '/home/juntae02/rokey_ws/install/turtlebot4_beep/share/turtlebot4_beep/hook/pythonpath.sh'
[2.429s] Level 1:colcon.colcon_core.environment:checking '/home/juntae02/rokey_ws/install/turtlebot4_beep/bin'
[2.429s] Level 1:colcon.colcon_core.environment:create_environment_scripts_only(turtlebot4_beep)
[2.429s] INFO:colcon.colcon_core.shell:Creating package script '/home/juntae02/rokey_ws/install/turtlebot4_beep/share/turtlebot4_beep/package.ps1'
[2.430s] INFO:colcon.colcon_core.shell:Creating package descriptor '/home/juntae02/rokey_ws/install/turtlebot4_beep/share/turtlebot4_beep/package.dsv'
[2.430s] INFO:colcon.colcon_core.shell:Creating package script '/home/juntae02/rokey_ws/install/turtlebot4_beep/share/turtlebot4_beep/package.sh'
[2.431s] INFO:colcon.colcon_core.shell:Creating package script '/home/juntae02/rokey_ws/install/turtlebot4_beep/share/turtlebot4_beep/package.bash'
[2.431s] INFO:colcon.colcon_core.shell:Creating package script '/home/juntae02/rokey_ws/install/turtlebot4_beep/share/turtlebot4_beep/package.zsh'
[2.431s] Level 1:colcon.colcon_core.environment:create_file_with_runtime_dependencies(/home/juntae02/rokey_ws/install/turtlebot4_beep/share/colcon-core/packages/turtlebot4_beep)
[6.781s] DEBUG:colcon.colcon_core.event_handler.log_command:Invoked command in '/home/juntae02/rokey_ws/build/multirobot_map_merge' returned '0': CMAKE_PREFIX_PATH=${CMAKE_PREFIX_PATH}:/opt/ros/humble /usr/bin/cmake /home/juntae02/rokey_ws/src/m-explore-ros2/map_merge -DCMAKE_INSTALL_PREFIX=/home/juntae02/rokey_ws/install/multirobot_map_merge
[6.782s] DEBUG:colcon.colcon_core.event_handler.log_command:Invoking command in '/home/juntae02/rokey_ws/build/multirobot_map_merge': CMAKE_PREFIX_PATH=${CMAKE_PREFIX_PATH}:/opt/ros/humble /usr/bin/cmake --build /home/juntae02/rokey_ws/build/multirobot_map_merge -- -j8 -l8
[21.200s] DEBUG:colcon.colcon_core.event_handler.log_command:Invoked command in '/home/juntae02/rokey_ws/build/multirobot_map_merge' returned '0': CMAKE_PREFIX_PATH=${CMAKE_PREFIX_PATH}:/opt/ros/humble /usr/bin/cmake --build /home/juntae02/rokey_ws/build/multirobot_map_merge -- -j8 -l8
[21.202s] DEBUG:colcon.colcon_core.event_handler.log_command:Invoking command in '/home/juntae02/rokey_ws/build/multirobot_map_merge': CMAKE_PREFIX_PATH=${CMAKE_PREFIX_PATH}:/opt/ros/humble /usr/bin/cmake --install /home/juntae02/rokey_ws/build/multirobot_map_merge
[21.216s] Level 1:colcon.colcon_core.environment:create_environment_scripts_only(multirobot_map_merge)
[21.216s] Level 1:colcon.colcon_core.environment:checking '/home/juntae02/rokey_ws/install/multirobot_map_merge' for CMake module files
[21.217s] DEBUG:colcon.colcon_core.event_handler.log_command:Invoked command in '/home/juntae02/rokey_ws/build/multirobot_map_merge' returned '0': CMAKE_PREFIX_PATH=${CMAKE_PREFIX_PATH}:/opt/ros/humble /usr/bin/cmake --install /home/juntae02/rokey_ws/build/multirobot_map_merge
[21.217s] Level 1:colcon.colcon_core.environment:checking '/home/juntae02/rokey_ws/install/multirobot_map_merge' for CMake config files
[21.217s] Level 1:colcon.colcon_core.shell:create_environment_hook('multirobot_map_merge', 'cmake_prefix_path')
[21.217s] INFO:colcon.colcon_core.shell:Creating environment hook '/home/juntae02/rokey_ws/install/multirobot_map_merge/share/multirobot_map_merge/hook/cmake_prefix_path.ps1'
[21.218s] INFO:colcon.colcon_core.shell:Creating environment descriptor '/home/juntae02/rokey_ws/install/multirobot_map_merge/share/multirobot_map_merge/hook/cmake_prefix_path.dsv'
[21.218s] INFO:colcon.colcon_core.shell:Creating environment hook '/home/juntae02/rokey_ws/install/multirobot_map_merge/share/multirobot_map_merge/hook/cmake_prefix_path.sh'
[21.219s] Level 1:colcon.colcon_core.environment:checking '/home/juntae02/rokey_ws/install/multirobot_map_merge/lib'
[21.219s] Level 1:colcon.colcon_core.environment:checking '/home/juntae02/rokey_ws/install/multirobot_map_merge/bin'
[21.219s] Level 1:colcon.colcon_core.environment:checking '/home/juntae02/rokey_ws/install/multirobot_map_merge/lib/pkgconfig/multirobot_map_merge.pc'
[21.219s] Level 1:colcon.colcon_core.environment:checking '/home/juntae02/rokey_ws/install/multirobot_map_merge/lib/python3.10/site-packages'
[21.219s] Level 1:colcon.colcon_core.environment:checking '/home/juntae02/rokey_ws/install/multirobot_map_merge/bin'
[21.219s] INFO:colcon.colcon_core.shell:Creating package script '/home/juntae02/rokey_ws/install/multirobot_map_merge/share/multirobot_map_merge/package.ps1'
[21.220s] INFO:colcon.colcon_core.shell:Creating package descriptor '/home/juntae02/rokey_ws/install/multirobot_map_merge/share/multirobot_map_merge/package.dsv'
[21.220s] INFO:colcon.colcon_core.shell:Creating package script '/home/juntae02/rokey_ws/install/multirobot_map_merge/share/multirobot_map_merge/package.sh'
[21.220s] INFO:colcon.colcon_core.shell:Creating package script '/home/juntae02/rokey_ws/install/multirobot_map_merge/share/multirobot_map_merge/package.bash'
[21.220s] INFO:colcon.colcon_core.shell:Creating package script '/home/juntae02/rokey_ws/install/multirobot_map_merge/share/multirobot_map_merge/package.zsh'
[21.221s] Level 1:colcon.colcon_core.environment:create_file_with_runtime_dependencies(/home/juntae02/rokey_ws/install/multirobot_map_merge/share/colcon-core/packages/multirobot_map_merge)
[21.221s] Level 1:colcon.colcon_core.environment:create_environment_scripts_only(multirobot_map_merge)
[21.221s] Level 1:colcon.colcon_core.environment:checking '/home/juntae02/rokey_ws/install/multirobot_map_merge' for CMake module files
[21.222s] Level 1:colcon.colcon_core.environment:checking '/home/juntae02/rokey_ws/install/multirobot_map_merge' for CMake config files
[21.222s] Level 1:colcon.colcon_core.shell:create_environment_hook('multirobot_map_merge', 'cmake_prefix_path')
[21.222s] INFO:colcon.colcon_core.shell:Creating environment hook '/home/juntae02/rokey_ws/install/multirobot_map_merge/share/multirobot_map_merge/hook/cmake_prefix_path.ps1'
[21.222s] INFO:colcon.colcon_core.shell:Creating environment descriptor '/home/juntae02/rokey_ws/install/multirobot_map_merge/share/multirobot_map_merge/hook/cmake_prefix_path.dsv'
[21.222s] INFO:colcon.colcon_core.shell:Creating environment hook '/home/juntae02/rokey_ws/install/multirobot_map_merge/share/multirobot_map_merge/hook/cmake_prefix_path.sh'
[21.223s] Level 1:colcon.colcon_core.environment:checking '/home/juntae02/rokey_ws/install/multirobot_map_merge/lib'
[21.223s] Level 1:colcon.colcon_core.environment:checking '/home/juntae02/rokey_ws/install/multirobot_map_merge/bin'
[21.223s] Level 1:colcon.colcon_core.environment:checking '/home/juntae02/rokey_ws/install/multirobot_map_merge/lib/pkgconfig/multirobot_map_merge.pc'
[21.223s] Level 1:colcon.colcon_core.environment:checking '/home/juntae02/rokey_ws/install/multirobot_map_merge/lib/python3.10/site-packages'
[21.223s] Level 1:colcon.colcon_core.environment:checking '/home/juntae02/rokey_ws/install/multirobot_map_merge/bin'
[21.223s] INFO:colcon.colcon_core.shell:Creating package script '/home/juntae02/rokey_ws/install/multirobot_map_merge/share/multirobot_map_merge/package.ps1'
[21.224s] INFO:colcon.colcon_core.shell:Creating package descriptor '/home/juntae02/rokey_ws/install/multirobot_map_merge/share/multirobot_map_merge/package.dsv'
[21.224s] INFO:colcon.colcon_core.shell:Creating package script '/home/juntae02/rokey_ws/install/multirobot_map_merge/share/multirobot_map_merge/package.sh'
[21.224s] INFO:colcon.colcon_core.shell:Creating package script '/home/juntae02/rokey_ws/install/multirobot_map_merge/share/multirobot_map_merge/package.bash'
[21.224s] INFO:colcon.colcon_core.shell:Creating package script '/home/juntae02/rokey_ws/install/multirobot_map_merge/share/multirobot_map_merge/package.zsh'
[21.225s] Level 1:colcon.colcon_core.environment:create_file_with_runtime_dependencies(/home/juntae02/rokey_ws/install/multirobot_map_merge/share/colcon-core/packages/multirobot_map_merge)
[21.225s] DEBUG:colcon.colcon_parallel_executor.executor.parallel:closing loop
[21.225s] DEBUG:colcon.colcon_parallel_executor.executor.parallel:loop closed
[21.225s] DEBUG:colcon.colcon_parallel_executor.executor.parallel:run_until_complete finished with '0'
[21.225s] DEBUG:colcon.colcon_core.event_reactor:joining thread
[21.230s] INFO:colcon.colcon_core.plugin_system:Skipping extension 'colcon_notification.desktop_notification.terminal_notifier': Not used on non-Darwin systems
[21.230s] INFO:colcon.colcon_core.plugin_system:Skipping extension 'colcon_notification.desktop_notification.win32': Not used on non-Windows systems
[21.230s] INFO:colcon.colcon_notification.desktop_notification:Sending desktop notification using 'notify2'
[21.239s] DEBUG:colcon.colcon_core.event_reactor:joined thread
[21.239s] INFO:colcon.colcon_core.shell:Creating prefix script '/home/juntae02/rokey_ws/install/local_setup.ps1'
[21.240s] INFO:colcon.colcon_core.shell:Creating prefix util module '/home/juntae02/rokey_ws/install/_local_setup_util_ps1.py'
[21.241s] INFO:colcon.colcon_core.shell:Creating prefix chain script '/home/juntae02/rokey_ws/install/setup.ps1'
[21.242s] INFO:colcon.colcon_core.shell:Creating prefix script '/home/juntae02/rokey_ws/install/local_setup.sh'
[21.243s] INFO:colcon.colcon_core.shell:Creating prefix util module '/home/juntae02/rokey_ws/install/_local_setup_util_sh.py'
[21.243s] INFO:colcon.colcon_core.shell:Creating prefix chain script '/home/juntae02/rokey_ws/install/setup.sh'
[21.244s] INFO:colcon.colcon_core.shell:Creating prefix script '/home/juntae02/rokey_ws/install/local_setup.bash'
[21.245s] INFO:colcon.colcon_core.shell:Creating prefix chain script '/home/juntae02/rokey_ws/install/setup.bash'
[21.246s] INFO:colcon.colcon_core.shell:Creating prefix script '/home/juntae02/rokey_ws/install/local_setup.zsh'
[21.246s] INFO:colcon.colcon_core.shell:Creating prefix chain script '/home/juntae02/rokey_ws/install/setup.zsh'
