--2025-05-17 16:19:46--  https://raw.githubusercontent.com/hrnr/m-explore-extra/master/map_merge/hector_maps/map00.pgm
Resolving raw.githubusercontent.com (raw.githubusercontent.com)... 185.199.108.133, 185.199.109.133, 185.199.110.133, ...
Connecting to raw.githubusercontent.com (raw.githubusercontent.com)|185.199.108.133|:443... connected.
HTTP request sent, awaiting response... 200 OK
Length: 4194362 (4.0M) [application/octet-stream]
Saving to: ‘/home/juntae02/rokey_ws/build/multirobot_map_merge/map00.pgm’

     0K .......... .......... .......... .......... ..........  1%  521K 8s
    50K .......... .......... .......... .......... ..........  2% 1.50M 5s
   100K .......... .......... .......... .......... ..........  3% 3.52M 4s
   150K .......... .......... .......... .......... ..........  4% 2.30M 3s
   200K .......... .......... .......... .......... ..........  6%  254M 3s
   250K .......... .......... .......... .......... ..........  7% 7.05M 2s
   300K .......... .......... .......... .......... ..........  8% 8.13M 2s
   350K .......... .......... .......... .......... ..........  9%  423M 2s
   400K .......... .......... .......... .......... .......... 10% 2.35M 2s
   450K .......... .......... .......... .......... .......... 12%  394M 1s
   500K .......... .......... .......... .......... .......... 13%  442M 1s
   550K .......... .......... .......... .......... .......... 14%  471M 1s
   600K .......... .......... .......... .......... .......... 15% 2.27M 1s
   650K .......... .......... .......... .......... .......... 17% 5.35M 1s
   700K .......... .......... .......... .......... .......... 18% 3.46M 1s
   750K .......... .......... .......... .......... .......... 19%  245M 1s
   800K .......... .......... .......... .......... .......... 20%  398M 1s
   850K .......... .......... .......... .......... .......... 21% 17.2M 1s
   900K .......... .......... .......... .......... .......... 23% 3.22M 1s
   950K .......... .......... .......... .......... .......... 24%  204M 1s
  1000K .......... .......... .......... .......... .......... 25% 9.76M 1s
  1050K .......... .......... .......... .......... .......... 26%  260M 1s
  1100K .......... .......... .......... .......... .......... 28% 15.3M 1s
  1150K .......... .......... .......... .......... .......... 29% 1.87M 1s
  1200K .......... .......... .......... .......... .......... 30%  305M 1s
  1250K .......... .......... .......... .......... .......... 31% 8.75M 1s
  1300K .......... .......... .......... .......... .......... 32% 12.8M 1s
  1350K .......... .......... .......... .......... .......... 34% 37.2M 1s
  1400K .......... .......... .......... .......... .......... 35% 5.47M 1s
  1450K .......... .......... .......... .......... .......... 36%  290M 1s
  1500K .......... .......... .......... .......... .......... 37% 2.63M 1s
  1550K .......... .......... .......... .......... .......... 39% 7.80M 1s
  1600K .......... .......... .......... .......... .......... 40%  194M 1s
  1650K .......... .......... .......... .......... .......... 41% 7.99M 0s
  1700K .......... .......... .......... .......... .......... 42%  397M 0s
  1750K .......... .......... .......... .......... .......... 43%  355M 0s
  1800K .......... .......... .......... .......... .......... 45% 4.96M 0s
  1850K .......... .......... .......... .......... .......... 46% 89.1M 0s
  1900K .......... .......... .......... .......... .......... 47%  212M 0s
  1950K .......... .......... .......... .......... .......... 48% 10.8M 0s
  2000K .......... .......... .......... .......... .......... 50% 3.15M 0s
  2050K .......... .......... .......... .......... .......... 51%  235M 0s
  2100K .......... .......... .......... .......... .......... 52%  266M 0s
  2150K .......... .......... .......... .......... .......... 53%  281M 0s
  2200K .......... .......... .......... .......... .......... 54%  321M 0s
  2250K .......... .......... .......... .......... .......... 56%  322M 0s
  2300K .......... .......... .......... .......... .......... 57% 1.74M 0s
  2350K .......... .......... .......... .......... .......... 58%  193M 0s
  2400K .......... .......... .......... .......... .......... 59%  181M 0s
  2450K .......... .......... .......... .......... .......... 61%  259M 0s
  2500K .......... .......... .......... .......... .......... 62%  179M 0s
  2550K .......... .......... .......... .......... .......... 63%  216M 0s
  2600K .......... .......... .......... .......... .......... 64% 15.0M 0s
  2650K .......... .......... .......... .......... .......... 65% 7.66M 0s
  2700K .......... .......... .......... .......... .......... 67%  299M 0s
  2750K .......... .......... .......... .......... .......... 68% 89.3M 0s
  2800K .......... .......... .......... .......... .......... 69% 25.2M 0s
  2850K .......... .......... .......... .......... .......... 70% 30.8M 0s
  2900K .......... .......... .......... .......... .......... 72% 9.91M 0s
  2950K .......... .......... .......... .......... .......... 73%  906K 0s
  3000K .......... .......... .......... .......... .......... 74%  270M 0s
  3050K .......... .......... .......... .......... .......... 75%  347M 0s
  3100K .......... .......... .......... .......... .......... 76%  366M 0s
  3150K .......... .......... .......... .......... .......... 78%  340M 0s
  3200K .......... .......... .......... .......... .......... 79%  397M 0s
  3250K .......... .......... .......... .......... .......... 80%  411M 0s
  3300K .......... .......... .......... .......... .......... 81% 5.81M 0s
  3350K .......... .......... .......... .......... .......... 83% 7.39M 0s
  3400K .......... .......... .......... .......... .......... 84% 31.4M 0s
  3450K .......... .......... .......... .......... .......... 85% 2.71M 0s
  3500K .......... .......... .......... .......... .......... 86% 29.1M 0s
  3550K .......... .......... .......... .......... .......... 87%  298M 0s
  3600K .......... .......... .......... .......... .......... 89%  506M 0s
  3650K .......... .......... .......... .......... .......... 90%  523M 0s
  3700K .......... .......... .......... .......... .......... 91%  499M 0s
  3750K .......... .......... .......... .......... .......... 92%  506M 0s
  3800K .......... .......... .......... .......... .......... 93% 4.67M 0s
  3850K .......... .......... .......... .......... .......... 95% 16.8M 0s
  3900K .......... .......... .......... .......... .......... 96%  291M 0s
  3950K .......... .......... .......... .......... .......... 97% 29.5M 0s
  4000K .......... .......... .......... .......... .......... 98%  256M 0s
  4050K .......... .......... .......... .......... ......    100%  356M=0.5s

2025-05-17 16:19:47 (7.47 MB/s) - ‘/home/juntae02/rokey_ws/build/multirobot_map_merge/map00.pgm’ saved [4194362/4194362]

--2025-05-17 16:19:47--  https://raw.githubusercontent.com/hrnr/m-explore-extra/master/map_merge/hector_maps/map05.pgm
Resolving raw.githubusercontent.com (raw.githubusercontent.com)... 185.199.108.133, 185.199.111.133, 185.199.110.133, ...
Connecting to raw.githubusercontent.com (raw.githubusercontent.com)|185.199.108.133|:443... connected.
HTTP request sent, awaiting response... 200 OK
Length: 4194362 (4.0M) [application/octet-stream]
Saving to: ‘/home/juntae02/rokey_ws/build/multirobot_map_merge/map05.pgm’

     0K .......... .......... .......... .......... ..........  1% 1.16M 3s
    50K .......... .......... .......... .......... ..........  2%  128M 2s
   100K .......... .......... .......... .......... ..........  3% 2.91M 2s
   150K .......... .......... .......... .......... ..........  4%  136M 1s
   200K .......... .......... .......... .......... ..........  6% 2.87M 1s
   250K .......... .......... .......... .......... ..........  7% 49.1M 1s
   300K .......... .......... .......... .......... ..........  8%  196M 1s
   350K .......... .......... .......... .......... ..........  9% 4.87M 1s
   400K .......... .......... .......... .......... .......... 10% 3.58M 1s
   450K .......... .......... .......... .......... .......... 12%  313M 1s
   500K .......... .......... .......... .......... .......... 13%  386M 1s
   550K .......... .......... .......... .......... .......... 14% 3.74M 1s
   600K .......... .......... .......... .......... .......... 15%  354M 1s
   650K .......... .......... .......... .......... .......... 17%  143M 1s
   700K .......... .......... .......... .......... .......... 18% 2.96M 1s
   750K .......... .......... .......... .......... .......... 19%  326M 1s
   800K .......... .......... .......... .......... .......... 20%  265M 1s
   850K .......... .......... .......... .......... .......... 21% 2.76M 1s
   900K .......... .......... .......... .......... .......... 23%  321M 0s
   950K .......... .......... .......... .......... .......... 24% 1.79M 1s
  1000K .......... .......... .......... .......... .......... 25% 60.6M 1s
  1050K .......... .......... .......... .......... .......... 26%  171M 0s
  1100K .......... .......... .......... .......... .......... 28%  237M 0s
  1150K .......... .......... .......... .......... .......... 29% 2.21M 0s
  1200K .......... .......... .......... .......... .......... 30% 18.8M 0s
  1250K .......... .......... .......... .......... .......... 31%  779K 1s
  1300K .......... .......... .......... .......... .......... 32%  283M 1s
  1350K .......... .......... .......... .......... .......... 34%  324M 1s
  1400K .......... .......... .......... .......... .......... 35%  308M 0s
  1450K .......... .......... .......... .......... .......... 36% 7.50M 0s
  1500K .......... .......... .......... .......... .......... 37% 7.59M 0s
  1550K .......... .......... .......... .......... .......... 39% 3.27M 0s
  1600K .......... .......... .......... .......... .......... 40%  327M 0s
  1650K .......... .......... .......... .......... .......... 41% 11.3M 0s
  1700K .......... .......... .......... .......... .......... 42% 6.96M 0s
  1750K .......... .......... .......... .......... .......... 43% 15.1M 0s
  1800K .......... .......... .......... .......... .......... 45% 16.2M 0s
  1850K .......... .......... .......... .......... .......... 46% 9.83M 0s
  1900K .......... .......... .......... .......... .......... 47% 3.74M 0s
  1950K .......... .......... .......... .......... .......... 48% 3.26M 0s
  2000K .......... .......... .......... .......... .......... 50%  398M 0s
  2050K .......... .......... .......... .......... .......... 51%  444M 0s
  2100K .......... .......... .......... .......... .......... 52%  406M 0s
  2150K .......... .......... .......... .......... .......... 53%  837K 0s
  2200K .......... .......... .......... .......... .......... 54%  246M 0s
  2250K .......... .......... .......... .......... .......... 56%  434M 0s
  2300K .......... .......... .......... .......... .......... 57%  465M 0s
  2350K .......... .......... .......... .......... .......... 58%  466M 0s
  2400K .......... .......... .......... .......... .......... 59% 6.17M 0s
  2450K .......... .......... .......... .......... .......... 61% 6.10M 0s
  2500K .......... .......... .......... .......... .......... 62% 2.30M 0s
  2550K .......... .......... .......... .......... .......... 63%  205M 0s
  2600K .......... .......... .......... .......... .......... 64% 8.50M 0s
  2650K .......... .......... .......... .......... .......... 65%  309M 0s
  2700K .......... .......... .......... .......... .......... 67%  352M 0s
  2750K .......... .......... .......... .......... .......... 68%  332M 0s
  2800K .......... .......... .......... .......... .......... 69% 3.36M 0s
  2850K .......... .......... .......... .......... .......... 70%  142M 0s
  2900K .......... .......... .......... .......... .......... 72%  323M 0s
  2950K .......... .......... .......... .......... .......... 73%  362M 0s
  3000K .......... .......... .......... .......... .......... 74%  342M 0s
  3050K .......... .......... .......... .......... .......... 75% 4.88M 0s
  3100K .......... .......... .......... .......... .......... 76% 2.18M 0s
  3150K .......... .......... .......... .......... .......... 78% 5.61M 0s
  3200K .......... .......... .......... .......... .......... 79%  283M 0s
  3250K .......... .......... .......... .......... .......... 80%  410M 0s
  3300K .......... .......... .......... .......... .......... 81%  411M 0s
  3350K .......... .......... .......... .......... .......... 83%  413M 0s
  3400K .......... .......... .......... .......... .......... 84%  354M 0s
  3450K .......... .......... .......... .......... .......... 85% 6.26M 0s
  3500K .......... .......... .......... .......... .......... 86% 11.3M 0s
  3550K .......... .......... .......... .......... .......... 87% 3.16M 0s
  3600K .......... .......... .......... .......... .......... 89% 6.21M 0s
  3650K .......... .......... .......... .......... .......... 90% 13.5M 0s
  3700K .......... .......... .......... .......... .......... 91% 5.83M 0s
  3750K .......... .......... .......... .......... .......... 92%  222M 0s
  3800K .......... .......... .......... .......... .......... 93% 2.50M 0s
  3850K .......... .......... .......... .......... .......... 95%  340M 0s
  3900K .......... .......... .......... .......... .......... 96% 29.4M 0s
  3950K .......... .......... .......... .......... .......... 97%  410M 0s
  4000K .......... .......... .......... .......... .......... 98%  349M 0s
  4050K .......... .......... .......... .......... ......    100%  471M=0.6s

2025-05-17 16:19:48 (6.93 MB/s) - ‘/home/juntae02/rokey_ws/build/multirobot_map_merge/map05.pgm’ saved [4194362/4194362]

--2025-05-17 16:19:48--  https://raw.githubusercontent.com/hrnr/m-explore-extra/master/map_merge/gmapping_maps/2011-08-09-12-22-52.pgm
Resolving raw.githubusercontent.com (raw.githubusercontent.com)... 185.199.108.133, 185.199.111.133, 185.199.109.133, ...
Connecting to raw.githubusercontent.com (raw.githubusercontent.com)|185.199.108.133|:443... connected.
HTTP request sent, awaiting response... 200 OK
Length: 16000058 (15M) [application/octet-stream]
Saving to: ‘/home/juntae02/rokey_ws/build/multirobot_map_merge/2011-08-09-12-22-52.pgm’

     0K .......... .......... .......... .......... ..........  0% 1.28M 12s
    50K .......... .......... .......... .......... ..........  0% 3.94M 8s
   100K .......... .......... .......... .......... ..........  0%  500M 5s
   150K .......... .......... .......... .......... ..........  1% 2.77M 5s
   200K .......... .......... .......... .......... ..........  1% 28.1M 4s
   250K .......... .......... .......... .......... ..........  1% 18.9M 4s
   300K .......... .......... .......... .......... ..........  2% 10.1M 3s
   350K .......... .......... .......... .......... ..........  2%  169M 3s
   400K .......... .......... .......... .......... ..........  2% 8.92M 3s
   450K .......... .......... .......... .......... ..........  3%  159M 3s
   500K .......... .......... .......... .......... ..........  3%  208M 2s
   550K .......... .......... .......... .......... ..........  3% 7.30M 2s
   600K .......... .......... .......... .......... ..........  4%  181M 2s
   650K .......... .......... .......... .......... ..........  4%  218M 2s
   700K .......... .......... .......... .......... ..........  4% 1.76M 2s
   750K .......... .......... .......... .......... ..........  5%  178M 2s
   800K .......... .......... .......... .......... ..........  5% 85.8M 2s
   850K .......... .......... .......... .......... ..........  5%  149M 2s
   900K .......... .......... .......... .......... ..........  6%  179M 2s
   950K .......... .......... .......... .......... ..........  6%  184M 2s
  1000K .......... .......... .......... .......... ..........  6%  160M 2s
  1050K .......... .......... .......... .......... ..........  7%  163M 2s
  1100K .......... .......... .......... .......... ..........  7%  172M 2s
  1150K .......... .......... .......... .......... ..........  7%  167M 1s
  1200K .......... .......... .......... .......... ..........  7%  130M 1s
  1250K .......... .......... .......... .......... ..........  8% 14.9M 1s
  1300K .......... .......... .......... .......... ..........  8%  150M 1s
  1350K .......... .......... .......... .......... ..........  8% 6.36M 1s
  1400K .......... .......... .......... .......... ..........  9% 1.78M 2s
  1450K .......... .......... .......... .......... ..........  9%  116M 2s
  1500K .......... .......... .......... .......... ..........  9%  127M 1s
  1550K .......... .......... .......... .......... .......... 10%  126M 1s
  1600K .......... .......... .......... .......... .......... 10% 98.8M 1s
  1650K .......... .......... .......... .......... .......... 10%  136M 1s
  1700K .......... .......... .......... .......... .......... 11%  135M 1s
  1750K .......... .......... .......... .......... .......... 11%  134M 1s
  1800K .......... .......... .......... .......... .......... 11%  123M 1s
  1850K .......... .......... .......... .......... .......... 12%  132M 1s
  1900K .......... .......... .......... .......... .......... 12%  137M 1s
  1950K .......... .......... .......... .......... .......... 12%  138M 1s
  2000K .......... .......... .......... .......... .......... 13% 5.94M 1s
  2050K .......... .......... .......... .......... .......... 13% 14.6M 1s
  2100K .......... .......... .......... .......... .......... 13%  158M 1s
  2150K .......... .......... .......... .......... .......... 14%  170M 1s
  2200K .......... .......... .......... .......... .......... 14%  154M 1s
  2250K .......... .......... .......... .......... .......... 14%  184M 1s
  2300K .......... .......... .......... .......... .......... 15%  182M 1s
  2350K .......... .......... .......... .......... .......... 15% 6.61M 1s
  2400K .......... .......... .......... .......... .......... 15% 39.3M 1s
  2450K .......... .......... .......... .......... .......... 15% 12.5M 1s
  2500K .......... .......... .......... .......... .......... 16%  203M 1s
  2550K .......... .......... .......... .......... .......... 16%  210M 1s
  2600K .......... .......... .......... .......... .......... 16%  167M 1s
  2650K .......... .......... .......... .......... .......... 17% 8.41M 1s
  2700K .......... .......... .......... .......... .......... 17% 48.8M 1s
  2750K .......... .......... .......... .......... .......... 17% 4.66M 1s
  2800K .......... .......... .......... .......... .......... 18% 2.95M 1s
  2850K .......... .......... .......... .......... .......... 18%  126M 1s
  2900K .......... .......... .......... .......... .......... 18%  146M 1s
  2950K .......... .......... .......... .......... .......... 19% 3.67M 1s
  3000K .......... .......... .......... .......... .......... 19%  108M 1s
  3050K .......... .......... .......... .......... .......... 19%  144M 1s
  3100K .......... .......... .......... .......... .......... 20%  135M 1s
  3150K .......... .......... .......... .......... .......... 20%  137M 1s
  3200K .......... .......... .......... .......... .......... 20%  112M 1s
  3250K .......... .......... .......... .......... .......... 21%  127M 1s
  3300K .......... .......... .......... .......... .......... 21%  136M 1s
  3350K .......... .......... .......... .......... .......... 21%  134M 1s
  3400K .......... .......... .......... .......... .......... 22%  261K 2s
  3450K .......... .......... .......... .......... .......... 22% 6.07M 2s
  3500K .......... .......... .......... .......... .......... 22% 5.60M 2s
  3550K .......... .......... .......... .......... .......... 23% 34.5M 2s
  3600K .......... .......... .......... .......... .......... 23% 5.17M 2s
  3650K .......... .......... .......... .......... .......... 23%  154M 1s
  3700K .......... .......... .......... .......... .......... 23%  185M 1s
  3750K .......... .......... .......... .......... .......... 24%  151M 1s
  3800K .......... .......... .......... .......... .......... 24% 1.15M 2s
  3850K .......... .......... .......... .......... .......... 24%  114M 2s
  3900K .......... .......... .......... .......... .......... 25%  119M 1s
  3950K .......... .......... .......... .......... .......... 25%  124M 1s
  4000K .......... .......... .......... .......... .......... 25%  101M 1s
  4050K .......... .......... .......... .......... .......... 26%  132M 1s
  4100K .......... .......... .......... .......... .......... 26%  136M 1s
  4150K .......... .......... .......... .......... .......... 26% 10.7M 1s
  4200K .......... .......... .......... .......... .......... 27%  101M 1s
  4250K .......... .......... .......... .......... .......... 27%  122M 1s
  4300K .......... .......... .......... .......... .......... 27%  129M 1s
  4350K .......... .......... .......... .......... .......... 28%  124M 1s
  4400K .......... .......... .......... .......... .......... 28%  103M 1s
  4450K .......... .......... .......... .......... .......... 28%  132M 1s
  4500K .......... .......... .......... .......... .......... 29% 1.17M 1s
  4550K .......... .......... .......... .......... .......... 29%  147K 2s
  4600K .......... .......... .......... .......... .......... 29%  152M 2s
  4650K .......... .......... .......... .......... .......... 30% 3.39M 2s
  4700K .......... .......... .......... .......... .......... 30% 2.75M 2s
  4750K .......... .......... .......... .......... .......... 30% 18.7M 2s
  4800K .......... .......... .......... .......... .......... 31% 6.67M 2s
  4850K .......... .......... .......... .......... .......... 31% 1.09M 2s
  4900K .......... .......... .......... .......... .......... 31% 3.49M 2s
  4950K .......... .......... .......... .......... .......... 31%  104M 2s
  5000K .......... .......... .......... .......... .......... 32%  135M 2s
  5050K .......... .......... .......... .......... .......... 32%  135M 2s
  5100K .......... .......... .......... .......... .......... 32%  139M 2s
  5150K .......... .......... .......... .......... .......... 33%  157M 2s
  5200K .......... .......... .......... .......... .......... 33%  124M 2s
  5250K .......... .......... .......... .......... .......... 33%  142M 2s
  5300K .......... .......... .......... .......... .......... 34%  180M 2s
  5350K .......... .......... .......... .......... .......... 34%  170M 2s
  5400K .......... .......... .......... .......... .......... 34%  141M 2s
  5450K .......... .......... .......... .......... .......... 35%  167M 2s
  5500K .......... .......... .......... .......... .......... 35%  181M 2s
  5550K .......... .......... .......... .......... .......... 35%  170M 2s
  5600K .......... .......... .......... .......... .......... 36% 1.20M 2s
  5650K .......... .......... .......... .......... .......... 36% 28.2M 2s
  5700K .......... .......... .......... .......... .......... 36%  123M 2s
  5750K .......... .......... .......... .......... .......... 37%  122M 2s
  5800K .......... .......... .......... .......... .......... 37%  121M 2s
  5850K .......... .......... .......... .......... .......... 37%  135M 2s
  5900K .......... .......... .......... .......... .......... 38%  159M 2s
  5950K .......... .......... .......... .......... .......... 38%  164M 2s
  6000K .......... .......... .......... .......... .......... 38%  159M 2s
  6050K .......... .......... .......... .......... .......... 39%  181M 2s
  6100K .......... .......... .......... .......... .......... 39%  189M 2s
  6150K .......... .......... .......... .......... .......... 39%  183M 2s
  6200K .......... .......... .......... .......... .......... 39%  157M 2s
  6250K .......... .......... .......... .......... .......... 40%  179M 2s
  6300K .......... .......... .......... .......... .......... 40%  195M 2s
  6350K .......... .......... .......... .......... .......... 40%  193M 2s
  6400K .......... .......... .......... .......... .......... 41% 7.70M 1s
  6450K .......... .......... .......... .......... .......... 41%  277M 1s
  6500K .......... .......... .......... .......... .......... 41%  328M 1s
  6550K .......... .......... .......... .......... .......... 42%  357M 1s
  6600K .......... .......... .......... .......... .......... 42%  332M 1s
  6650K .......... .......... .......... .......... .......... 42%  361M 1s
  6700K .......... .......... .......... .......... .......... 43%  335M 1s
  6750K .......... .......... .......... .......... .......... 43% 2.76M 1s
  6800K .......... .......... .......... .......... .......... 43%  133M 1s
  6850K .......... .......... .......... .......... .......... 44%  159M 1s
  6900K .......... .......... .......... .......... .......... 44%  148M 1s
  6950K .......... .......... .......... .......... .......... 44%  183M 1s
  7000K .......... .......... .......... .......... .......... 45%  170M 1s
  7050K .......... .......... .......... .......... .......... 45%  199M 1s
  7100K .......... .......... .......... .......... .......... 45%  178M 1s
  7150K .......... .......... .......... .......... .......... 46%  178M 1s
  7200K .......... .......... .......... .......... .......... 46%  159M 1s
  7250K .......... .......... .......... .......... .......... 46%  185M 1s
  7300K .......... .......... .......... .......... .......... 47%  166M 1s
  7350K .......... .......... .......... .......... .......... 47%  162M 1s
  7400K .......... .......... .......... .......... .......... 47%  148M 1s
  7450K .......... .......... .......... .......... .......... 47%  175M 1s
  7500K .......... .......... .......... .......... .......... 48% 3.12M 1s
  7550K .......... .......... .......... .......... .......... 48%  234M 1s
  7600K .......... .......... .......... .......... .......... 48%  233M 1s
  7650K .......... .......... .......... .......... .......... 49%  237M 1s
  7700K .......... .......... .......... .......... .......... 49%  293M 1s
  7750K .......... .......... .......... .......... .......... 49%  306M 1s
  7800K .......... .......... .......... .......... .......... 50%  274M 1s
  7850K .......... .......... .......... .......... .......... 50%  308M 1s
  7900K .......... .......... .......... .......... .......... 50%  280M 1s
  7950K .......... .......... .......... .......... .......... 51%  292M 1s
  8000K .......... .......... .......... .......... .......... 51%  257M 1s
  8050K .......... .......... .......... .......... .......... 51%  312M 1s
  8100K .......... .......... .......... .......... .......... 52%  305M 1s
  8150K .......... .......... .......... .......... .......... 52% 4.19M 1s
  8200K .......... .......... .......... .......... .......... 52%  237M 1s
  8250K .......... .......... .......... .......... .......... 53%  238M 1s
  8300K .......... .......... .......... .......... .......... 53%  189M 1s
  8350K .......... .......... .......... .......... .......... 53%  196M 1s
  8400K .......... .......... .......... .......... .......... 54%  176M 1s
  8450K .......... .......... .......... .......... .......... 54%  218M 1s
  8500K .......... .......... .......... .......... .......... 54%  223M 1s
  8550K .......... .......... .......... .......... .......... 55%  220M 1s
  8600K .......... .......... .......... .......... .......... 55%  208M 1s
  8650K .......... .......... .......... .......... .......... 55%  223M 1s
  8700K .......... .......... .......... .......... .......... 55%  225M 1s
  8750K .......... .......... .......... .......... .......... 56%  213M 1s
  8800K .......... .......... .......... .......... .......... 56% 9.85M 1s
  8850K .......... .......... .......... .......... .......... 56%  320M 1s
  8900K .......... .......... .......... .......... .......... 57%  495M 1s
  8950K .......... .......... .......... .......... .......... 57%  554M 1s
  9000K .......... .......... .......... .......... .......... 57%  405M 1s
  9050K .......... .......... .......... .......... .......... 58%  450M 1s
  9100K .......... .......... .......... .......... .......... 58% 2.25M 1s
  9150K .......... .......... .......... .......... .......... 58%  149M 1s
  9200K .......... .......... .......... .......... .......... 59%  154M 1s
  9250K .......... .......... .......... .......... .......... 59% 6.30M 1s
  9300K .......... .......... .......... .......... .......... 59%  133M 1s
  9350K .......... .......... .......... .......... .......... 60%  165M 1s
  9400K .......... .......... .......... .......... .......... 60%  146M 1s
  9450K .......... .......... .......... .......... .......... 60%  212M 1s
  9500K .......... .......... .......... .......... .......... 61%  174M 1s
  9550K .......... .......... .......... .......... .......... 61%  234M 1s
  9600K .......... .......... .......... .......... .......... 61%  200M 1s
  9650K .......... .......... .......... .......... .......... 62%  247M 1s
  9700K .......... .......... .......... .......... .......... 62%  227M 1s
  9750K .......... .......... .......... .......... .......... 62%  239M 1s
  9800K .......... .......... .......... .......... .......... 63%  207M 1s
  9850K .......... .......... .......... .......... .......... 63%  239M 1s
  9900K .......... .......... .......... .......... .......... 63%  233M 1s
  9950K .......... .......... .......... .......... .......... 63% 6.34M 1s
 10000K .......... .......... .......... .......... .......... 64% 3.37M 1s
 10050K .......... .......... .......... .......... .......... 64%  202M 1s
 10100K .......... .......... .......... .......... .......... 64%  194M 1s
 10150K .......... .......... .......... .......... .......... 65%  182M 1s
 10200K .......... .......... .......... .......... .......... 65%  160M 1s
 10250K .......... .......... .......... .......... .......... 65%  182M 1s
 10300K .......... .......... .......... .......... .......... 66%  207M 1s
 10350K .......... .......... .......... .......... .......... 66%  167M 1s
 10400K .......... .......... .......... .......... .......... 66%  112M 1s
 10450K .......... .......... .......... .......... .......... 67%  127M 1s
 10500K .......... .......... .......... .......... .......... 67%  134M 1s
 10550K .......... .......... .......... .......... .......... 67%  145M 1s
 10600K .......... .......... .......... .......... .......... 68%  128M 1s
 10650K .......... .......... .......... .......... .......... 68% 11.1M 1s
 10700K .......... .......... .......... .......... .......... 68% 7.18M 1s
 10750K .......... .......... .......... .......... .......... 69%  421M 1s
 10800K .......... .......... .......... .......... .......... 69%  304M 1s
 10850K .......... .......... .......... .......... .......... 69%  381M 1s
 10900K .......... .......... .......... .......... .......... 70%  374M 1s
 10950K .......... .......... .......... .......... .......... 70%  401M 0s
 11000K .......... .......... .......... .......... .......... 70%  365M 0s
 11050K .......... .......... .......... .......... .......... 71%  406M 0s
 11100K .......... .......... .......... .......... .......... 71%  377M 0s
 11150K .......... .......... .......... .......... .......... 71% 15.0M 0s
 11200K .......... .......... .......... .......... .......... 71%  337M 0s
 11250K .......... .......... .......... .......... .......... 72%  396M 0s
 11300K .......... .......... .......... .......... .......... 72%  400M 0s
 11350K .......... .......... .......... .......... .......... 72%  403M 0s
 11400K .......... .......... .......... .......... .......... 73%  370M 0s
 11450K .......... .......... .......... .......... .......... 73%  442M 0s
 11500K .......... .......... .......... .......... .......... 73%  461M 0s
 11550K .......... .......... .......... .......... .......... 74%  465M 0s
 11600K .......... .......... .......... .......... .......... 74%  396M 0s
 11650K .......... .......... .......... .......... .......... 74%  440M 0s
 11700K .......... .......... .......... .......... .......... 75% 1.22M 0s
 11750K .......... .......... .......... .......... .......... 75%  120M 0s
 11800K .......... .......... .......... .......... .......... 75%  160M 0s
 11850K .......... .......... .......... .......... .......... 76%  207M 0s
 11900K .......... .......... .......... .......... .......... 76%  221M 0s
 11950K .......... .......... .......... .......... .......... 76%  209M 0s
 12000K .......... .......... .......... .......... .......... 77%  168M 0s
 12050K .......... .......... .......... .......... .......... 77%  214M 0s
 12100K .......... .......... .......... .......... .......... 77%  152M 0s
 12150K .......... .......... .......... .......... .......... 78%  155M 0s
 12200K .......... .......... .......... .......... .......... 78%  125M 0s
 12250K .......... .......... .......... .......... .......... 78%  146M 0s
 12300K .......... .......... .......... .......... .......... 79%  145M 0s
 12350K .......... .......... .......... .......... .......... 79%  150M 0s
 12400K .......... .......... .......... .......... .......... 79%  120M 0s
 12450K .......... .......... .......... .......... .......... 79%  143M 0s
 12500K .......... .......... .......... .......... .......... 80% 3.75M 0s
 12550K .......... .......... .......... .......... .......... 80%  127M 0s
 12600K .......... .......... .......... .......... .......... 80%  134M 0s
 12650K .......... .......... .......... .......... .......... 81%  190M 0s
 12700K .......... .......... .......... .......... .......... 81%  208M 0s
 12750K .......... .......... .......... .......... .......... 81%  208M 0s
 12800K .......... .......... .......... .......... .......... 82% 39.5M 0s
 12850K .......... .......... .......... .......... .......... 82%  157M 0s
 12900K .......... .......... .......... .......... .......... 82%  143M 0s
 12950K .......... .......... .......... .......... .......... 83%  204M 0s
 13000K .......... .......... .......... .......... .......... 83%  144M 0s
 13050K .......... .......... .......... .......... .......... 83%  192M 0s
 13100K .......... .......... .......... .......... .......... 84%  242M 0s
 13150K .......... .......... .......... .......... .......... 84%  242M 0s
 13200K .......... .......... .......... .......... .......... 84% 20.4M 0s
 13250K .......... .......... .......... .......... .......... 85%  553M 0s
 13300K .......... .......... .......... .......... .......... 85%  567M 0s
 13350K .......... .......... .......... .......... .......... 85%  572M 0s
 13400K .......... .......... .......... .......... .......... 86%  465M 0s
 13450K .......... .......... .......... .......... .......... 86%  596M 0s
 13500K .......... .......... .......... .......... .......... 86%  594M 0s
 13550K .......... .......... .......... .......... .......... 87%  587M 0s
 13600K .......... .......... .......... .......... .......... 87% 5.90M 0s
 13650K .......... .......... .......... .......... .......... 87%  335M 0s
 13700K .......... .......... .......... .......... .......... 87%  566M 0s
 13750K .......... .......... .......... .......... .......... 88% 24.7M 0s
 13800K .......... .......... .......... .......... .......... 88%  375M 0s
 13850K .......... .......... .......... .......... .......... 88%  584M 0s
 13900K .......... .......... .......... .......... .......... 89%  553M 0s
 13950K .......... .......... .......... .......... .......... 89%  600M 0s
 14000K .......... .......... .......... .......... .......... 89%  493M 0s
 14050K .......... .......... .......... .......... .......... 90%  581M 0s
 14100K .......... .......... .......... .......... .......... 90%  577M 0s
 14150K .......... .......... .......... .......... .......... 90%  564M 0s
 14200K .......... .......... .......... .......... .......... 91%  486M 0s
 14250K .......... .......... .......... .......... .......... 91%  575M 0s
 14300K .......... .......... .......... .......... .......... 91% 26.5M 0s
 14350K .......... .......... .......... .......... .......... 92%  410M 0s
 14400K .......... .......... .......... .......... .......... 92% 4.11M 0s
 14450K .......... .......... .......... .......... .......... 92% 3.54M 0s
 14500K .......... .......... .......... .......... .......... 93%  108M 0s
 14550K .......... .......... .......... .......... .......... 93%  140M 0s
 14600K .......... .......... .......... .......... .......... 93%  132M 0s
 14650K .......... .......... .......... .......... .......... 94%  145M 0s
 14700K .......... .......... .......... .......... .......... 94%  144M 0s
 14750K .......... .......... .......... .......... .......... 94%  149M 0s
 14800K .......... .......... .......... .......... .......... 95%  121M 0s
 14850K .......... .......... .......... .......... .......... 95%  146M 0s
 14900K .......... .......... .......... .......... .......... 95%  147M 0s
 14950K .......... .......... .......... .......... .......... 95%  141M 0s
 15000K .......... .......... .......... .......... .......... 96%  131M 0s
 15050K .......... .......... .......... .......... .......... 96%  143M 0s
 15100K .......... .......... .......... .......... .......... 96%  158M 0s
 15150K .......... .......... .......... .......... .......... 97% 6.62M 0s
 15200K .......... .......... .......... .......... .......... 97%  279M 0s
 15250K .......... .......... .......... .......... .......... 97%  364M 0s
 15300K .......... .......... .......... .......... .......... 98%  375M 0s
 15350K .......... .......... .......... .......... .......... 98%  376M 0s
 15400K .......... .......... .......... .......... .......... 98%  329M 0s
 15450K .......... .......... .......... .......... .......... 99%  362M 0s
 15500K .......... .......... .......... .......... .......... 99%  420M 0s
 15550K .......... .......... .......... .......... .......... 99%  432M 0s
 15600K .......... .......... .....                           100%  334M=1.3s

2025-05-17 16:19:50 (11.7 MB/s) - ‘/home/juntae02/rokey_ws/build/multirobot_map_merge/2011-08-09-12-22-52.pgm’ saved [16000058/16000058]

--2025-05-17 16:19:50--  https://raw.githubusercontent.com/hrnr/m-explore-extra/master/map_merge/gmapping_maps/2012-01-28-11-12-01.pgm
Resolving raw.githubusercontent.com (raw.githubusercontent.com)... 185.199.109.133, 185.199.111.133, 185.199.108.133, ...
Connecting to raw.githubusercontent.com (raw.githubusercontent.com)|185.199.109.133|:443... connected.
HTTP request sent, awaiting response... 200 OK
Length: 16000058 (15M) [application/octet-stream]
Saving to: ‘/home/juntae02/rokey_ws/build/multirobot_map_merge/2012-01-28-11-12-01.pgm’

     0K .......... .......... .......... .......... ..........  0% 2.42M 6s
    50K .......... .......... .......... .......... ..........  0% 2.77M 6s
   100K .......... .......... .......... .......... ..........  0%  134M 4s
   150K .......... .......... .......... .......... ..........  1% 2.80M 4s
   200K .......... .......... .......... .......... ..........  1%  164M 3s
   250K .......... .......... .......... .......... ..........  1% 11.6M 3s
   300K .......... .......... .......... .......... ..........  2%  181M 3s
   350K .......... .......... .......... .......... ..........  2% 28.8M 2s
   400K .......... .......... .......... .......... ..........  2% 16.8M 2s
   450K .......... .......... .......... .......... ..........  3%  183M 2s
   500K .......... .......... .......... .......... ..........  3% 10.5M 2s
   550K .......... .......... .......... .......... ..........  3% 4.40M 2s
   600K .......... .......... .......... .......... ..........  4%  163M 2s
   650K .......... .......... .......... .......... ..........  4%  157M 2s
   700K .......... .......... .......... .......... ..........  4%  156M 2s
   750K .......... .......... .......... .......... ..........  5% 24.3M 2s
   800K .......... .......... .......... .......... ..........  5%  133M 1s
   850K .......... .......... .......... .......... ..........  5%  160M 1s
   900K .......... .......... .......... .......... ..........  6%  174M 1s
   950K .......... .......... .......... .......... ..........  6%  137M 1s
  1000K .......... .......... .......... .......... ..........  6%  164M 1s
  1050K .......... .......... .......... .......... ..........  7% 7.20M 1s
  1100K .......... .......... .......... .......... ..........  7% 8.37M 1s
  1150K .......... .......... .......... .......... ..........  7%  144M 1s
  1200K .......... .......... .......... .......... ..........  7% 25.5M 1s
  1250K .......... .......... .......... .......... ..........  8%  145M 1s
  1300K .......... .......... .......... .......... ..........  8%  138M 1s
  1350K .......... .......... .......... .......... ..........  8%  163M 1s
  1400K .......... .......... .......... .......... ..........  9%  215M 1s
  1450K .......... .......... .......... .......... ..........  9%  203M 1s
  1500K .......... .......... .......... .......... ..........  9%  200M 1s
  1550K .......... .......... .......... .......... .......... 10%  184M 1s
  1600K .......... .......... .......... .......... .......... 10%  147M 1s
  1650K .......... .......... .......... .......... .......... 10%  137M 1s
  1700K .......... .......... .......... .......... .......... 11%  133M 1s
  1750K .......... .......... .......... .......... .......... 11%  122M 1s
  1800K .......... .......... .......... .......... .......... 11%  172M 1s
  1850K .......... .......... .......... .......... .......... 12%  213M 1s
  1900K .......... .......... .......... .......... .......... 12%  859K 1s
  1950K .......... .......... .......... .......... .......... 12%  118M 1s
  2000K .......... .......... .......... .......... .......... 13%  180M 1s
  2050K .......... .......... .......... .......... .......... 13%  195M 1s
  2100K .......... .......... .......... .......... .......... 13%  169M 1s
  2150K .......... .......... .......... .......... .......... 14%  166M 1s
  2200K .......... .......... .......... .......... .......... 14%  190M 1s
  2250K .......... .......... .......... .......... .......... 14%  187M 1s
  2300K .......... .......... .......... .......... .......... 15%  182M 1s
  2350K .......... .......... .......... .......... .......... 15%  151M 1s
  2400K .......... .......... .......... .......... .......... 15%  184M 1s
  2450K .......... .......... .......... .......... .......... 15%  139M 1s
  2500K .......... .......... .......... .......... .......... 16%  126M 1s
  2550K .......... .......... .......... .......... .......... 16%  113M 1s
  2600K .......... .......... .......... .......... .......... 16% 4.02M 1s
  2650K .......... .......... .......... .......... .......... 17% 23.3M 1s
  2700K .......... .......... .......... .......... .......... 17%  151M 1s
  2750K .......... .......... .......... .......... .......... 17%  157M 1s
  2800K .......... .......... .......... .......... .......... 18%  189M 1s
  2850K .......... .......... .......... .......... .......... 18%  200M 1s
  2900K .......... .......... .......... .......... .......... 18%  222M 1s
  2950K .......... .......... .......... .......... .......... 19%  210M 1s
  3000K .......... .......... .......... .......... .......... 19%  237M 1s
  3050K .......... .......... .......... .......... .......... 19%  180M 1s
  3100K .......... .......... .......... .......... .......... 20%  152M 1s
  3150K .......... .......... .......... .......... .......... 20%  139M 1s
  3200K .......... .......... .......... .......... .......... 20%  228M 1s
  3250K .......... .......... .......... .......... .......... 21%  169M 1s
  3300K .......... .......... .......... .......... .......... 21%  269M 1s
  3350K .......... .......... .......... .......... .......... 21%  285M 1s
  3400K .......... .......... .......... .......... .......... 22% 11.7M 1s
  3450K .......... .......... .......... .......... .......... 22%  504M 1s
  3500K .......... .......... .......... .......... .......... 22%  556M 1s
  3550K .......... .......... .......... .......... .......... 23%  466M 1s
  3600K .......... .......... .......... .......... .......... 23%  586M 1s
  3650K .......... .......... .......... .......... .......... 23%  544M 1s
  3700K .......... .......... .......... .......... .......... 23%  562M 1s
  3750K .......... .......... .......... .......... .......... 24%  515M 1s
  3800K .......... .......... .......... .......... .......... 24%  561M 1s
  3850K .......... .......... .......... .......... .......... 24% 10.2M 1s
  3900K .......... .......... .......... .......... .......... 25%  483M 1s
  3950K .......... .......... .......... .......... .......... 25%  470M 1s
  4000K .......... .......... .......... .......... .......... 25% 1.36M 1s
  4050K .......... .......... .......... .......... .......... 26%  105M 1s
  4100K .......... .......... .......... .......... .......... 26%  152M 1s
  4150K .......... .......... .......... .......... .......... 26%  146M 1s
  4200K .......... .......... .......... .......... .......... 27% 3.42M 1s
  4250K .......... .......... .......... .......... .......... 27%  157M 1s
  4300K .......... .......... .......... .......... .......... 27%  147M 1s
  4350K .......... .......... .......... .......... .......... 28% 4.51M 1s
  4400K .......... .......... .......... .......... .......... 28%  144M 1s
  4450K .......... .......... .......... .......... .......... 28%  169M 1s
  4500K .......... .......... .......... .......... .......... 29%  172M 1s
  4550K .......... .......... .......... .......... .......... 29%  164M 1s
  4600K .......... .......... .......... .......... .......... 29%  154M 1s
  4650K .......... .......... .......... .......... .......... 30%  159M 1s
  4700K .......... .......... .......... .......... .......... 30%  151M 1s
  4750K .......... .......... .......... .......... .......... 30%  130M 1s
  4800K .......... .......... .......... .......... .......... 31%  164M 1s
  4850K .......... .......... .......... .......... .......... 31%  149M 1s
  4900K .......... .......... .......... .......... .......... 31%  171M 1s
  4950K .......... .......... .......... .......... .......... 31%  141M 1s
  5000K .......... .......... .......... .......... .......... 32% 3.26M 1s
  5050K .......... .......... .......... .......... .......... 32% 2.27M 1s
  5100K .......... .......... .......... .......... .......... 32%  136M 1s
  5150K .......... .......... .......... .......... .......... 33%  115M 1s
  5200K .......... .......... .......... .......... .......... 33%  169M 1s
  5250K .......... .......... .......... .......... .......... 33%  146M 1s
  5300K .......... .......... .......... .......... .......... 34%  164M 1s
  5350K .......... .......... .......... .......... .......... 34%  143M 1s
  5400K .......... .......... .......... .......... .......... 34%  156M 1s
  5450K .......... .......... .......... .......... .......... 35%  149M 1s
  5500K .......... .......... .......... .......... .......... 35%  161M 1s
  5550K .......... .......... .......... .......... .......... 35%  139M 1s
  5600K .......... .......... .......... .......... .......... 36%  142M 1s
  5650K .......... .......... .......... .......... .......... 36%  182M 1s
  5700K .......... .......... .......... .......... .......... 36% 82.9M 1s
  5750K .......... .......... .......... .......... .......... 37%  117M 1s
  5800K .......... .......... .......... .......... .......... 37%  123M 1s
  5850K .......... .......... .......... .......... .......... 37%  149M 0s
  5900K .......... .......... .......... .......... .......... 38%  199M 0s
  5950K .......... .......... .......... .......... .......... 38%  172M 0s
  6000K .......... .......... .......... .......... .......... 38%  205M 0s
  6050K .......... .......... .......... .......... .......... 39%  177M 0s
  6100K .......... .......... .......... .......... .......... 39%  144M 0s
  6150K .......... .......... .......... .......... .......... 39%  130M 0s
  6200K .......... .......... .......... .......... .......... 39%  142M 0s
  6250K .......... .......... .......... .......... .......... 40%  148M 0s
  6300K .......... .......... .......... .......... .......... 40% 2.39M 0s
  6350K .......... .......... .......... .......... .......... 40%  226M 0s
  6400K .......... .......... .......... .......... .......... 41% 3.61M 0s
  6450K .......... .......... .......... .......... .......... 41% 8.78M 0s
  6500K .......... .......... .......... .......... .......... 41%  134M 0s
  6550K .......... .......... .......... .......... .......... 42%  178M 0s
  6600K .......... .......... .......... .......... .......... 42% 29.6M 0s
  6650K .......... .......... .......... .......... .......... 42%  111M 0s
  6700K .......... .......... .......... .......... .......... 43%  172M 0s
  6750K .......... .......... .......... .......... .......... 43%  164M 0s
  6800K .......... .......... .......... .......... .......... 43%  195M 0s
  6850K .......... .......... .......... .......... .......... 44%  189M 0s
  6900K .......... .......... .......... .......... .......... 44%  188M 0s
  6950K .......... .......... .......... .......... .......... 44%  132M 0s
  7000K .......... .......... .......... .......... .......... 45%  197M 0s
  7050K .......... .......... .......... .......... .......... 45%  187M 0s
  7100K .......... .......... .......... .......... .......... 45%  193M 0s
  7150K .......... .......... .......... .......... .......... 46%  140M 0s
  7200K .......... .......... .......... .......... .......... 46%  174M 0s
  7250K .......... .......... .......... .......... .......... 46% 13.9M 0s
  7300K .......... .......... .......... .......... .......... 47%  293M 0s
  7350K .......... .......... .......... .......... .......... 47%  316M 0s
  7400K .......... .......... .......... .......... .......... 47% 21.6M 0s
  7450K .......... .......... .......... .......... .......... 47%  428M 0s
  7500K .......... .......... .......... .......... .......... 48%  496M 0s
  7550K .......... .......... .......... .......... .......... 48%  468M 0s
  7600K .......... .......... .......... .......... .......... 48%  543M 0s
  7650K .......... .......... .......... .......... .......... 49%  515M 0s
  7700K .......... .......... .......... .......... .......... 49%  555M 0s
  7750K .......... .......... .......... .......... .......... 49%  488M 0s
  7800K .......... .......... .......... .......... .......... 50%  542M 0s
  7850K .......... .......... .......... .......... .......... 50%  487M 0s
  7900K .......... .......... .......... .......... .......... 50% 10.6M 0s
  7950K .......... .......... .......... .......... .......... 51%  427M 0s
  8000K .......... .......... .......... .......... .......... 51% 26.9M 0s
  8050K .......... .......... .......... .......... .......... 51%  349M 0s
  8100K .......... .......... .......... .......... .......... 52%  500M 0s
  8150K .......... .......... .......... .......... .......... 52% 13.8M 0s
  8200K .......... .......... .......... .......... .......... 52% 17.7M 0s
  8250K .......... .......... .......... .......... .......... 53%  490M 0s
  8300K .......... .......... .......... .......... .......... 53%  497M 0s
  8350K .......... .......... .......... .......... .......... 53%  395M 0s
  8400K .......... .......... .......... .......... .......... 54%  443M 0s
  8450K .......... .......... .......... .......... .......... 54%  448M 0s
  8500K .......... .......... .......... .......... .......... 54%  483M 0s
  8550K .......... .......... .......... .......... .......... 55% 1.35M 0s
  8600K .......... .......... .......... .......... .......... 55%  102M 0s
  8650K .......... .......... .......... .......... .......... 55%  136M 0s
  8700K .......... .......... .......... .......... .......... 55%  176M 0s
  8750K .......... .......... .......... .......... .......... 56%  120M 0s
  8800K .......... .......... .......... .......... .......... 56%  137M 0s
  8850K .......... .......... .......... .......... .......... 56%  132M 0s
  8900K .......... .......... .......... .......... .......... 57%  139M 0s
  8950K .......... .......... .......... .......... .......... 57% 81.1M 0s
  9000K .......... .......... .......... .......... .......... 57%  123M 0s
  9050K .......... .......... .......... .......... .......... 58%  128M 0s
  9100K .......... .......... .......... .......... .......... 58%  145M 0s
  9150K .......... .......... .......... .......... .......... 58% 1.24M 0s
  9200K .......... .......... .......... .......... .......... 59%  154M 0s
  9250K .......... .......... .......... .......... .......... 59%  166M 0s
  9300K .......... .......... .......... .......... .......... 59%  133M 0s
  9350K .......... .......... .......... .......... .......... 60%  166M 0s
  9400K .......... .......... .......... .......... .......... 60%  175M 0s
  9450K .......... .......... .......... .......... .......... 60%  181M 0s
  9500K .......... .......... .......... .......... .......... 61%  182M 0s
  9550K .......... .......... .......... .......... .......... 61%  156M 0s
  9600K .......... .......... .......... .......... .......... 61%  171M 0s
  9650K .......... .......... .......... .......... .......... 62%  179M 0s
  9700K .......... .......... .......... .......... .......... 62%  126M 0s
  9750K .......... .......... .......... .......... .......... 62%  115M 0s
  9800K .......... .......... .......... .......... .......... 63%  138M 0s
  9850K .......... .......... .......... .......... .......... 63%  118M 0s
  9900K .......... .......... .......... .......... .......... 63%  127M 0s
  9950K .......... .......... .......... .......... .......... 63%  100M 0s
 10000K .......... .......... .......... .......... .......... 64%  131M 0s
 10050K .......... .......... .......... .......... .......... 64%  120M 0s
 10100K .......... .......... .......... .......... .......... 64%  120M 0s
 10150K .......... .......... .......... .......... .......... 65%  102M 0s
 10200K .......... .......... .......... .......... .......... 65% 99.5M 0s
 10250K .......... .......... .......... .......... .......... 65%  117M 0s
 10300K .......... .......... .......... .......... .......... 66%  125M 0s
 10350K .......... .......... .......... .......... .......... 66%  105M 0s
 10400K .......... .......... .......... .......... .......... 66%  132M 0s
 10450K .......... .......... .......... .......... .......... 67%  132M 0s
 10500K .......... .......... .......... .......... .......... 67% 21.4M 0s
 10550K .......... .......... .......... .......... .......... 67%  104M 0s
 10600K .......... .......... .......... .......... .......... 68%  169M 0s
 10650K .......... .......... .......... .......... .......... 68%  395M 0s
 10700K .......... .......... .......... .......... .......... 68%  369M 0s
 10750K .......... .......... .......... .......... .......... 69%  405M 0s
 10800K .......... .......... .......... .......... .......... 69% 4.56M 0s
 10850K .......... .......... .......... .......... .......... 69%  280M 0s
 10900K .......... .......... .......... .......... .......... 70%  277M 0s
 10950K .......... .......... .......... .......... .......... 70%  259M 0s
 11000K .......... .......... .......... .......... .......... 70%  314M 0s
 11050K .......... .......... .......... .......... .......... 71%  299M 0s
 11100K .......... .......... .......... .......... .......... 71%  340M 0s
 11150K .......... .......... .......... .......... .......... 71%  268M 0s
 11200K .......... .......... .......... .......... .......... 71%  344M 0s
 11250K .......... .......... .......... .......... .......... 72%  349M 0s
 11300K .......... .......... .......... .......... .......... 72% 1.77M 0s
 11350K .......... .......... .......... .......... .......... 72% 86.9M 0s
 11400K .......... .......... .......... .......... .......... 73%  117M 0s
 11450K .......... .......... .......... .......... .......... 73%  133M 0s
 11500K .......... .......... .......... .......... .......... 73%  129M 0s
 11550K .......... .......... .......... .......... .......... 74%  110M 0s
 11600K .......... .......... .......... .......... .......... 74%  134M 0s
 11650K .......... .......... .......... .......... .......... 74%  130M 0s
 11700K .......... .......... .......... .......... .......... 75%  132M 0s
 11750K .......... .......... .......... .......... .......... 75%  116M 0s
 11800K .......... .......... .......... .......... .......... 75%  168M 0s
 11850K .......... .......... .......... .......... .......... 76%  355M 0s
 11900K .......... .......... .......... .......... .......... 76%  357M 0s
 11950K .......... .......... .......... .......... .......... 76%  297M 0s
 12000K .......... .......... .......... .......... .......... 77% 6.10M 0s
 12050K .......... .......... .......... .......... .......... 77%  268M 0s
 12100K .......... .......... .......... .......... .......... 77%  322M 0s
 12150K .......... .......... .......... .......... .......... 78%  315M 0s
 12200K .......... .......... .......... .......... .......... 78%  349M 0s
 12250K .......... .......... .......... .......... .......... 78%  340M 0s
 12300K .......... .......... .......... .......... .......... 79%  358M 0s
 12350K .......... .......... .......... .......... .......... 79%  299M 0s
 12400K .......... .......... .......... .......... .......... 79%  366M 0s
 12450K .......... .......... .......... .......... .......... 79%  346M 0s
 12500K .......... .......... .......... .......... .......... 80%  358M 0s
 12550K .......... .......... .......... .......... .......... 80%  325M 0s
 12600K .......... .......... .......... .......... .......... 80%  361M 0s
 12650K .......... .......... .......... .......... .......... 81%  363M 0s
 12700K .......... .......... .......... .......... .......... 81% 1.99M 0s
 12750K .......... .......... .......... .......... .......... 81% 88.3M 0s
 12800K .......... .......... .......... .......... .......... 82%  101M 0s
 12850K .......... .......... .......... .......... .......... 82%  132M 0s
 12900K .......... .......... .......... .......... .......... 82%  131M 0s
 12950K .......... .......... .......... .......... .......... 83%  115M 0s
 13000K .......... .......... .......... .......... .......... 83%  133M 0s
 13050K .......... .......... .......... .......... .......... 83%  124M 0s
 13100K .......... .......... .......... .......... .......... 84%  115M 0s
 13150K .......... .......... .......... .......... .......... 84%  111M 0s
 13200K .......... .......... .......... .......... .......... 84%  131M 0s
 13250K .......... .......... .......... .......... .......... 85%  127M 0s
 13300K .......... .......... .......... .......... .......... 85%  130M 0s
 13350K .......... .......... .......... .......... .......... 85%  312M 0s
 13400K .......... .......... .......... .......... .......... 86% 9.89M 0s
 13450K .......... .......... .......... .......... .......... 86%  325M 0s
 13500K .......... .......... .......... .......... .......... 86%  349M 0s
 13550K .......... .......... .......... .......... .......... 87%  292M 0s
 13600K .......... .......... .......... .......... .......... 87%  352M 0s
 13650K .......... .......... .......... .......... .......... 87%  333M 0s
 13700K .......... .......... .......... .......... .......... 87%  357M 0s
 13750K .......... .......... .......... .......... .......... 88%  313M 0s
 13800K .......... .......... .......... .......... .......... 88%  291M 0s
 13850K .......... .......... .......... .......... .......... 88%  351M 0s
 13900K .......... .......... .......... .......... .......... 89% 2.25M 0s
 13950K .......... .......... .......... .......... .......... 89% 19.6M 0s
 14000K .......... .......... .......... .......... .......... 89% 6.09M 0s
 14050K .......... .......... .......... .......... .......... 90%  120M 0s
 14100K .......... .......... .......... .......... .......... 90%  134M 0s
 14150K .......... .......... .......... .......... .......... 90% 10.2M 0s
 14200K .......... .......... .......... .......... .......... 91%  107M 0s
 14250K .......... .......... .......... .......... .......... 91%  116M 0s
 14300K .......... .......... .......... .......... .......... 91%  120M 0s
 14350K .......... .......... .......... .......... .......... 92%  109M 0s
 14400K .......... .......... .......... .......... .......... 92%  131M 0s
 14450K .......... .......... .......... .......... .......... 92%  334M 0s
 14500K .......... .......... .......... .......... .......... 93%  352M 0s
 14550K .......... .......... .......... .......... .......... 93%  315M 0s
 14600K .......... .......... .......... .......... .......... 93%  346M 0s
 14650K .......... .......... .......... .......... .......... 94%  348M 0s
 14700K .......... .......... .......... .......... .......... 94%  347M 0s
 14750K .......... .......... .......... .......... .......... 94%  297M 0s
 14800K .......... .......... .......... .......... .......... 95% 31.0M 0s
 14850K .......... .......... .......... .......... .......... 95%  300M 0s
 14900K .......... .......... .......... .......... .......... 95%  349M 0s
 14950K .......... .......... .......... .......... .......... 95%  320M 0s
 15000K .......... .......... .......... .......... .......... 96%  354M 0s
 15050K .......... .......... .......... .......... .......... 96%  360M 0s
 15100K .......... .......... .......... .......... .......... 96%  352M 0s
 15150K .......... .......... .......... .......... .......... 97%  289M 0s
 15200K .......... .......... .......... .......... .......... 97%  355M 0s
 15250K .......... .......... .......... .......... .......... 97%  361M 0s
 15300K .......... .......... .......... .......... .......... 98%  348M 0s
 15350K .......... .......... .......... .......... .......... 98%  321M 0s
 15400K .......... .......... .......... .......... .......... 98%  367M 0s
 15450K .......... .......... .......... .......... .......... 99%  360M 0s
 15500K .......... .......... .......... .......... .......... 99% 6.23M 0s
 15550K .......... .......... .......... .......... .......... 99%  289M 0s
 15600K .......... .......... .....                           100%  314M=0.6s

2025-05-17 16:19:51 (25.1 MB/s) - ‘/home/juntae02/rokey_ws/build/multirobot_map_merge/2012-01-28-11-12-01.pgm’ saved [16000058/16000058]

In file included from [01m[K/home/juntae02/rokey_ws/src/m-explore-ros2/map_merge/test/testing_helpers.h:7[m[K,
                 from [01m[K/home/juntae02/rokey_ws/src/m-explore-ros2/map_merge/test/test_merging_pipeline.cpp:42[m[K:
[01m[K/opt/ros/humble/include/tf2_geometry_msgs/tf2_geometry_msgs/tf2_geometry_msgs.h:35:2:[m[K [01;35m[Kwarning: [m[K#warning This header is obsolete, please include tf2_geometry_msgs/tf2_geometry_msgs.hpp instead [[01;35m[K]8;;https://gcc.gnu.org/onlinedocs/gcc/Warning-Options.html#index-Wcpp-Wcpp]8;;[m[K]
   35 | #[01;35m[Kwarning[m[K This header is obsolete, please include tf2_geometry_msgs/tf2_geometry_msgs.hpp instead
      |  [01;35m[K^~~~~~~[m[K
In file included from [01m[K/home/juntae02/rokey_ws/src/m-explore-ros2/map_merge/src/map_merge.cpp:44[m[K:
[01m[K/opt/ros/humble/include/tf2_geometry_msgs/tf2_geometry_msgs/tf2_geometry_msgs.h:35:2:[m[K [01;35m[Kwarning: [m[K#warning This header is obsolete, please include tf2_geometry_msgs/tf2_geometry_msgs.hpp instead [[01;35m[K]8;;https://gcc.gnu.org/onlinedocs/gcc/Warning-Options.html#index-Wcpp-Wcpp]8;;[m[K]
   35 | #[01;35m[Kwarning[m[K This header is obsolete, please include tf2_geometry_msgs/tf2_geometry_msgs.hpp instead
      |  [01;35m[K^~~~~~~[m[K
