[0.023s] Invoking command in '/home/juntae02/rokey_ws/build/multirobot_map_merge': CMAKE_PREFIX_PATH=${CMAKE_PREFIX_PATH}:/opt/ros/humble /usr/bin/cmake /home/juntae02/rokey_ws/src/m-explore-ros2/map_merge -DCMAKE_INSTALL_PREFIX=/home/juntae02/rokey_ws/install/multirobot_map_merge
[0.543s] -- The C compiler identification is GNU 11.4.0
[0.543s] -- The CXX compiler identification is GNU 11.4.0
[0.543s] -- Detecting C compiler ABI info
[0.543s] -- Detecting C compiler ABI info - done
[0.543s] -- Check for working C compiler: /usr/bin/cc - skipped
[0.544s] -- Detecting C compile features
[0.544s] -- Detecting C compile features - done
[0.544s] -- Detecting CXX compiler ABI info
[0.544s] -- Detecting CXX compiler ABI info - done
[0.544s] -- Check for working CXX compiler: /usr/bin/c++ - skipped
[0.544s] -- Detecting CXX compile features
[0.544s] -- Detecting CXX compile features - done
[0.544s] -- Found ament_cmake: 1.3.11 (/opt/ros/humble/share/ament_cmake/cmake)
[0.544s] -- Found Python3: /usr/bin/python3 (found version "3.10.12") found components: Interpreter 
[0.544s] -- Found rclcpp: 16.0.12 (/opt/ros/humble/share/rclcpp/cmake)
[0.585s] -- Found rosidl_generator_c: 3.1.6 (/opt/ros/humble/share/rosidl_generator_c/cmake)
[0.591s] -- Found rosidl_adapter: 3.1.6 (/opt/ros/humble/share/rosidl_adapter/cmake)
[0.600s] -- Found rosidl_generator_cpp: 3.1.6 (/opt/ros/humble/share/rosidl_generator_cpp/cmake)
[0.612s] -- Using all available rosidl_typesupport_c: rosidl_typesupport_fastrtps_c;rosidl_typesupport_introspection_c
[0.629s] -- Using all available rosidl_typesupport_cpp: rosidl_typesupport_fastrtps_cpp;rosidl_typesupport_introspection_cpp
[0.670s] -- Found rmw_implementation_cmake: 6.1.2 (/opt/ros/humble/share/rmw_implementation_cmake/cmake)
[0.673s] -- Found rmw_fastrtps_cpp: 6.2.7 (/opt/ros/humble/share/rmw_fastrtps_cpp/cmake)
[0.746s] -- Found OpenSSL: /usr/lib/x86_64-linux-gnu/libcrypto.so (found version "3.0.2")  
[0.771s] -- Found FastRTPS: /opt/ros/humble/include  
[0.809s] -- Using RMW implementation 'rmw_fastrtps_cpp' as default
[0.819s] -- Looking for pthread.h
[0.882s] -- Looking for pthread.h - found
[0.883s] -- Performing Test CMAKE_HAVE_LIBC_PTHREAD
[0.941s] -- Performing Test CMAKE_HAVE_LIBC_PTHREAD - Success
[0.943s] -- Found Threads: TRUE  
[0.996s] -- Found geometry_msgs: 4.8.0 (/opt/ros/humble/share/geometry_msgs/cmake)
[1.017s] -- Found image_geometry: 3.2.1 (/opt/ros/humble/share/image_geometry/cmake)
[1.048s] -- Found map_msgs: 2.1.0 (/opt/ros/humble/share/map_msgs/cmake)
[1.091s] -- Found tf2_geometry_msgs: 0.25.12 (/opt/ros/humble/share/tf2_geometry_msgs/cmake)
[1.118s] -- Found eigen3_cmake_module: 0.1.1 (/opt/ros/humble/share/eigen3_cmake_module/cmake)
[1.119s] -- Found Eigen3: TRUE (found version "3.4.0") 
[1.119s] -- Ensuring Eigen3 include directory is part of orocos-kdl CMake target
[1.277s] -- Found Boost: /usr/lib/x86_64-linux-gnu/cmake/Boost-1.74.0/BoostConfig.cmake (found version "1.74.0") found components: thread 
[1.280s] -- Found OpenCV: /usr (found version "4.5.4") 
[1.291s] -- Found ament_lint_auto: 0.12.12 (/opt/ros/humble/share/ament_lint_auto/cmake)
[1.356s] -- Found ament_cmake_gtest: 1.3.11 (/opt/ros/humble/share/ament_cmake_gtest/cmake)
[1.362s] --2025-05-17 16:19:46--  https://raw.githubusercontent.com/hrnr/m-explore-extra/master/map_merge/hector_maps/map00.pgm
[1.454s] Resolving raw.githubusercontent.com (raw.githubusercontent.com)... 185.199.108.133, 185.199.109.133, 185.199.110.133, ...
[1.548s] Connecting to raw.githubusercontent.com (raw.githubusercontent.com)|185.199.108.133|:443... connected.
[1.988s] HTTP request sent, awaiting response... 200 OK
[1.988s] Length: 4194362 (4.0M) [application/octet-stream]
[1.988s] Saving to: ‘/home/juntae02/rokey_ws/build/multirobot_map_merge/map00.pgm’
[1.988s] 
[2.084s]      0K .......... .......... .......... .......... ..........  1%  521K 8s
[2.116s]     50K .......... .......... .......... .......... ..........  2% 1.50M 5s
[2.130s]    100K .......... .......... .......... .......... ..........  3% 3.52M 4s
[2.151s]    150K .......... .......... .......... .......... ..........  4% 2.30M 3s
[2.152s]    200K .......... .......... .......... .......... ..........  6%  254M 3s
[2.158s]    250K .......... .......... .......... .......... ..........  7% 7.05M 2s
[2.164s]    300K .......... .......... .......... .......... ..........  8% 8.13M 2s
[2.165s]    350K .......... .......... .......... .......... ..........  9%  423M 2s
[2.185s]    400K .......... .......... .......... .......... .......... 10% 2.35M 2s
[2.185s]    450K .......... .......... .......... .......... .......... 12%  394M 1s
[2.185s]    500K .......... .......... .......... .......... .......... 13%  442M 1s
[2.186s]    550K .......... .......... .......... .......... .......... 14%  471M 1s
[2.207s]    600K .......... .......... .......... .......... .......... 15% 2.27M 1s
[2.216s]    650K .......... .......... .......... .......... .......... 17% 5.35M 1s
[2.230s]    700K .......... .......... .......... .......... .......... 18% 3.46M 1s
[2.231s]    750K .......... .......... .......... .......... .......... 19%  245M 1s
[2.231s]    800K .......... .......... .......... .......... .......... 20%  398M 1s
[2.234s]    850K .......... .......... .......... .......... .......... 21% 17.2M 1s
[2.249s]    900K .......... .......... .......... .......... .......... 23% 3.22M 1s
[2.249s]    950K .......... .......... .......... .......... .......... 24%  204M 1s
[2.254s]   1000K .......... .......... .......... .......... .......... 25% 9.76M 1s
[2.254s]   1050K .......... .......... .......... .......... .......... 26%  260M 1s
[2.257s]   1100K .......... .......... .......... .......... .......... 28% 15.3M 1s
[2.284s]   1150K .......... .......... .......... .......... .......... 29% 1.87M 1s
[2.284s]   1200K .......... .......... .......... .......... .......... 30%  305M 1s
[2.289s]   1250K .......... .......... .......... .......... .......... 31% 8.75M 1s
[2.293s]   1300K .......... .......... .......... .......... .......... 32% 12.8M 1s
[2.295s]   1350K .......... .......... .......... .......... .......... 34% 37.2M 1s
[2.303s]   1400K .......... .......... .......... .......... .......... 35% 5.47M 1s
[2.303s]   1450K .......... .......... .......... .......... .......... 36%  290M 1s
[2.322s]   1500K .......... .......... .......... .......... .......... 37% 2.63M 1s
[2.329s]   1550K .......... .......... .......... .......... .......... 39% 7.80M 1s
[2.329s]   1600K .......... .......... .......... .......... .......... 40%  194M 1s
[2.335s]   1650K .......... .......... .......... .......... .......... 41% 7.99M 0s
[2.335s]   1700K .......... .......... .......... .......... .......... 42%  397M 0s
[2.335s]   1750K .......... .......... .......... .......... .......... 43%  355M 0s
[2.345s]   1800K .......... .......... .......... .......... .......... 45% 4.96M 0s
[2.346s]   1850K .......... .......... .......... .......... .......... 46% 89.1M 0s
[2.346s]   1900K .......... .......... .......... .......... .......... 47%  212M 0s
[2.350s]   1950K .......... .......... .......... .......... .......... 48% 10.8M 0s
[2.367s]   2000K .......... .......... .......... .......... .......... 50% 3.15M 0s
[2.367s]   2050K .......... .......... .......... .......... .......... 51%  235M 0s
[2.367s]   2100K .......... .......... .......... .......... .......... 52%  266M 0s
[2.367s]   2150K .......... .......... .......... .......... .......... 53%  281M 0s
[2.367s]   2200K .......... .......... .......... .......... .......... 54%  321M 0s
[2.367s]   2250K .......... .......... .......... .......... .......... 56%  322M 0s
[2.396s]   2300K .......... .......... .......... .......... .......... 57% 1.74M 0s
[2.396s]   2350K .......... .......... .......... .......... .......... 58%  193M 0s
[2.396s]   2400K .......... .......... .......... .......... .......... 59%  181M 0s
[2.396s]   2450K .......... .......... .......... .......... .......... 61%  259M 0s
[2.396s]   2500K .......... .......... .......... .......... .......... 62%  179M 0s
[2.396s]   2550K .......... .......... .......... .......... .......... 63%  216M 0s
[2.399s]   2600K .......... .......... .......... .......... .......... 64% 15.0M 0s
[2.405s]   2650K .......... .......... .......... .......... .......... 65% 7.66M 0s
[2.405s]   2700K .......... .......... .......... .......... .......... 67%  299M 0s
[2.406s]   2750K .......... .......... .......... .......... .......... 68% 89.3M 0s
[2.408s]   2800K .......... .......... .......... .......... .......... 69% 25.2M 0s
[2.410s]   2850K .......... .......... .......... .......... .......... 70% 30.8M 0s
[2.415s]   2900K .......... .......... .......... .......... .......... 72% 9.91M 0s
[2.470s]   2950K .......... .......... .......... .......... .......... 73%  906K 0s
[2.470s]   3000K .......... .......... .......... .......... .......... 74%  270M 0s
[2.470s]   3050K .......... .......... .......... .......... .......... 75%  347M 0s
[2.470s]   3100K .......... .......... .......... .......... .......... 76%  366M 0s
[2.470s]   3150K .......... .......... .......... .......... .......... 78%  340M 0s
[2.470s]   3200K .......... .......... .......... .......... .......... 79%  397M 0s
[2.470s]   3250K .......... .......... .......... .......... .......... 80%  411M 0s
[2.479s]   3300K .......... .......... .......... .......... .......... 81% 5.81M 0s
[2.485s]   3350K .......... .......... .......... .......... .......... 83% 7.39M 0s
[2.487s]   3400K .......... .......... .......... .......... .......... 84% 31.4M 0s
[2.505s]   3450K .......... .......... .......... .......... .......... 85% 2.71M 0s
[2.507s]   3500K .......... .......... .......... .......... .......... 86% 29.1M 0s
[2.507s]   3550K .......... .......... .......... .......... .......... 87%  298M 0s
[2.507s]   3600K .......... .......... .......... .......... .......... 89%  506M 0s
[2.507s]   3650K .......... .......... .......... .......... .......... 90%  523M 0s
[2.507s]   3700K .......... .......... .......... .......... .......... 91%  499M 0s
[2.507s]   3750K .......... .......... .......... .......... .......... 92%  506M 0s
[2.518s]   3800K .......... .......... .......... .......... .......... 93% 4.67M 0s
[2.521s]   3850K .......... .......... .......... .......... .......... 95% 16.8M 0s
[2.521s]   3900K .......... .......... .......... .......... .......... 96%  291M 0s
[2.522s]   3950K .......... .......... .......... .......... .......... 97% 29.5M 0s
[2.523s]   4000K .......... .......... .......... .......... .......... 98%  256M 0s
[2.523s]   4050K .......... .......... .......... .......... ......    100%  356M=0.5s
[2.523s] 
[2.523s] 2025-05-17 16:19:47 (7.47 MB/s) - ‘/home/juntae02/rokey_ws/build/multirobot_map_merge/map00.pgm’ saved [4194362/4194362]
[2.523s] 
[2.533s] Checking MD5 sum of /home/juntae02/rokey_ws/build/multirobot_map_merge/map00.pgm
[2.540s] /home/juntae02/rokey_ws/build/multirobot_map_merge/map00.pgm: OK
[2.548s] --2025-05-17 16:19:47--  https://raw.githubusercontent.com/hrnr/m-explore-extra/master/map_merge/hector_maps/map05.pgm
[2.551s] Resolving raw.githubusercontent.com (raw.githubusercontent.com)... 185.199.108.133, 185.199.111.133, 185.199.110.133, ...
[2.571s] Connecting to raw.githubusercontent.com (raw.githubusercontent.com)|185.199.108.133|:443... connected.
[2.918s] HTTP request sent, awaiting response... 200 OK
[2.918s] Length: 4194362 (4.0M) [application/octet-stream]
[2.918s] Saving to: ‘/home/juntae02/rokey_ws/build/multirobot_map_merge/map05.pgm’
[2.918s] 
[2.961s]      0K .......... .......... .......... .......... ..........  1% 1.16M 3s
[2.961s]     50K .......... .......... .......... .......... ..........  2%  128M 2s
[2.978s]    100K .......... .......... .......... .......... ..........  3% 2.91M 2s
[2.978s]    150K .......... .......... .......... .......... ..........  4%  136M 1s
[2.996s]    200K .......... .......... .......... .......... ..........  6% 2.87M 1s
[2.997s]    250K .......... .......... .......... .......... ..........  7% 49.1M 1s
[2.997s]    300K .......... .......... .......... .......... ..........  8%  196M 1s
[3.006s]    350K .......... .......... .......... .......... ..........  9% 4.87M 1s
[3.020s]    400K .......... .......... .......... .......... .......... 10% 3.58M 1s
[3.020s]    450K .......... .......... .......... .......... .......... 12%  313M 1s
[3.020s]    500K .......... .......... .......... .......... .......... 13%  386M 1s
[3.033s]    550K .......... .......... .......... .......... .......... 14% 3.74M 1s
[3.033s]    600K .......... .......... .......... .......... .......... 15%  354M 1s
[3.033s]    650K .......... .......... .......... .......... .......... 17%  143M 1s
[3.050s]    700K .......... .......... .......... .......... .......... 18% 2.96M 1s
[3.050s]    750K .......... .......... .......... .......... .......... 19%  326M 1s
[3.050s]    800K .......... .......... .......... .......... .......... 20%  265M 1s
[3.068s]    850K .......... .......... .......... .......... .......... 21% 2.76M 1s
[3.068s]    900K .......... .......... .......... .......... .......... 23%  321M 0s
[3.097s]    950K .......... .......... .......... .......... .......... 24% 1.79M 1s
[3.097s]   1000K .......... .......... .......... .......... .......... 25% 60.6M 1s
[3.097s]   1050K .......... .......... .......... .......... .......... 26%  171M 0s
[3.097s]   1100K .......... .......... .......... .......... .......... 28%  237M 0s
[3.119s]   1150K .......... .......... .......... .......... .......... 29% 2.21M 0s
[3.121s]   1200K .......... .......... .......... .......... .......... 30% 18.8M 0s
[3.186s]   1250K .......... .......... .......... .......... .......... 31%  779K 1s
[3.186s]   1300K .......... .......... .......... .......... .......... 32%  283M 1s
[3.186s]   1350K .......... .......... .......... .......... .......... 34%  324M 1s
[3.187s]   1400K .......... .......... .......... .......... .......... 35%  308M 0s
[3.193s]   1450K .......... .......... .......... .......... .......... 36% 7.50M 0s
[3.199s]   1500K .......... .......... .......... .......... .......... 37% 7.59M 0s
[3.214s]   1550K .......... .......... .......... .......... .......... 39% 3.27M 0s
[3.214s]   1600K .......... .......... .......... .......... .......... 40%  327M 0s
[3.218s]   1650K .......... .......... .......... .......... .......... 41% 11.3M 0s
[3.226s]   1700K .......... .......... .......... .......... .......... 42% 6.96M 0s
[3.229s]   1750K .......... .......... .......... .......... .......... 43% 15.1M 0s
[3.232s]   1800K .......... .......... .......... .......... .......... 45% 16.2M 0s
[3.237s]   1850K .......... .......... .......... .......... .......... 46% 9.83M 0s
[3.250s]   1900K .......... .......... .......... .......... .......... 47% 3.74M 0s
[3.265s]   1950K .......... .......... .......... .......... .......... 48% 3.26M 0s
[3.265s]   2000K .......... .......... .......... .......... .......... 50%  398M 0s
[3.265s]   2050K .......... .......... .......... .......... .......... 51%  444M 0s
[3.265s]   2100K .......... .......... .......... .......... .......... 52%  406M 0s
[3.325s]   2150K .......... .......... .......... .......... .......... 53%  837K 0s
[3.325s]   2200K .......... .......... .......... .......... .......... 54%  246M 0s
[3.325s]   2250K .......... .......... .......... .......... .......... 56%  434M 0s
[3.325s]   2300K .......... .......... .......... .......... .......... 57%  465M 0s
[3.325s]   2350K .......... .......... .......... .......... .......... 58%  466M 0s
[3.333s]   2400K .......... .......... .......... .......... .......... 59% 6.17M 0s
[3.341s]   2450K .......... .......... .......... .......... .......... 61% 6.10M 0s
[3.363s]   2500K .......... .......... .......... .......... .......... 62% 2.30M 0s
[3.363s]   2550K .......... .......... .......... .......... .......... 63%  205M 0s
[3.368s]   2600K .......... .......... .......... .......... .......... 64% 8.50M 0s
[3.369s]   2650K .......... .......... .......... .......... .......... 65%  309M 0s
[3.369s]   2700K .......... .......... .......... .......... .......... 67%  352M 0s
[3.369s]   2750K .......... .......... .......... .......... .......... 68%  332M 0s
[3.384s]   2800K .......... .......... .......... .......... .......... 69% 3.36M 0s
[3.384s]   2850K .......... .......... .......... .......... .......... 70%  142M 0s
[3.384s]   2900K .......... .......... .......... .......... .......... 72%  323M 0s
[3.384s]   2950K .......... .......... .......... .......... .......... 73%  362M 0s
[3.384s]   3000K .......... .......... .......... .......... .......... 74%  342M 0s
[3.394s]   3050K .......... .......... .......... .......... .......... 75% 4.88M 0s
[3.417s]   3100K .......... .......... .......... .......... .......... 76% 2.18M 0s
[3.425s]   3150K .......... .......... .......... .......... .......... 78% 5.61M 0s
[3.425s]   3200K .......... .......... .......... .......... .......... 79%  283M 0s
[3.425s]   3250K .......... .......... .......... .......... .......... 80%  410M 0s
[3.426s]   3300K .......... .......... .......... .......... .......... 81%  411M 0s
[3.426s]   3350K .......... .......... .......... .......... .......... 83%  413M 0s
[3.426s]   3400K .......... .......... .......... .......... .......... 84%  354M 0s
[3.434s]   3450K .......... .......... .......... .......... .......... 85% 6.26M 0s
[3.438s]   3500K .......... .......... .......... .......... .......... 86% 11.3M 0s
[3.453s]   3550K .......... .......... .......... .......... .......... 87% 3.16M 0s
[3.461s]   3600K .......... .......... .......... .......... .......... 89% 6.21M 0s
[3.465s]   3650K .......... .......... .......... .......... .......... 90% 13.5M 0s
[3.473s]   3700K .......... .......... .......... .......... .......... 91% 5.83M 0s
[3.474s]   3750K .......... .......... .......... .......... .......... 92%  222M 0s
[3.493s]   3800K .......... .......... .......... .......... .......... 93% 2.50M 0s
[3.493s]   3850K .......... .......... .......... .......... .......... 95%  340M 0s
[3.495s]   3900K .......... .......... .......... .......... .......... 96% 29.4M 0s
[3.495s]   3950K .......... .......... .......... .......... .......... 97%  410M 0s
[3.495s]   4000K .......... .......... .......... .......... .......... 98%  349M 0s
[3.495s]   4050K .......... .......... .......... .......... ......    100%  471M=0.6s
[3.495s] 
[3.495s] 2025-05-17 16:19:48 (6.93 MB/s) - ‘/home/juntae02/rokey_ws/build/multirobot_map_merge/map05.pgm’ saved [4194362/4194362]
[3.495s] 
[3.496s] Checking MD5 sum of /home/juntae02/rokey_ws/build/multirobot_map_merge/map05.pgm
[3.504s] /home/juntae02/rokey_ws/build/multirobot_map_merge/map05.pgm: OK
[3.508s] --2025-05-17 16:19:48--  https://raw.githubusercontent.com/hrnr/m-explore-extra/master/map_merge/gmapping_maps/2011-08-09-12-22-52.pgm
[3.510s] Resolving raw.githubusercontent.com (raw.githubusercontent.com)... 185.199.108.133, 185.199.111.133, 185.199.109.133, ...
[3.534s] Connecting to raw.githubusercontent.com (raw.githubusercontent.com)|185.199.108.133|:443... connected.
[4.057s] HTTP request sent, awaiting response... 200 OK
[4.057s] Length: 16000058 (15M) [application/octet-stream]
[4.057s] Saving to: ‘/home/juntae02/rokey_ws/build/multirobot_map_merge/2011-08-09-12-22-52.pgm’
[4.057s] 
[4.095s]      0K .......... .......... .......... .......... ..........  0% 1.28M 12s
[4.107s]     50K .......... .......... .......... .......... ..........  0% 3.94M 8s
[4.107s]    100K .......... .......... .......... .......... ..........  0%  500M 5s
[4.125s]    150K .......... .......... .......... .......... ..........  1% 2.77M 5s
[4.127s]    200K .......... .......... .......... .......... ..........  1% 28.1M 4s
[4.129s]    250K .......... .......... .......... .......... ..........  1% 18.9M 4s
[4.134s]    300K .......... .......... .......... .......... ..........  2% 10.1M 3s
[4.135s]    350K .......... .......... .......... .......... ..........  2%  169M 3s
[4.140s]    400K .......... .......... .......... .......... ..........  2% 8.92M 3s
[4.140s]    450K .......... .......... .......... .......... ..........  3%  159M 3s
[4.140s]    500K .......... .......... .......... .......... ..........  3%  208M 2s
[4.147s]    550K .......... .......... .......... .......... ..........  3% 7.30M 2s
[4.147s]    600K .......... .......... .......... .......... ..........  4%  181M 2s
[4.148s]    650K .......... .......... .......... .......... ..........  4%  218M 2s
[4.176s]    700K .......... .......... .......... .......... ..........  4% 1.76M 2s
[4.176s]    750K .......... .......... .......... .......... ..........  5%  178M 2s
[4.176s]    800K .......... .......... .......... .......... ..........  5% 85.8M 2s
[4.177s]    850K .......... .......... .......... .......... ..........  5%  149M 2s
[4.177s]    900K .......... .......... .......... .......... ..........  6%  179M 2s
[4.177s]    950K .......... .......... .......... .......... ..........  6%  184M 2s
[4.177s]   1000K .......... .......... .......... .......... ..........  6%  160M 2s
[4.178s]   1050K .......... .......... .......... .......... ..........  7%  163M 2s
[4.178s]   1100K .......... .......... .......... .......... ..........  7%  172M 2s
[4.178s]   1150K .......... .......... .......... .......... ..........  7%  167M 1s
[4.179s]   1200K .......... .......... .......... .......... ..........  7%  130M 1s
[4.182s]   1250K .......... .......... .......... .......... ..........  8% 14.9M 1s
[4.182s]   1300K .......... .......... .......... .......... ..........  8%  150M 1s
[4.190s]   1350K .......... .......... .......... .......... ..........  8% 6.36M 1s
[4.218s]   1400K .......... .......... .......... .......... ..........  9% 1.78M 2s
[4.218s]   1450K .......... .......... .......... .......... ..........  9%  116M 2s
[4.218s]   1500K .......... .......... .......... .......... ..........  9%  127M 1s
[4.219s]   1550K .......... .......... .......... .......... .......... 10%  126M 1s
[4.219s]   1600K .......... .......... .......... .......... .......... 10% 98.8M 1s
[4.219s]   1650K .......... .......... .......... .......... .......... 10%  136M 1s
[4.220s]   1700K .......... .......... .......... .......... .......... 11%  135M 1s
[4.220s]   1750K .......... .......... .......... .......... .......... 11%  134M 1s
[4.220s]   1800K .......... .......... .......... .......... .......... 11%  123M 1s
[4.221s]   1850K .......... .......... .......... .......... .......... 12%  132M 1s
[4.221s]   1900K .......... .......... .......... .......... .......... 12%  137M 1s
[4.222s]   1950K .......... .......... .......... .......... .......... 12%  138M 1s
[4.230s]   2000K .......... .......... .......... .......... .......... 13% 5.94M 1s
[4.233s]   2050K .......... .......... .......... .......... .......... 13% 14.6M 1s
[4.234s]   2100K .......... .......... .......... .......... .......... 13%  158M 1s
[4.234s]   2150K .......... .......... .......... .......... .......... 14%  170M 1s
[4.234s]   2200K .......... .......... .......... .......... .......... 14%  154M 1s
[4.234s]   2250K .......... .......... .......... .......... .......... 14%  184M 1s
[4.235s]   2300K .......... .......... .......... .......... .......... 15%  182M 1s
[4.242s]   2350K .......... .......... .......... .......... .......... 15% 6.61M 1s
[4.243s]   2400K .......... .......... .......... .......... .......... 15% 39.3M 1s
[4.247s]   2450K .......... .......... .......... .......... .......... 15% 12.5M 1s
[4.247s]   2500K .......... .......... .......... .......... .......... 16%  203M 1s
[4.248s]   2550K .......... .......... .......... .......... .......... 16%  210M 1s
[4.248s]   2600K .......... .......... .......... .......... .......... 16%  167M 1s
[4.254s]   2650K .......... .......... .......... .......... .......... 17% 8.41M 1s
[4.255s]   2700K .......... .......... .......... .......... .......... 17% 48.8M 1s
[4.282s]   2750K .......... .......... .......... .......... .......... 17% 4.66M 1s
[4.282s]   2800K .......... .......... .......... .......... .......... 18% 2.95M 1s
[4.282s]   2850K .......... .......... .......... .......... .......... 18%  126M 1s
[4.282s]   2900K .......... .......... .......... .......... .......... 18%  146M 1s
[4.296s]   2950K .......... .......... .......... .......... .......... 19% 3.67M 1s
[4.296s]   3000K .......... .......... .......... .......... .......... 19%  108M 1s
[4.297s]   3050K .......... .......... .......... .......... .......... 19%  144M 1s
[4.297s]   3100K .......... .......... .......... .......... .......... 20%  135M 1s
[4.297s]   3150K .......... .......... .......... .......... .......... 20%  137M 1s
[4.298s]   3200K .......... .......... .......... .......... .......... 20%  112M 1s
[4.298s]   3250K .......... .......... .......... .......... .......... 21%  127M 1s
[4.298s]   3300K .......... .......... .......... .......... .......... 21%  136M 1s
[4.299s]   3350K .......... .......... .......... .......... .......... 21%  134M 1s
[4.491s]   3400K .......... .......... .......... .......... .......... 22%  261K 2s
[4.499s]   3450K .......... .......... .......... .......... .......... 22% 6.07M 2s
[4.507s]   3500K .......... .......... .......... .......... .......... 22% 5.60M 2s
[4.509s]   3550K .......... .......... .......... .......... .......... 23% 34.5M 2s
[4.518s]   3600K .......... .......... .......... .......... .......... 23% 5.17M 2s
[4.518s]   3650K .......... .......... .......... .......... .......... 23%  154M 1s
[4.519s]   3700K .......... .......... .......... .......... .......... 23%  185M 1s
[4.519s]   3750K .......... .......... .......... .......... .......... 24%  151M 1s
[4.562s]   3800K .......... .......... .......... .......... .......... 24% 1.15M 2s
[4.562s]   3850K .......... .......... .......... .......... .......... 24%  114M 2s
[4.562s]   3900K .......... .......... .......... .......... .......... 25%  119M 1s
[4.563s]   3950K .......... .......... .......... .......... .......... 25%  124M 1s
[4.563s]   4000K .......... .......... .......... .......... .......... 25%  101M 1s
[4.563s]   4050K .......... .......... .......... .......... .......... 26%  132M 1s
[4.564s]   4100K .......... .......... .......... .......... .......... 26%  136M 1s
[4.568s]   4150K .......... .......... .......... .......... .......... 26% 10.7M 1s
[4.569s]   4200K .......... .......... .......... .......... .......... 27%  101M 1s
[4.569s]   4250K .......... .......... .......... .......... .......... 27%  122M 1s
[4.570s]   4300K .......... .......... .......... .......... .......... 27%  129M 1s
[4.570s]   4350K .......... .......... .......... .......... .......... 28%  124M 1s
[4.570s]   4400K .......... .......... .......... .......... .......... 28%  103M 1s
[4.571s]   4450K .......... .......... .......... .......... .......... 28%  132M 1s
[4.613s]   4500K .......... .......... .......... .......... .......... 29% 1.17M 1s
[4.952s]   4550K .......... .......... .......... .......... .......... 29%  147K 2s
[4.952s]   4600K .......... .......... .......... .......... .......... 29%  152M 2s
[4.967s]   4650K .......... .......... .......... .......... .......... 30% 3.39M 2s
[4.985s]   4700K .......... .......... .......... .......... .......... 30% 2.75M 2s
[4.987s]   4750K .......... .......... .......... .......... .......... 30% 18.7M 2s
[4.994s]   4800K .......... .......... .......... .......... .......... 31% 6.67M 2s
[5.039s]   4850K .......... .......... .......... .......... .......... 31% 1.09M 2s
[5.053s]   4900K .......... .......... .......... .......... .......... 31% 3.49M 2s
[5.053s]   4950K .......... .......... .......... .......... .......... 31%  104M 2s
[5.054s]   5000K .......... .......... .......... .......... .......... 32%  135M 2s
[5.054s]   5050K .......... .......... .......... .......... .......... 32%  135M 2s
[5.054s]   5100K .......... .......... .......... .......... .......... 32%  139M 2s
[5.055s]   5150K .......... .......... .......... .......... .......... 33%  157M 2s
[5.055s]   5200K .......... .......... .......... .......... .......... 33%  124M 2s
[5.055s]   5250K .......... .......... .......... .......... .......... 33%  142M 2s
[5.055s]   5300K .......... .......... .......... .......... .......... 34%  180M 2s
[5.056s]   5350K .......... .......... .......... .......... .......... 34%  170M 2s
[5.056s]   5400K .......... .......... .......... .......... .......... 34%  141M 2s
[5.056s]   5450K .......... .......... .......... .......... .......... 35%  167M 2s
[5.057s]   5500K .......... .......... .......... .......... .......... 35%  181M 2s
[5.057s]   5550K .......... .......... .......... .......... .......... 35%  170M 2s
[5.098s]   5600K .......... .......... .......... .......... .......... 36% 1.20M 2s
[5.100s]   5650K .......... .......... .......... .......... .......... 36% 28.2M 2s
[5.100s]   5700K .......... .......... .......... .......... .......... 36%  123M 2s
[5.100s]   5750K .......... .......... .......... .......... .......... 37%  122M 2s
[5.101s]   5800K .......... .......... .......... .......... .......... 37%  121M 2s
[5.101s]   5850K .......... .......... .......... .......... .......... 37%  135M 2s
[5.101s]   5900K .......... .......... .......... .......... .......... 38%  159M 2s
[5.102s]   5950K .......... .......... .......... .......... .......... 38%  164M 2s
[5.102s]   6000K .......... .......... .......... .......... .......... 38%  159M 2s
[5.102s]   6050K .......... .......... .......... .......... .......... 39%  181M 2s
[5.102s]   6100K .......... .......... .......... .......... .......... 39%  189M 2s
[5.103s]   6150K .......... .......... .......... .......... .......... 39%  183M 2s
[5.103s]   6200K .......... .......... .......... .......... .......... 39%  157M 2s
[5.103s]   6250K .......... .......... .......... .......... .......... 40%  179M 2s
[5.103s]   6300K .......... .......... .......... .......... .......... 40%  195M 2s
[5.104s]   6350K .......... .......... .......... .......... .......... 40%  193M 2s
[5.110s]   6400K .......... .......... .......... .......... .......... 41% 7.70M 1s
[5.110s]   6450K .......... .......... .......... .......... .......... 41%  277M 1s
[5.110s]   6500K .......... .......... .......... .......... .......... 41%  328M 1s
[5.111s]   6550K .......... .......... .......... .......... .......... 42%  357M 1s
[5.111s]   6600K .......... .......... .......... .......... .......... 42%  332M 1s
[5.111s]   6650K .......... .......... .......... .......... .......... 42%  361M 1s
[5.111s]   6700K .......... .......... .......... .......... .......... 43%  335M 1s
[5.129s]   6750K .......... .......... .......... .......... .......... 43% 2.76M 1s
[5.129s]   6800K .......... .......... .......... .......... .......... 43%  133M 1s
[5.129s]   6850K .......... .......... .......... .......... .......... 44%  159M 1s
[5.129s]   6900K .......... .......... .......... .......... .......... 44%  148M 1s
[5.130s]   6950K .......... .......... .......... .......... .......... 44%  183M 1s
[5.130s]   7000K .......... .......... .......... .......... .......... 45%  170M 1s
[5.130s]   7050K .......... .......... .......... .......... .......... 45%  199M 1s
[5.131s]   7100K .......... .......... .......... .......... .......... 45%  178M 1s
[5.131s]   7150K .......... .......... .......... .......... .......... 46%  178M 1s
[5.131s]   7200K .......... .......... .......... .......... .......... 46%  159M 1s
[5.131s]   7250K .......... .......... .......... .......... .......... 46%  185M 1s
[5.132s]   7300K .......... .......... .......... .......... .......... 47%  166M 1s
[5.132s]   7350K .......... .......... .......... .......... .......... 47%  162M 1s
[5.132s]   7400K .......... .......... .......... .......... .......... 47%  148M 1s
[5.133s]   7450K .......... .......... .......... .......... .......... 47%  175M 1s
[5.148s]   7500K .......... .......... .......... .......... .......... 48% 3.12M 1s
[5.149s]   7550K .......... .......... .......... .......... .......... 48%  234M 1s
[5.149s]   7600K .......... .......... .......... .......... .......... 48%  233M 1s
[5.149s]   7650K .......... .......... .......... .......... .......... 49%  237M 1s
[5.149s]   7700K .......... .......... .......... .......... .......... 49%  293M 1s
[5.149s]   7750K .......... .......... .......... .......... .......... 49%  306M 1s
[5.149s]   7800K .......... .......... .......... .......... .......... 50%  274M 1s
[5.150s]   7850K .......... .......... .......... .......... .......... 50%  308M 1s
[5.150s]   7900K .......... .......... .......... .......... .......... 50%  280M 1s
[5.150s]   7950K .......... .......... .......... .......... .......... 51%  292M 1s
[5.150s]   8000K .......... .......... .......... .......... .......... 51%  257M 1s
[5.150s]   8050K .......... .......... .......... .......... .......... 51%  312M 1s
[5.150s]   8100K .......... .......... .......... .......... .......... 52%  305M 1s
[5.162s]   8150K .......... .......... .......... .......... .......... 52% 4.19M 1s
[5.163s]   8200K .......... .......... .......... .......... .......... 52%  237M 1s
[5.163s]   8250K .......... .......... .......... .......... .......... 53%  238M 1s
[5.163s]   8300K .......... .......... .......... .......... .......... 53%  189M 1s
[5.163s]   8350K .......... .......... .......... .......... .......... 53%  196M 1s
[5.163s]   8400K .......... .......... .......... .......... .......... 54%  176M 1s
[5.163s]   8450K .......... .......... .......... .......... .......... 54%  218M 1s
[5.164s]   8500K .......... .......... .......... .......... .......... 54%  223M 1s
[5.164s]   8550K .......... .......... .......... .......... .......... 55%  220M 1s
[5.164s]   8600K .......... .......... .......... .......... .......... 55%  208M 1s
[5.164s]   8650K .......... .......... .......... .......... .......... 55%  223M 1s
[5.165s]   8700K .......... .......... .......... .......... .......... 55%  225M 1s
[5.165s]   8750K .......... .......... .......... .......... .......... 56%  213M 1s
[5.170s]   8800K .......... .......... .......... .......... .......... 56% 9.85M 1s
[5.170s]   8850K .......... .......... .......... .......... .......... 56%  320M 1s
[5.170s]   8900K .......... .......... .......... .......... .......... 57%  495M 1s
[5.170s]   8950K .......... .......... .......... .......... .......... 57%  554M 1s
[5.170s]   9000K .......... .......... .......... .......... .......... 57%  405M 1s
[5.170s]   9050K .......... .......... .......... .......... .......... 58%  450M 1s
[5.192s]   9100K .......... .......... .......... .......... .......... 58% 2.25M 1s
[5.193s]   9150K .......... .......... .......... .......... .......... 58%  149M 1s
[5.193s]   9200K .......... .......... .......... .......... .......... 59%  154M 1s
[5.201s]   9250K .......... .......... .......... .......... .......... 59% 6.30M 1s
[5.201s]   9300K .......... .......... .......... .......... .......... 59%  133M 1s
[5.201s]   9350K .......... .......... .......... .......... .......... 60%  165M 1s
[5.201s]   9400K .......... .......... .......... .......... .......... 60%  146M 1s
[5.202s]   9450K .......... .......... .......... .......... .......... 60%  212M 1s
[5.202s]   9500K .......... .......... .......... .......... .......... 61%  174M 1s
[5.202s]   9550K .......... .......... .......... .......... .......... 61%  234M 1s
[5.202s]   9600K .......... .......... .......... .......... .......... 61%  200M 1s
[5.203s]   9650K .......... .......... .......... .......... .......... 62%  247M 1s
[5.203s]   9700K .......... .......... .......... .......... .......... 62%  227M 1s
[5.203s]   9750K .......... .......... .......... .......... .......... 62%  239M 1s
[5.203s]   9800K .......... .......... .......... .......... .......... 63%  207M 1s
[5.203s]   9850K .......... .......... .......... .......... .......... 63%  239M 1s
[5.204s]   9900K .......... .......... .......... .......... .......... 63%  233M 1s
[5.226s]   9950K .......... .......... .......... .......... .......... 63% 6.34M 1s
[5.226s]  10000K .......... .......... .......... .......... .......... 64% 3.37M 1s
[5.226s]  10050K .......... .......... .......... .......... .......... 64%  202M 1s
[5.227s]  10100K .......... .......... .......... .......... .......... 64%  194M 1s
[5.227s]  10150K .......... .......... .......... .......... .......... 65%  182M 1s
[5.227s]  10200K .......... .......... .......... .......... .......... 65%  160M 1s
[5.227s]  10250K .......... .......... .......... .......... .......... 65%  182M 1s
[5.227s]  10300K .......... .......... .......... .......... .......... 66%  207M 1s
[5.228s]  10350K .......... .......... .......... .......... .......... 66%  167M 1s
[5.228s]  10400K .......... .......... .......... .......... .......... 66%  112M 1s
[5.229s]  10450K .......... .......... .......... .......... .......... 67%  127M 1s
[5.229s]  10500K .......... .......... .......... .......... .......... 67%  134M 1s
[5.229s]  10550K .......... .......... .......... .......... .......... 67%  145M 1s
[5.230s]  10600K .......... .......... .......... .......... .......... 68%  128M 1s
[5.234s]  10650K .......... .......... .......... .......... .......... 68% 11.1M 1s
[5.241s]  10700K .......... .......... .......... .......... .......... 68% 7.18M 1s
[5.241s]  10750K .......... .......... .......... .......... .......... 69%  421M 1s
[5.241s]  10800K .......... .......... .......... .......... .......... 69%  304M 1s
[5.241s]  10850K .......... .......... .......... .......... .......... 69%  381M 1s
[5.241s]  10900K .......... .......... .......... .......... .......... 70%  374M 1s
[5.241s]  10950K .......... .......... .......... .......... .......... 70%  401M 0s
[5.241s]  11000K .......... .......... .......... .......... .......... 70%  365M 0s
[5.242s]  11050K .......... .......... .......... .......... .......... 71%  406M 0s
[5.242s]  11100K .......... .......... .......... .......... .......... 71%  377M 0s
[5.245s]  11150K .......... .......... .......... .......... .......... 71% 15.0M 0s
[5.245s]  11200K .......... .......... .......... .......... .......... 71%  337M 0s
[5.245s]  11250K .......... .......... .......... .......... .......... 72%  396M 0s
[5.245s]  11300K .......... .......... .......... .......... .......... 72%  400M 0s
[5.245s]  11350K .......... .......... .......... .......... .......... 72%  403M 0s
[5.246s]  11400K .......... .......... .......... .......... .......... 73%  370M 0s
[5.246s]  11450K .......... .......... .......... .......... .......... 73%  442M 0s
[5.246s]  11500K .......... .......... .......... .......... .......... 73%  461M 0s
[5.246s]  11550K .......... .......... .......... .......... .......... 74%  465M 0s
[5.246s]  11600K .......... .......... .......... .......... .......... 74%  396M 0s
[5.246s]  11650K .......... .......... .......... .......... .......... 74%  440M 0s
[5.287s]  11700K .......... .......... .......... .......... .......... 75% 1.22M 0s
[5.287s]  11750K .......... .......... .......... .......... .......... 75%  120M 0s
[5.287s]  11800K .......... .......... .......... .......... .......... 75%  160M 0s
[5.287s]  11850K .......... .......... .......... .......... .......... 76%  207M 0s
[5.288s]  11900K .......... .......... .......... .......... .......... 76%  221M 0s
[5.288s]  11950K .......... .......... .......... .......... .......... 76%  209M 0s
[5.288s]  12000K .......... .......... .......... .......... .......... 77%  168M 0s
[5.288s]  12050K .......... .......... .......... .......... .......... 77%  214M 0s
[5.289s]  12100K .......... .......... .......... .......... .......... 77%  152M 0s
[5.289s]  12150K .......... .......... .......... .......... .......... 78%  155M 0s
[5.289s]  12200K .......... .......... .......... .......... .......... 78%  125M 0s
[5.289s]  12250K .......... .......... .......... .......... .......... 78%  146M 0s
[5.290s]  12300K .......... .......... .......... .......... .......... 79%  145M 0s
[5.290s]  12350K .......... .......... .......... .......... .......... 79%  150M 0s
[5.290s]  12400K .......... .......... .......... .......... .......... 79%  120M 0s
[5.291s]  12450K .......... .......... .......... .......... .......... 79%  143M 0s
[5.304s]  12500K .......... .......... .......... .......... .......... 80% 3.75M 0s
[5.305s]  12550K .......... .......... .......... .......... .......... 80%  127M 0s
[5.305s]  12600K .......... .......... .......... .......... .......... 80%  134M 0s
[5.305s]  12650K .......... .......... .......... .......... .......... 81%  190M 0s
[5.305s]  12700K .......... .......... .......... .......... .......... 81%  208M 0s
[5.305s]  12750K .......... .......... .......... .......... .......... 81%  208M 0s
[5.307s]  12800K .......... .......... .......... .......... .......... 82% 39.5M 0s
[5.307s]  12850K .......... .......... .......... .......... .......... 82%  157M 0s
[5.308s]  12900K .......... .......... .......... .......... .......... 82%  143M 0s
[5.308s]  12950K .......... .......... .......... .......... .......... 83%  204M 0s
[5.308s]  13000K .......... .......... .......... .......... .......... 83%  144M 0s
[5.308s]  13050K .......... .......... .......... .......... .......... 83%  192M 0s
[5.308s]  13100K .......... .......... .......... .......... .......... 84%  242M 0s
[5.308s]  13150K .......... .......... .......... .......... .......... 84%  242M 0s
[5.311s]  13200K .......... .......... .......... .......... .......... 84% 20.4M 0s
[5.311s]  13250K .......... .......... .......... .......... .......... 85%  553M 0s
[5.311s]  13300K .......... .......... .......... .......... .......... 85%  567M 0s
[5.311s]  13350K .......... .......... .......... .......... .......... 85%  572M 0s
[5.311s]  13400K .......... .......... .......... .......... .......... 86%  465M 0s
[5.311s]  13450K .......... .......... .......... .......... .......... 86%  596M 0s
[5.311s]  13500K .......... .......... .......... .......... .......... 86%  594M 0s
[5.311s]  13550K .......... .......... .......... .......... .......... 87%  587M 0s
[5.320s]  13600K .......... .......... .......... .......... .......... 87% 5.90M 0s
[5.320s]  13650K .......... .......... .......... .......... .......... 87%  335M 0s
[5.320s]  13700K .......... .......... .......... .......... .......... 87%  566M 0s
[5.322s]  13750K .......... .......... .......... .......... .......... 88% 24.7M 0s
[5.322s]  13800K .......... .......... .......... .......... .......... 88%  375M 0s
[5.322s]  13850K .......... .......... .......... .......... .......... 88%  584M 0s
[5.322s]  13900K .......... .......... .......... .......... .......... 89%  553M 0s
[5.322s]  13950K .......... .......... .......... .......... .......... 89%  600M 0s
[5.322s]  14000K .......... .......... .......... .......... .......... 89%  493M 0s
[5.322s]  14050K .......... .......... .......... .......... .......... 90%  581M 0s
[5.322s]  14100K .......... .......... .......... .......... .......... 90%  577M 0s
[5.323s]  14150K .......... .......... .......... .......... .......... 90%  564M 0s
[5.323s]  14200K .......... .......... .......... .......... .......... 91%  486M 0s
[5.323s]  14250K .......... .......... .......... .......... .......... 91%  575M 0s
[5.325s]  14300K .......... .......... .......... .......... .......... 91% 26.5M 0s
[5.325s]  14350K .......... .......... .......... .......... .......... 92%  410M 0s
[5.337s]  14400K .......... .......... .......... .......... .......... 92% 4.11M 0s
[5.351s]  14450K .......... .......... .......... .......... .......... 92% 3.54M 0s
[5.351s]  14500K .......... .......... .......... .......... .......... 93%  108M 0s
[5.351s]  14550K .......... .......... .......... .......... .......... 93%  140M 0s
[5.352s]  14600K .......... .......... .......... .......... .......... 93%  132M 0s
[5.352s]  14650K .......... .......... .......... .......... .......... 94%  145M 0s
[5.352s]  14700K .......... .......... .......... .......... .......... 94%  144M 0s
[5.353s]  14750K .......... .......... .......... .......... .......... 94%  149M 0s
[5.353s]  14800K .......... .......... .......... .......... .......... 95%  121M 0s
[5.353s]  14850K .......... .......... .......... .......... .......... 95%  146M 0s
[5.354s]  14900K .......... .......... .......... .......... .......... 95%  147M 0s
[5.354s]  14950K .......... .......... .......... .......... .......... 95%  141M 0s
[5.354s]  15000K .......... .......... .......... .......... .......... 96%  131M 0s
[5.355s]  15050K .......... .......... .......... .......... .......... 96%  143M 0s
[5.355s]  15100K .......... .......... .......... .......... .......... 96%  158M 0s
[5.362s]  15150K .......... .......... .......... .......... .......... 97% 6.62M 0s
[5.362s]  15200K .......... .......... .......... .......... .......... 97%  279M 0s
[5.363s]  15250K .......... .......... .......... .......... .......... 97%  364M 0s
[5.363s]  15300K .......... .......... .......... .......... .......... 98%  375M 0s
[5.363s]  15350K .......... .......... .......... .......... .......... 98%  376M 0s
[5.363s]  15400K .......... .......... .......... .......... .......... 98%  329M 0s
[5.363s]  15450K .......... .......... .......... .......... .......... 99%  362M 0s
[5.363s]  15500K .......... .......... .......... .......... .......... 99%  420M 0s
[5.363s]  15550K .......... .......... .......... .......... .......... 99%  432M 0s
[5.364s]  15600K .......... .......... .....                           100%  334M=1.3s
[5.364s] 
[5.364s] 2025-05-17 16:19:50 (11.7 MB/s) - ‘/home/juntae02/rokey_ws/build/multirobot_map_merge/2011-08-09-12-22-52.pgm’ saved [16000058/16000058]
[5.364s] 
[5.365s] Checking MD5 sum of /home/juntae02/rokey_ws/build/multirobot_map_merge/2011-08-09-12-22-52.pgm
[5.388s] /home/juntae02/rokey_ws/build/multirobot_map_merge/2011-08-09-12-22-52.pgm: OK
[5.392s] --2025-05-17 16:19:50--  https://raw.githubusercontent.com/hrnr/m-explore-extra/master/map_merge/gmapping_maps/2012-01-28-11-12-01.pgm
[5.394s] Resolving raw.githubusercontent.com (raw.githubusercontent.com)... 185.199.109.133, 185.199.111.133, 185.199.108.133, ...
[5.410s] Connecting to raw.githubusercontent.com (raw.githubusercontent.com)|185.199.109.133|:443... connected.
[5.733s] HTTP request sent, awaiting response... 200 OK
[5.733s] Length: 16000058 (15M) [application/octet-stream]
[5.734s] Saving to: ‘/home/juntae02/rokey_ws/build/multirobot_map_merge/2012-01-28-11-12-01.pgm’
[5.734s] 
[5.753s]      0K .......... .......... .......... .......... ..........  0% 2.42M 6s
[5.771s]     50K .......... .......... .......... .......... ..........  0% 2.77M 6s
[5.771s]    100K .......... .......... .......... .......... ..........  0%  134M 4s
[5.789s]    150K .......... .......... .......... .......... ..........  1% 2.80M 4s
[5.789s]    200K .......... .......... .......... .......... ..........  1%  164M 3s
[5.793s]    250K .......... .......... .......... .......... ..........  1% 11.6M 3s
[5.793s]    300K .......... .......... .......... .......... ..........  2%  181M 3s
[5.795s]    350K .......... .......... .......... .......... ..........  2% 28.8M 2s
[5.798s]    400K .......... .......... .......... .......... ..........  2% 16.8M 2s
[5.798s]    450K .......... .......... .......... .......... ..........  3%  183M 2s
[5.803s]    500K .......... .......... .......... .......... ..........  3% 10.5M 2s
[5.814s]    550K .......... .......... .......... .......... ..........  3% 4.40M 2s
[5.814s]    600K .......... .......... .......... .......... ..........  4%  163M 2s
[5.815s]    650K .......... .......... .......... .......... ..........  4%  157M 2s
[5.815s]    700K .......... .......... .......... .......... ..........  4%  156M 2s
[5.817s]    750K .......... .......... .......... .......... ..........  5% 24.3M 2s
[5.817s]    800K .......... .......... .......... .......... ..........  5%  133M 1s
[5.817s]    850K .......... .......... .......... .......... ..........  5%  160M 1s
[5.818s]    900K .......... .......... .......... .......... ..........  6%  174M 1s
[5.818s]    950K .......... .......... .......... .......... ..........  6%  137M 1s
[5.818s]   1000K .......... .......... .......... .......... ..........  6%  164M 1s
[5.825s]   1050K .......... .......... .......... .......... ..........  7% 7.20M 1s
[5.831s]   1100K .......... .......... .......... .......... ..........  7% 8.37M 1s
[5.832s]   1150K .......... .......... .......... .......... ..........  7%  144M 1s
[5.833s]   1200K .......... .......... .......... .......... ..........  7% 25.5M 1s
[5.834s]   1250K .......... .......... .......... .......... ..........  8%  145M 1s
[5.834s]   1300K .......... .......... .......... .......... ..........  8%  138M 1s
[5.834s]   1350K .......... .......... .......... .......... ..........  8%  163M 1s
[5.834s]   1400K .......... .......... .......... .......... ..........  9%  215M 1s
[5.835s]   1450K .......... .......... .......... .......... ..........  9%  203M 1s
[5.835s]   1500K .......... .......... .......... .......... ..........  9%  200M 1s
[5.835s]   1550K .......... .......... .......... .......... .......... 10%  184M 1s
[5.835s]   1600K .......... .......... .......... .......... .......... 10%  147M 1s
[5.836s]   1650K .......... .......... .......... .......... .......... 10%  137M 1s
[5.836s]   1700K .......... .......... .......... .......... .......... 11%  133M 1s
[5.837s]   1750K .......... .......... .......... .......... .......... 11%  122M 1s
[5.837s]   1800K .......... .......... .......... .......... .......... 11%  172M 1s
[5.837s]   1850K .......... .......... .......... .......... .......... 12%  213M 1s
[5.896s]   1900K .......... .......... .......... .......... .......... 12%  859K 1s
[5.896s]   1950K .......... .......... .......... .......... .......... 12%  118M 1s
[5.896s]   2000K .......... .......... .......... .......... .......... 13%  180M 1s
[5.897s]   2050K .......... .......... .......... .......... .......... 13%  195M 1s
[5.897s]   2100K .......... .......... .......... .......... .......... 13%  169M 1s
[5.897s]   2150K .......... .......... .......... .......... .......... 14%  166M 1s
[5.897s]   2200K .......... .......... .......... .......... .......... 14%  190M 1s
[5.898s]   2250K .......... .......... .......... .......... .......... 14%  187M 1s
[5.898s]   2300K .......... .......... .......... .......... .......... 15%  182M 1s
[5.898s]   2350K .......... .......... .......... .......... .......... 15%  151M 1s
[5.899s]   2400K .......... .......... .......... .......... .......... 15%  184M 1s
[5.900s]   2450K .......... .......... .......... .......... .......... 15%  139M 1s
[5.900s]   2500K .......... .......... .......... .......... .......... 16%  126M 1s
[5.900s]   2550K .......... .......... .......... .......... .......... 16%  113M 1s
[5.912s]   2600K .......... .......... .......... .......... .......... 16% 4.02M 1s
[5.914s]   2650K .......... .......... .......... .......... .......... 17% 23.3M 1s
[5.914s]   2700K .......... .......... .......... .......... .......... 17%  151M 1s
[5.914s]   2750K .......... .......... .......... .......... .......... 17%  157M 1s
[5.914s]   2800K .......... .......... .......... .......... .......... 18%  189M 1s
[5.915s]   2850K .......... .......... .......... .......... .......... 18%  200M 1s
[5.915s]   2900K .......... .......... .......... .......... .......... 18%  222M 1s
[5.915s]   2950K .......... .......... .......... .......... .......... 19%  210M 1s
[5.915s]   3000K .......... .......... .......... .......... .......... 19%  237M 1s
[5.916s]   3050K .......... .......... .......... .......... .......... 19%  180M 1s
[5.916s]   3100K .......... .......... .......... .......... .......... 20%  152M 1s
[5.916s]   3150K .......... .......... .......... .......... .......... 20%  139M 1s
[5.917s]   3200K .......... .......... .......... .......... .......... 20%  228M 1s
[5.917s]   3250K .......... .......... .......... .......... .......... 21%  169M 1s
[5.917s]   3300K .......... .......... .......... .......... .......... 21%  269M 1s
[5.917s]   3350K .......... .......... .......... .......... .......... 21%  285M 1s
[5.921s]   3400K .......... .......... .......... .......... .......... 22% 11.7M 1s
[5.921s]   3450K .......... .......... .......... .......... .......... 22%  504M 1s
[5.921s]   3500K .......... .......... .......... .......... .......... 22%  556M 1s
[5.921s]   3550K .......... .......... .......... .......... .......... 23%  466M 1s
[5.922s]   3600K .......... .......... .......... .......... .......... 23%  586M 1s
[5.922s]   3650K .......... .......... .......... .......... .......... 23%  544M 1s
[5.922s]   3700K .......... .......... .......... .......... .......... 23%  562M 1s
[5.922s]   3750K .......... .......... .......... .......... .......... 24%  515M 1s
[5.922s]   3800K .......... .......... .......... .......... .......... 24%  561M 1s
[5.927s]   3850K .......... .......... .......... .......... .......... 24% 10.2M 1s
[5.927s]   3900K .......... .......... .......... .......... .......... 25%  483M 1s
[5.927s]   3950K .......... .......... .......... .......... .......... 25%  470M 1s
[5.964s]   4000K .......... .......... .......... .......... .......... 25% 1.36M 1s
[5.964s]   4050K .......... .......... .......... .......... .......... 26%  105M 1s
[5.964s]   4100K .......... .......... .......... .......... .......... 26%  152M 1s
[5.964s]   4150K .......... .......... .......... .......... .......... 26%  146M 1s
[5.979s]   4200K .......... .......... .......... .......... .......... 27% 3.42M 1s
[5.979s]   4250K .......... .......... .......... .......... .......... 27%  157M 1s
[5.979s]   4300K .......... .......... .......... .......... .......... 27%  147M 1s
[5.990s]   4350K .......... .......... .......... .......... .......... 28% 4.51M 1s
[5.990s]   4400K .......... .......... .......... .......... .......... 28%  144M 1s
[5.991s]   4450K .......... .......... .......... .......... .......... 28%  169M 1s
[5.991s]   4500K .......... .......... .......... .......... .......... 29%  172M 1s
[5.991s]   4550K .......... .......... .......... .......... .......... 29%  164M 1s
[5.991s]   4600K .......... .......... .......... .......... .......... 29%  154M 1s
[5.992s]   4650K .......... .......... .......... .......... .......... 30%  159M 1s
[5.992s]   4700K .......... .......... .......... .......... .......... 30%  151M 1s
[5.993s]   4750K .......... .......... .......... .......... .......... 30%  130M 1s
[5.993s]   4800K .......... .......... .......... .......... .......... 31%  164M 1s
[5.993s]   4850K .......... .......... .......... .......... .......... 31%  149M 1s
[5.993s]   4900K .......... .......... .......... .......... .......... 31%  171M 1s
[5.994s]   4950K .......... .......... .......... .......... .......... 31%  141M 1s
[6.009s]   5000K .......... .......... .......... .......... .......... 32% 3.26M 1s
[6.030s]   5050K .......... .......... .......... .......... .......... 32% 2.27M 1s
[6.031s]   5100K .......... .......... .......... .......... .......... 32%  136M 1s
[6.031s]   5150K .......... .......... .......... .......... .......... 33%  115M 1s
[6.031s]   5200K .......... .......... .......... .......... .......... 33%  169M 1s
[6.032s]   5250K .......... .......... .......... .......... .......... 33%  146M 1s
[6.032s]   5300K .......... .......... .......... .......... .......... 34%  164M 1s
[6.032s]   5350K .......... .......... .......... .......... .......... 34%  143M 1s
[6.032s]   5400K .......... .......... .......... .......... .......... 34%  156M 1s
[6.033s]   5450K .......... .......... .......... .......... .......... 35%  149M 1s
[6.033s]   5500K .......... .......... .......... .......... .......... 35%  161M 1s
[6.034s]   5550K .......... .......... .......... .......... .......... 35%  139M 1s
[6.034s]   5600K .......... .......... .......... .......... .......... 36%  142M 1s
[6.034s]   5650K .......... .......... .......... .......... .......... 36%  182M 1s
[6.035s]   5700K .......... .......... .......... .......... .......... 36% 82.9M 1s
[6.035s]   5750K .......... .......... .......... .......... .......... 37%  117M 1s
[6.036s]   5800K .......... .......... .......... .......... .......... 37%  123M 1s
[6.036s]   5850K .......... .......... .......... .......... .......... 37%  149M 0s
[6.036s]   5900K .......... .......... .......... .......... .......... 38%  199M 0s
[6.037s]   5950K .......... .......... .......... .......... .......... 38%  172M 0s
[6.037s]   6000K .......... .......... .......... .......... .......... 38%  205M 0s
[6.037s]   6050K .......... .......... .......... .......... .......... 39%  177M 0s
[6.037s]   6100K .......... .......... .......... .......... .......... 39%  144M 0s
[6.038s]   6150K .......... .......... .......... .......... .......... 39%  130M 0s
[6.038s]   6200K .......... .......... .......... .......... .......... 39%  142M 0s
[6.038s]   6250K .......... .......... .......... .......... .......... 40%  148M 0s
[6.059s]   6300K .......... .......... .......... .......... .......... 40% 2.39M 0s
[6.059s]   6350K .......... .......... .......... .......... .......... 40%  226M 0s
[6.073s]   6400K .......... .......... .......... .......... .......... 41% 3.61M 0s
[6.078s]   6450K .......... .......... .......... .......... .......... 41% 8.78M 0s
[6.079s]   6500K .......... .......... .......... .......... .......... 41%  134M 0s
[6.079s]   6550K .......... .......... .......... .......... .......... 42%  178M 0s
[6.080s]   6600K .......... .......... .......... .......... .......... 42% 29.6M 0s
[6.081s]   6650K .......... .......... .......... .......... .......... 42%  111M 0s
[6.081s]   6700K .......... .......... .......... .......... .......... 43%  172M 0s
[6.081s]   6750K .......... .......... .......... .......... .......... 43%  164M 0s
[6.082s]   6800K .......... .......... .......... .......... .......... 43%  195M 0s
[6.082s]   6850K .......... .......... .......... .......... .......... 44%  189M 0s
[6.082s]   6900K .......... .......... .......... .......... .......... 44%  188M 0s
[6.082s]   6950K .......... .......... .......... .......... .......... 44%  132M 0s
[6.083s]   7000K .......... .......... .......... .......... .......... 45%  197M 0s
[6.083s]   7050K .......... .......... .......... .......... .......... 45%  187M 0s
[6.083s]   7100K .......... .......... .......... .......... .......... 45%  193M 0s
[6.084s]   7150K .......... .......... .......... .......... .......... 46%  140M 0s
[6.084s]   7200K .......... .......... .......... .......... .......... 46%  174M 0s
[6.087s]   7250K .......... .......... .......... .......... .......... 46% 13.9M 0s
[6.087s]   7300K .......... .......... .......... .......... .......... 47%  293M 0s
[6.088s]   7350K .......... .......... .......... .......... .......... 47%  316M 0s
[6.090s]   7400K .......... .......... .......... .......... .......... 47% 21.6M 0s
[6.090s]   7450K .......... .......... .......... .......... .......... 47%  428M 0s
[6.090s]   7500K .......... .......... .......... .......... .......... 48%  496M 0s
[6.090s]   7550K .......... .......... .......... .......... .......... 48%  468M 0s
[6.090s]   7600K .......... .......... .......... .......... .......... 48%  543M 0s
[6.090s]   7650K .......... .......... .......... .......... .......... 49%  515M 0s
[6.090s]   7700K .......... .......... .......... .......... .......... 49%  555M 0s
[6.090s]   7750K .......... .......... .......... .......... .......... 49%  488M 0s
[6.091s]   7800K .......... .......... .......... .......... .......... 50%  542M 0s
[6.091s]   7850K .......... .......... .......... .......... .......... 50%  487M 0s
[6.095s]   7900K .......... .......... .......... .......... .......... 50% 10.6M 0s
[6.095s]   7950K .......... .......... .......... .......... .......... 51%  427M 0s
[6.097s]   8000K .......... .......... .......... .......... .......... 51% 26.9M 0s
[6.097s]   8050K .......... .......... .......... .......... .......... 51%  349M 0s
[6.098s]   8100K .......... .......... .......... .......... .......... 52%  500M 0s
[6.101s]   8150K .......... .......... .......... .......... .......... 52% 13.8M 0s
[6.104s]   8200K .......... .......... .......... .......... .......... 52% 17.7M 0s
[6.104s]   8250K .......... .......... .......... .......... .......... 53%  490M 0s
[6.104s]   8300K .......... .......... .......... .......... .......... 53%  497M 0s
[6.104s]   8350K .......... .......... .......... .......... .......... 53%  395M 0s
[6.104s]   8400K .......... .......... .......... .......... .......... 54%  443M 0s
[6.104s]   8450K .......... .......... .......... .......... .......... 54%  448M 0s
[6.104s]   8500K .......... .......... .......... .......... .......... 54%  483M 0s
[6.141s]   8550K .......... .......... .......... .......... .......... 55% 1.35M 0s
[6.142s]   8600K .......... .......... .......... .......... .......... 55%  102M 0s
[6.142s]   8650K .......... .......... .......... .......... .......... 55%  136M 0s
[6.142s]   8700K .......... .......... .......... .......... .......... 55%  176M 0s
[6.142s]   8750K .......... .......... .......... .......... .......... 56%  120M 0s
[6.143s]   8800K .......... .......... .......... .......... .......... 56%  137M 0s
[6.143s]   8850K .......... .......... .......... .......... .......... 56%  132M 0s
[6.144s]   8900K .......... .......... .......... .......... .......... 57%  139M 0s
[6.144s]   8950K .......... .......... .......... .......... .......... 57% 81.1M 0s
[6.144s]   9000K .......... .......... .......... .......... .......... 57%  123M 0s
[6.145s]   9050K .......... .......... .......... .......... .......... 58%  128M 0s
[6.145s]   9100K .......... .......... .......... .......... .......... 58%  145M 0s
[6.185s]   9150K .......... .......... .......... .......... .......... 58% 1.24M 0s
[6.185s]   9200K .......... .......... .......... .......... .......... 59%  154M 0s
[6.185s]   9250K .......... .......... .......... .......... .......... 59%  166M 0s
[6.185s]   9300K .......... .......... .......... .......... .......... 59%  133M 0s
[6.186s]   9350K .......... .......... .......... .......... .......... 60%  166M 0s
[6.186s]   9400K .......... .......... .......... .......... .......... 60%  175M 0s
[6.186s]   9450K .......... .......... .......... .......... .......... 60%  181M 0s
[6.186s]   9500K .......... .......... .......... .......... .......... 61%  182M 0s
[6.187s]   9550K .......... .......... .......... .......... .......... 61%  156M 0s
[6.187s]   9600K .......... .......... .......... .......... .......... 61%  171M 0s
[6.187s]   9650K .......... .......... .......... .......... .......... 62%  179M 0s
[6.188s]   9700K .......... .......... .......... .......... .......... 62%  126M 0s
[6.188s]   9750K .......... .......... .......... .......... .......... 62%  115M 0s
[6.189s]   9800K .......... .......... .......... .......... .......... 63%  138M 0s
[6.189s]   9850K .......... .......... .......... .......... .......... 63%  118M 0s
[6.189s]   9900K .......... .......... .......... .......... .......... 63%  127M 0s
[6.190s]   9950K .......... .......... .......... .......... .......... 63%  100M 0s
[6.190s]  10000K .......... .......... .......... .......... .......... 64%  131M 0s
[6.191s]  10050K .......... .......... .......... .......... .......... 64%  120M 0s
[6.192s]  10100K .......... .......... .......... .......... .......... 64%  120M 0s
[6.192s]  10150K .......... .......... .......... .......... .......... 65%  102M 0s
[6.192s]  10200K .......... .......... .......... .......... .......... 65% 99.5M 0s
[6.193s]  10250K .......... .......... .......... .......... .......... 65%  117M 0s
[6.193s]  10300K .......... .......... .......... .......... .......... 66%  125M 0s
[6.193s]  10350K .......... .......... .......... .......... .......... 66%  105M 0s
[6.194s]  10400K .......... .......... .......... .......... .......... 66%  132M 0s
[6.194s]  10450K .......... .......... .......... .......... .......... 67%  132M 0s
[6.196s]  10500K .......... .......... .......... .......... .......... 67% 21.4M 0s
[6.197s]  10550K .......... .......... .......... .......... .......... 67%  104M 0s
[6.197s]  10600K .......... .......... .......... .......... .......... 68%  169M 0s
[6.197s]  10650K .......... .......... .......... .......... .......... 68%  395M 0s
[6.197s]  10700K .......... .......... .......... .......... .......... 68%  369M 0s
[6.197s]  10750K .......... .......... .......... .......... .......... 69%  405M 0s
[6.208s]  10800K .......... .......... .......... .......... .......... 69% 4.56M 0s
[6.208s]  10850K .......... .......... .......... .......... .......... 69%  280M 0s
[6.209s]  10900K .......... .......... .......... .......... .......... 70%  277M 0s
[6.209s]  10950K .......... .......... .......... .......... .......... 70%  259M 0s
[6.209s]  11000K .......... .......... .......... .......... .......... 70%  314M 0s
[6.209s]  11050K .......... .......... .......... .......... .......... 71%  299M 0s
[6.209s]  11100K .......... .......... .......... .......... .......... 71%  340M 0s
[6.209s]  11150K .......... .......... .......... .......... .......... 71%  268M 0s
[6.209s]  11200K .......... .......... .......... .......... .......... 71%  344M 0s
[6.209s]  11250K .......... .......... .......... .......... .......... 72%  349M 0s
[6.238s]  11300K .......... .......... .......... .......... .......... 72% 1.77M 0s
[6.238s]  11350K .......... .......... .......... .......... .......... 72% 86.9M 0s
[6.238s]  11400K .......... .......... .......... .......... .......... 73%  117M 0s
[6.238s]  11450K .......... .......... .......... .......... .......... 73%  133M 0s
[6.239s]  11500K .......... .......... .......... .......... .......... 73%  129M 0s
[6.239s]  11550K .......... .......... .......... .......... .......... 74%  110M 0s
[6.240s]  11600K .......... .......... .......... .......... .......... 74%  134M 0s
[6.240s]  11650K .......... .......... .......... .......... .......... 74%  130M 0s
[6.240s]  11700K .......... .......... .......... .......... .......... 75%  132M 0s
[6.241s]  11750K .......... .......... .......... .......... .......... 75%  116M 0s
[6.241s]  11800K .......... .......... .......... .......... .......... 75%  168M 0s
[6.241s]  11850K .......... .......... .......... .......... .......... 76%  355M 0s
[6.241s]  11900K .......... .......... .......... .......... .......... 76%  357M 0s
[6.241s]  11950K .......... .......... .......... .......... .......... 76%  297M 0s
[6.249s]  12000K .......... .......... .......... .......... .......... 77% 6.10M 0s
[6.250s]  12050K .......... .......... .......... .......... .......... 77%  268M 0s
[6.250s]  12100K .......... .......... .......... .......... .......... 77%  322M 0s
[6.250s]  12150K .......... .......... .......... .......... .......... 78%  315M 0s
[6.250s]  12200K .......... .......... .......... .......... .......... 78%  349M 0s
[6.250s]  12250K .......... .......... .......... .......... .......... 78%  340M 0s
[6.250s]  12300K .......... .......... .......... .......... .......... 79%  358M 0s
[6.250s]  12350K .......... .......... .......... .......... .......... 79%  299M 0s
[6.251s]  12400K .......... .......... .......... .......... .......... 79%  366M 0s
[6.251s]  12450K .......... .......... .......... .......... .......... 79%  346M 0s
[6.251s]  12500K .......... .......... .......... .......... .......... 80%  358M 0s
[6.251s]  12550K .......... .......... .......... .......... .......... 80%  325M 0s
[6.251s]  12600K .......... .......... .......... .......... .......... 80%  361M 0s
[6.251s]  12650K .......... .......... .......... .......... .......... 81%  363M 0s
[6.277s]  12700K .......... .......... .......... .......... .......... 81% 1.99M 0s
[6.277s]  12750K .......... .......... .......... .......... .......... 81% 88.3M 0s
[6.277s]  12800K .......... .......... .......... .......... .......... 82%  101M 0s
[6.278s]  12850K .......... .......... .......... .......... .......... 82%  132M 0s
[6.278s]  12900K .......... .......... .......... .......... .......... 82%  131M 0s
[6.278s]  12950K .......... .......... .......... .......... .......... 83%  115M 0s
[6.279s]  13000K .......... .......... .......... .......... .......... 83%  133M 0s
[6.279s]  13050K .......... .......... .......... .......... .......... 83%  124M 0s
[6.280s]  13100K .......... .......... .......... .......... .......... 84%  115M 0s
[6.280s]  13150K .......... .......... .......... .......... .......... 84%  111M 0s
[6.280s]  13200K .......... .......... .......... .......... .......... 84%  131M 0s
[6.281s]  13250K .......... .......... .......... .......... .......... 85%  127M 0s
[6.281s]  13300K .......... .......... .......... .......... .......... 85%  130M 0s
[6.281s]  13350K .......... .......... .......... .......... .......... 85%  312M 0s
[6.286s]  13400K .......... .......... .......... .......... .......... 86% 9.89M 0s
[6.286s]  13450K .......... .......... .......... .......... .......... 86%  325M 0s
[6.286s]  13500K .......... .......... .......... .......... .......... 86%  349M 0s
[6.286s]  13550K .......... .......... .......... .......... .......... 87%  292M 0s
[6.286s]  13600K .......... .......... .......... .......... .......... 87%  352M 0s
[6.287s]  13650K .......... .......... .......... .......... .......... 87%  333M 0s
[6.287s]  13700K .......... .......... .......... .......... .......... 87%  357M 0s
[6.287s]  13750K .......... .......... .......... .......... .......... 88%  313M 0s
[6.287s]  13800K .......... .......... .......... .......... .......... 88%  291M 0s
[6.287s]  13850K .......... .......... .......... .......... .......... 88%  351M 0s
[6.309s]  13900K .......... .......... .......... .......... .......... 89% 2.25M 0s
[6.312s]  13950K .......... .......... .......... .......... .......... 89% 19.6M 0s
[6.320s]  14000K .......... .......... .......... .......... .......... 89% 6.09M 0s
[6.320s]  14050K .......... .......... .......... .......... .......... 90%  120M 0s
[6.320s]  14100K .......... .......... .......... .......... .......... 90%  134M 0s
[6.325s]  14150K .......... .......... .......... .......... .......... 90% 10.2M 0s
[6.326s]  14200K .......... .......... .......... .......... .......... 91%  107M 0s
[6.326s]  14250K .......... .......... .......... .......... .......... 91%  116M 0s
[6.326s]  14300K .......... .......... .......... .......... .......... 91%  120M 0s
[6.327s]  14350K .......... .......... .......... .......... .......... 92%  109M 0s
[6.327s]  14400K .......... .......... .......... .......... .......... 92%  131M 0s
[6.327s]  14450K .......... .......... .......... .......... .......... 92%  334M 0s
[6.327s]  14500K .......... .......... .......... .......... .......... 93%  352M 0s
[6.328s]  14550K .......... .......... .......... .......... .......... 93%  315M 0s
[6.328s]  14600K .......... .......... .......... .......... .......... 93%  346M 0s
[6.328s]  14650K .......... .......... .......... .......... .......... 94%  348M 0s
[6.328s]  14700K .......... .......... .......... .......... .......... 94%  347M 0s
[6.328s]  14750K .......... .......... .......... .......... .......... 94%  297M 0s
[6.330s]  14800K .......... .......... .......... .......... .......... 95% 31.0M 0s
[6.330s]  14850K .......... .......... .......... .......... .......... 95%  300M 0s
[6.330s]  14900K .......... .......... .......... .......... .......... 95%  349M 0s
[6.330s]  14950K .......... .......... .......... .......... .......... 95%  320M 0s
[6.330s]  15000K .......... .......... .......... .......... .......... 96%  354M 0s
[6.330s]  15050K .......... .......... .......... .......... .......... 96%  360M 0s
[6.331s]  15100K .......... .......... .......... .......... .......... 96%  352M 0s
[6.331s]  15150K .......... .......... .......... .......... .......... 97%  289M 0s
[6.331s]  15200K .......... .......... .......... .......... .......... 97%  355M 0s
[6.331s]  15250K .......... .......... .......... .......... .......... 97%  361M 0s
[6.331s]  15300K .......... .......... .......... .......... .......... 98%  348M 0s
[6.331s]  15350K .......... .......... .......... .......... .......... 98%  321M 0s
[6.331s]  15400K .......... .......... .......... .......... .......... 98%  367M 0s
[6.332s]  15450K .......... .......... .......... .......... .......... 99%  360M 0s
[6.339s]  15500K .......... .......... .......... .......... .......... 99% 6.23M 0s
[6.340s]  15550K .......... .......... .......... .......... .......... 99%  289M 0s
[6.340s]  15600K .......... .......... .....                           100%  314M=0.6s
[6.340s] 
[6.340s] 2025-05-17 16:19:51 (25.1 MB/s) - ‘/home/juntae02/rokey_ws/build/multirobot_map_merge/2012-01-28-11-12-01.pgm’ saved [16000058/16000058]
[6.340s] 
[6.341s] Checking MD5 sum of /home/juntae02/rokey_ws/build/multirobot_map_merge/2012-01-28-11-12-01.pgm
[6.365s] /home/juntae02/rokey_ws/build/multirobot_map_merge/2012-01-28-11-12-01.pgm: OK
[6.368s] -- Found gtest sources under '/opt/ros/humble/src/gtest_vendor': C++ tests using 'Google Test' will be built
[6.376s] -- Added test 'cppcheck' to perform static code analysis on C / C++ code
[6.377s] -- Configured cppcheck include dirs: /home/juntae02/rokey_ws/src/m-explore-ros2/map_merge/include;$<BUILD_INTERFACE:/home/juntae02/rokey_ws/src/m-explore-ros2/map_merge/include>
[6.377s] -- Configured cppcheck exclude dirs and/or files: 
[6.377s] -- Added test 'flake8' to check Python code syntax and style conventions
[6.378s] -- Added test 'lint_cmake' to check CMake code style
[6.379s] -- Added test 'pep257' to check Python code against some of the docstring style conventions in PEP 257
[6.380s] -- Added test 'uncrustify' to check C / C++ code style
[6.380s] -- Configured uncrustify additional arguments: 
[6.381s] -- Added test 'xmllint' to check XML markup files
[6.383s] -- Configuring done
[6.438s] -- Generating done
[6.446s] -- Build files have been written to: /home/juntae02/rokey_ws/build/multirobot_map_merge
[6.456s] Invoked command in '/home/juntae02/rokey_ws/build/multirobot_map_merge' returned '0': CMAKE_PREFIX_PATH=${CMAKE_PREFIX_PATH}:/opt/ros/humble /usr/bin/cmake /home/juntae02/rokey_ws/src/m-explore-ros2/map_merge -DCMAKE_INSTALL_PREFIX=/home/juntae02/rokey_ws/install/multirobot_map_merge
[6.457s] Invoking command in '/home/juntae02/rokey_ws/build/multirobot_map_merge': CMAKE_PREFIX_PATH=${CMAKE_PREFIX_PATH}:/opt/ros/humble /usr/bin/cmake --build /home/juntae02/rokey_ws/build/multirobot_map_merge -- -j8 -l8
[6.494s] [ 25%] [32mBuilding CXX object CMakeFiles/combine_grids.dir/src/combine_grids/grid_compositor.cpp.o[0m
[6.495s] [ 25%] [32mBuilding CXX object gtest/CMakeFiles/gtest_main.dir/src/gtest_main.cc.o[0m
[6.495s] [ 25%] [32mBuilding CXX object CMakeFiles/combine_grids.dir/src/combine_grids/grid_warper.cpp.o[0m
[6.495s] [ 33%] [32mBuilding CXX object gtest/CMakeFiles/gtest.dir/src/gtest-all.cc.o[0m
[6.496s] [ 41%] [32mBuilding CXX object CMakeFiles/combine_grids.dir/src/combine_grids/merging_pipeline.cpp.o[0m
[7.258s] [ 50%] [32m[1mLinking CXX static library libgtest_main.a[0m
[7.314s] [ 50%] Built target gtest_main
[9.001s] [ 58%] [32m[1mLinking CXX static library libgtest.a[0m
[9.077s] [ 58%] Built target gtest
[9.642s] [ 66%] [32m[1mLinking CXX static library libcombine_grids.a[0m
[9.694s] [ 66%] Built target combine_grids
[9.709s] [ 83%] [32mBuilding CXX object CMakeFiles/test_merging_pipeline.dir/test/test_merging_pipeline.cpp.o[0m
[9.709s] [ 83%] [32mBuilding CXX object CMakeFiles/map_merge.dir/src/map_merge.cpp.o[0m
[9.865s] In file included from [01m[K/home/juntae02/rokey_ws/src/m-explore-ros2/map_merge/test/testing_helpers.h:7[m[K,
[9.865s]                  from [01m[K/home/juntae02/rokey_ws/src/m-explore-ros2/map_merge/test/test_merging_pipeline.cpp:42[m[K:
[9.865s] [01m[K/opt/ros/humble/include/tf2_geometry_msgs/tf2_geometry_msgs/tf2_geometry_msgs.h:35:2:[m[K [01;35m[Kwarning: [m[K#warning This header is obsolete, please include tf2_geometry_msgs/tf2_geometry_msgs.hpp instead [[01;35m[K]8;;https://gcc.gnu.org/onlinedocs/gcc/Warning-Options.html#index-Wcpp-Wcpp]8;;[m[K]
[9.865s]    35 | #[01;35m[Kwarning[m[K This header is obsolete, please include tf2_geometry_msgs/tf2_geometry_msgs.hpp instead
[9.865s]       |  [01;35m[K^~~~~~~[m[K
[10.488s] In file included from [01m[K/home/juntae02/rokey_ws/src/m-explore-ros2/map_merge/src/map_merge.cpp:44[m[K:
[10.489s] [01m[K/opt/ros/humble/include/tf2_geometry_msgs/tf2_geometry_msgs/tf2_geometry_msgs.h:35:2:[m[K [01;35m[Kwarning: [m[K#warning This header is obsolete, please include tf2_geometry_msgs/tf2_geometry_msgs.hpp instead [[01;35m[K]8;;https://gcc.gnu.org/onlinedocs/gcc/Warning-Options.html#index-Wcpp-Wcpp]8;;[m[K]
[10.489s]    35 | #[01;35m[Kwarning[m[K This header is obsolete, please include tf2_geometry_msgs/tf2_geometry_msgs.hpp instead
[10.489s]       |  [01;35m[K^~~~~~~[m[K
[13.487s] [ 91%] [32m[1mLinking CXX executable test_merging_pipeline[0m
[14.174s] [ 91%] Built target test_merging_pipeline
[19.928s] [100%] [32m[1mLinking CXX executable map_merge[0m
[20.865s] [100%] Built target map_merge
[20.875s] Invoked command in '/home/juntae02/rokey_ws/build/multirobot_map_merge' returned '0': CMAKE_PREFIX_PATH=${CMAKE_PREFIX_PATH}:/opt/ros/humble /usr/bin/cmake --build /home/juntae02/rokey_ws/build/multirobot_map_merge -- -j8 -l8
[20.877s] Invoking command in '/home/juntae02/rokey_ws/build/multirobot_map_merge': CMAKE_PREFIX_PATH=${CMAKE_PREFIX_PATH}:/opt/ros/humble /usr/bin/cmake --install /home/juntae02/rokey_ws/build/multirobot_map_merge
[20.882s] -- Install configuration: ""
[20.882s] -- Installing: /home/juntae02/rokey_ws/install/multirobot_map_merge/include/map_merge/
[20.882s] -- Installing: /home/juntae02/rokey_ws/install/multirobot_map_merge/include/map_merge//map_merge.h
[20.882s] -- Installing: /home/juntae02/rokey_ws/install/multirobot_map_merge/include/map_merge//ros1_names.hpp
[20.882s] -- Installing: /home/juntae02/rokey_ws/install/multirobot_map_merge/share/multirobot_map_merge/launch
[20.883s] -- Installing: /home/juntae02/rokey_ws/install/multirobot_map_merge/share/multirobot_map_merge/launch/from_map_server.launch.py
[20.883s] -- Installing: /home/juntae02/rokey_ws/install/multirobot_map_merge/share/multirobot_map_merge/launch/map_merge.rviz
[20.883s] -- Installing: /home/juntae02/rokey_ws/install/multirobot_map_merge/share/multirobot_map_merge/launch/tb3_simulation
[20.883s] -- Installing: /home/juntae02/rokey_ws/install/multirobot_map_merge/share/multirobot_map_merge/launch/tb3_simulation/config
[20.883s] -- Installing: /home/juntae02/rokey_ws/install/multirobot_map_merge/share/multirobot_map_merge/launch/tb3_simulation/config/nav2_multirobot_params_1.yaml
[20.883s] -- Installing: /home/juntae02/rokey_ws/install/multirobot_map_merge/share/multirobot_map_merge/launch/tb3_simulation/config/nav2_multirobot_params_2.yaml
[20.883s] -- Installing: /home/juntae02/rokey_ws/install/multirobot_map_merge/share/multirobot_map_merge/launch/tb3_simulation/multi_tb3_simulation_launch.py
[20.883s] -- Installing: /home/juntae02/rokey_ws/install/multirobot_map_merge/share/multirobot_map_merge/launch/tb3_simulation/bringup_launch.py
[20.883s] -- Installing: /home/juntae02/rokey_ws/install/multirobot_map_merge/share/multirobot_map_merge/launch/tb3_simulation/slam_toolbox.py
[20.883s] -- Installing: /home/juntae02/rokey_ws/install/multirobot_map_merge/share/multirobot_map_merge/launch/tb3_simulation/tb3_simulation_launch.py
[20.883s] -- Installing: /home/juntae02/rokey_ws/install/multirobot_map_merge/share/multirobot_map_merge/launch/tb3_simulation/worlds
[20.883s] -- Installing: /home/juntae02/rokey_ws/install/multirobot_map_merge/share/multirobot_map_merge/launch/tb3_simulation/worlds/world_only.model
[20.884s] -- Installing: /home/juntae02/rokey_ws/install/multirobot_map_merge/share/multirobot_map_merge/launch/map_merge.launch.py
[20.884s] -- Installing: /home/juntae02/rokey_ws/install/multirobot_map_merge/share/multirobot_map_merge/config
[20.884s] -- Installing: /home/juntae02/rokey_ws/install/multirobot_map_merge/share/multirobot_map_merge/config/params.yaml
[20.884s] -- Installing: /home/juntae02/rokey_ws/install/multirobot_map_merge/lib/libcombine_grids.a
[20.884s] -- Installing: /home/juntae02/rokey_ws/install/multirobot_map_merge/lib/multirobot_map_merge/map_merge
[20.888s] -- Set runtime path of "/home/juntae02/rokey_ws/install/multirobot_map_merge/lib/multirobot_map_merge/map_merge" to ""
[20.888s] -- Installing: /home/juntae02/rokey_ws/install/multirobot_map_merge/share/multirobot_map_merge/environment/library_path.sh
[20.888s] -- Installing: /home/juntae02/rokey_ws/install/multirobot_map_merge/share/multirobot_map_merge/environment/library_path.dsv
[20.888s] -- Installing: /home/juntae02/rokey_ws/install/multirobot_map_merge/share/ament_index/resource_index/package_run_dependencies/multirobot_map_merge
[20.888s] -- Installing: /home/juntae02/rokey_ws/install/multirobot_map_merge/share/ament_index/resource_index/parent_prefix_path/multirobot_map_merge
[20.888s] -- Installing: /home/juntae02/rokey_ws/install/multirobot_map_merge/share/multirobot_map_merge/environment/ament_prefix_path.sh
[20.889s] -- Installing: /home/juntae02/rokey_ws/install/multirobot_map_merge/share/multirobot_map_merge/environment/ament_prefix_path.dsv
[20.889s] -- Installing: /home/juntae02/rokey_ws/install/multirobot_map_merge/share/multirobot_map_merge/environment/path.sh
[20.889s] -- Installing: /home/juntae02/rokey_ws/install/multirobot_map_merge/share/multirobot_map_merge/environment/path.dsv
[20.889s] -- Installing: /home/juntae02/rokey_ws/install/multirobot_map_merge/share/multirobot_map_merge/local_setup.bash
[20.889s] -- Installing: /home/juntae02/rokey_ws/install/multirobot_map_merge/share/multirobot_map_merge/local_setup.sh
[20.889s] -- Installing: /home/juntae02/rokey_ws/install/multirobot_map_merge/share/multirobot_map_merge/local_setup.zsh
[20.889s] -- Installing: /home/juntae02/rokey_ws/install/multirobot_map_merge/share/multirobot_map_merge/local_setup.dsv
[20.889s] -- Installing: /home/juntae02/rokey_ws/install/multirobot_map_merge/share/multirobot_map_merge/package.dsv
[20.889s] -- Installing: /home/juntae02/rokey_ws/install/multirobot_map_merge/share/ament_index/resource_index/packages/multirobot_map_merge
[20.889s] -- Installing: /home/juntae02/rokey_ws/install/multirobot_map_merge/share/multirobot_map_merge/cmake/ament_cmake_export_include_directories-extras.cmake
[20.889s] -- Installing: /home/juntae02/rokey_ws/install/multirobot_map_merge/share/multirobot_map_merge/cmake/ament_cmake_export_libraries-extras.cmake
[20.889s] -- Installing: /home/juntae02/rokey_ws/install/multirobot_map_merge/share/multirobot_map_merge/cmake/multirobot_map_mergeConfig.cmake
[20.889s] -- Installing: /home/juntae02/rokey_ws/install/multirobot_map_merge/share/multirobot_map_merge/cmake/multirobot_map_mergeConfig-version.cmake
[20.890s] -- Installing: /home/juntae02/rokey_ws/install/multirobot_map_merge/share/multirobot_map_merge/package.xml
[20.891s] Invoked command in '/home/juntae02/rokey_ws/build/multirobot_map_merge' returned '0': CMAKE_PREFIX_PATH=${CMAKE_PREFIX_PATH}:/opt/ros/humble /usr/bin/cmake --install /home/juntae02/rokey_ws/build/multirobot_map_merge
