[1.081s] Invoking command in '/home/juntae02/rokey_ws/src/turtlebot4_beep': PYTHONPATH=/home/juntae02/rokey_ws/build/turtlebot4_beep/prefix_override:/usr/lib/python3/dist-packages/colcon_core/task/python/colcon_distutils_commands:/home/juntae02/rokey_ws/install/turtlebot4_beep/lib/python3.10/site-packages:${PYTHONPATH} /usr/bin/python3 -W ignore:setup.py install is deprecated -W ignore:easy_install command is deprecated setup.py egg_info --egg-base ../../build/turtlebot4_beep build --build-base /home/juntae02/rokey_ws/build/turtlebot4_beep/build install --record /home/juntae02/rokey_ws/build/turtlebot4_beep/install.log --single-version-externally-managed install_data
[1.298s] running egg_info
[1.299s] writing ../../build/turtlebot4_beep/turtlebot4_beep.egg-info/PKG-INFO
[1.299s] writing dependency_links to ../../build/turtlebot4_beep/turtlebot4_beep.egg-info/dependency_links.txt
[1.299s] writing entry points to ../../build/turtlebot4_beep/turtlebot4_beep.egg-info/entry_points.txt
[1.299s] writing requirements to ../../build/turtlebot4_beep/turtlebot4_beep.egg-info/requires.txt
[1.299s] writing top-level names to ../../build/turtlebot4_beep/turtlebot4_beep.egg-info/top_level.txt
[1.300s] reading manifest file '../../build/turtlebot4_beep/turtlebot4_beep.egg-info/SOURCES.txt'
[1.301s] adding license file 'LICENSE'
[1.301s] writing manifest file '../../build/turtlebot4_beep/turtlebot4_beep.egg-info/SOURCES.txt'
[1.301s] running build
[1.301s] running build_py
[1.301s] running install
[1.301s] running install_lib
[1.303s] running install_data
[1.303s] running install_egg_info
[1.304s] removing '/home/juntae02/rokey_ws/install/turtlebot4_beep/lib/python3.10/site-packages/turtlebot4_beep-0.0.0-py3.10.egg-info' (and everything under it)
[1.305s] Copying ../../build/turtlebot4_beep/turtlebot4_beep.egg-info to /home/juntae02/rokey_ws/install/turtlebot4_beep/lib/python3.10/site-packages/turtlebot4_beep-0.0.0-py3.10.egg-info
[1.305s] running install_scripts
[1.323s] Installing beep_node script to /home/juntae02/rokey_ws/install/turtlebot4_beep/lib/turtlebot4_beep
[1.323s] writing list of installed files to '/home/juntae02/rokey_ws/build/turtlebot4_beep/install.log'
[1.370s] Invoked command in '/home/juntae02/rokey_ws/src/turtlebot4_beep' returned '0': PYTHONPATH=/home/juntae02/rokey_ws/build/turtlebot4_beep/prefix_override:/usr/lib/python3/dist-packages/colcon_core/task/python/colcon_distutils_commands:/home/juntae02/rokey_ws/install/turtlebot4_beep/lib/python3.10/site-packages:${PYTHONPATH} /usr/bin/python3 -W ignore:setup.py install is deprecated -W ignore:easy_install command is deprecated setup.py egg_info --egg-base ../../build/turtlebot4_beep build --build-base /home/juntae02/rokey_ws/build/turtlebot4_beep/build install --record /home/juntae02/rokey_ws/build/turtlebot4_beep/install.log --single-version-externally-managed install_data
