running develop
running egg_info
writing rokey_pjt.egg-info/PKG-INFO
writing dependency_links to rokey_pjt.egg-info/dependency_links.txt
writing entry points to rokey_pjt.egg-info/entry_points.txt
writing requirements to rokey_pjt.egg-info/requires.txt
writing top-level names to rokey_pjt.egg-info/top_level.txt
reading manifest file 'rokey_pjt.egg-info/SOURCES.txt'
writing manifest file 'rokey_pjt.egg-info/SOURCES.txt'
running build_ext
Creating /home/juntae02/rokey_ws/install/rokey_pjt/lib/python3.10/site-packages/rokey-pjt.egg-link (link to .)
Installing ai_depict1 script to /home/juntae02/rokey_ws/install/rokey_pjt/lib/rokey_pjt
Installing capture_image script to /home/juntae02/rokey_ws/install/rokey_pjt/lib/rokey_pjt
Installing check_depth script to /home/juntae02/rokey_ws/install/rokey_pjt/lib/rokey_pjt
Installing check_depth_click script to /home/juntae02/rokey_ws/install/rokey_pjt/lib/rokey_pjt
Installing cont_cap_image script to /home/juntae02/rokey_ws/install/rokey_pjt/lib/rokey_pjt
Installing det_obj script to /home/juntae02/rokey_ws/install/rokey_pjt/lib/rokey_pjt
Installing det_obj_thread script to /home/juntae02/rokey_ws/install/rokey_pjt/lib/rokey_pjt
Installing det_obj_track script to /home/juntae02/rokey_ws/install/rokey_pjt/lib/rokey_pjt
Installing obm script to /home/juntae02/rokey_ws/install/rokey_pjt/lib/rokey_pjt
Installing test_cli script to /home/juntae02/rokey_ws/install/rokey_pjt/lib/rokey_pjt
Installing test_server script to /home/juntae02/rokey_ws/install/rokey_pjt/lib/rokey_pjt
Installing tf_trans script to /home/juntae02/rokey_ws/install/rokey_pjt/lib/rokey_pjt
Installing yolo_depth_checker script to /home/juntae02/rokey_ws/install/rokey_pjt/lib/rokey_pjt

Installed /home/juntae02/rokey_ws/build/rokey_pjt
running symlink_data
symbolically linking /home/juntae02/rokey_ws/build/rokey_pjt/resource/rokey_pjt -> /home/juntae02/rokey_ws/install/rokey_pjt/share/ament_index/resource_index/packages
symbolically linking /home/juntae02/rokey_ws/build/rokey_pjt/package.xml -> /home/juntae02/rokey_ws/install/rokey_pjt/share/rokey_pjt
