[1.081s] Invoking command in '/home/juntae02/rokey_ws/src/rokey_pjt': PYTHONPATH=/home/juntae02/rokey_ws/build/rokey_pjt/prefix_override:/usr/lib/python3/dist-packages/colcon_core/task/python/colcon_distutils_commands:/home/juntae02/rokey_ws/install/rokey_pjt/lib/python3.10/site-packages:${PYTHONPATH} /usr/bin/python3 -W ignore:setup.py install is deprecated -W ignore:easy_install command is deprecated setup.py egg_info --egg-base ../../build/rokey_pjt build --build-base /home/juntae02/rokey_ws/build/rokey_pjt/build install --record /home/juntae02/rokey_ws/build/rokey_pjt/install.log --single-version-externally-managed install_data
[1.297s] running egg_info
[1.298s] writing ../../build/rokey_pjt/rokey_pjt.egg-info/PKG-INFO
[1.298s] writing dependency_links to ../../build/rokey_pjt/rokey_pjt.egg-info/dependency_links.txt
[1.298s] writing entry points to ../../build/rokey_pjt/rokey_pjt.egg-info/entry_points.txt
[1.298s] writing requirements to ../../build/rokey_pjt/rokey_pjt.egg-info/requires.txt
[1.298s] writing top-level names to ../../build/rokey_pjt/rokey_pjt.egg-info/top_level.txt
[1.301s] reading manifest file '../../build/rokey_pjt/rokey_pjt.egg-info/SOURCES.txt'
[1.301s] adding license file 'LICENSE'
[1.302s] writing manifest file '../../build/rokey_pjt/rokey_pjt.egg-info/SOURCES.txt'
[1.302s] running build
[1.302s] running build_py
[1.303s] running install
[1.303s] running install_lib
[1.305s] running install_data
[1.305s] running install_egg_info
[1.307s] removing '/home/juntae02/rokey_ws/install/rokey_pjt/lib/python3.10/site-packages/rokey_pjt-0.0.0-py3.10.egg-info' (and everything under it)
[1.308s] Copying ../../build/rokey_pjt/rokey_pjt.egg-info to /home/juntae02/rokey_ws/install/rokey_pjt/lib/python3.10/site-packages/rokey_pjt-0.0.0-py3.10.egg-info
[1.308s] running install_scripts
[1.333s] Installing ai_depict1 script to /home/juntae02/rokey_ws/install/rokey_pjt/lib/rokey_pjt
[1.333s] Installing capture_image script to /home/juntae02/rokey_ws/install/rokey_pjt/lib/rokey_pjt
[1.333s] Installing check_depth script to /home/juntae02/rokey_ws/install/rokey_pjt/lib/rokey_pjt
[1.333s] Installing check_depth_click script to /home/juntae02/rokey_ws/install/rokey_pjt/lib/rokey_pjt
[1.333s] Installing cont_cap_image script to /home/juntae02/rokey_ws/install/rokey_pjt/lib/rokey_pjt
[1.333s] Installing det_obj script to /home/juntae02/rokey_ws/install/rokey_pjt/lib/rokey_pjt
[1.333s] Installing det_obj_thread script to /home/juntae02/rokey_ws/install/rokey_pjt/lib/rokey_pjt
[1.333s] Installing det_obj_track script to /home/juntae02/rokey_ws/install/rokey_pjt/lib/rokey_pjt
[1.334s] Installing test_cli script to /home/juntae02/rokey_ws/install/rokey_pjt/lib/rokey_pjt
[1.334s] Installing test_server script to /home/juntae02/rokey_ws/install/rokey_pjt/lib/rokey_pjt
[1.334s] Installing tf_trans script to /home/juntae02/rokey_ws/install/rokey_pjt/lib/rokey_pjt
[1.334s] Installing yolo_depth_checker script to /home/juntae02/rokey_ws/install/rokey_pjt/lib/rokey_pjt
[1.334s] writing list of installed files to '/home/juntae02/rokey_ws/build/rokey_pjt/install.log'
[1.381s] Invoked command in '/home/juntae02/rokey_ws/src/rokey_pjt' returned '0': PYTHONPATH=/home/juntae02/rokey_ws/build/rokey_pjt/prefix_override:/usr/lib/python3/dist-packages/colcon_core/task/python/colcon_distutils_commands:/home/juntae02/rokey_ws/install/rokey_pjt/lib/python3.10/site-packages:${PYTHONPATH} /usr/bin/python3 -W ignore:setup.py install is deprecated -W ignore:easy_install command is deprecated setup.py egg_info --egg-base ../../build/rokey_pjt build --build-base /home/juntae02/rokey_ws/build/rokey_pjt/build install --record /home/juntae02/rokey_ws/build/rokey_pjt/install.log --single-version-externally-managed install_data
