running develop
Removing /home/juntae02/rokey_ws/install/turtlebot4_beep/lib/python3.10/site-packages/turtlebot4-beep.egg-link (link to .)
running egg_info
writing ../../build/turtlebot4_beep/turtlebot4_beep.egg-info/PKG-INFO
writing dependency_links to ../../build/turtlebot4_beep/turtlebot4_beep.egg-info/dependency_links.txt
writing entry points to ../../build/turtlebot4_beep/turtlebot4_beep.egg-info/entry_points.txt
writing requirements to ../../build/turtlebot4_beep/turtlebot4_beep.egg-info/requires.txt
writing top-level names to ../../build/turtlebot4_beep/turtlebot4_beep.egg-info/top_level.txt
reading manifest file '../../build/turtlebot4_beep/turtlebot4_beep.egg-info/SOURCES.txt'
adding license file 'LICENSE'
writing manifest file '../../build/turtlebot4_beep/turtlebot4_beep.egg-info/SOURCES.txt'
running build
running build_py
creating /home/juntae02/rokey_ws/build/turtlebot4_beep/build
creating /home/juntae02/rokey_ws/build/turtlebot4_beep/build/lib
creating /home/juntae02/rokey_ws/build/turtlebot4_beep/build/lib/turtlebot4_beep
copying turtlebot4_beep/beep_node.py -> /home/juntae02/rokey_ws/build/turtlebot4_beep/build/lib/turtlebot4_beep
copying turtlebot4_beep/__init__.py -> /home/juntae02/rokey_ws/build/turtlebot4_beep/build/lib/turtlebot4_beep
running install
running install_lib
creating /home/juntae02/rokey_ws/install/turtlebot4_beep/lib/python3.10/site-packages/turtlebot4_beep
copying /home/juntae02/rokey_ws/build/turtlebot4_beep/build/lib/turtlebot4_beep/beep_node.py -> /home/juntae02/rokey_ws/install/turtlebot4_beep/lib/python3.10/site-packages/turtlebot4_beep
copying /home/juntae02/rokey_ws/build/turtlebot4_beep/build/lib/turtlebot4_beep/__init__.py -> /home/juntae02/rokey_ws/install/turtlebot4_beep/lib/python3.10/site-packages/turtlebot4_beep
byte-compiling /home/juntae02/rokey_ws/install/turtlebot4_beep/lib/python3.10/site-packages/turtlebot4_beep/beep_node.py to beep_node.cpython-310.pyc
byte-compiling /home/juntae02/rokey_ws/install/turtlebot4_beep/lib/python3.10/site-packages/turtlebot4_beep/__init__.py to __init__.cpython-310.pyc
running install_data
copying resource/turtlebot4_beep -> /home/juntae02/rokey_ws/install/turtlebot4_beep/share/ament_index/resource_index/packages
copying package.xml -> /home/juntae02/rokey_ws/install/turtlebot4_beep/share/turtlebot4_beep
running install_egg_info
Copying ../../build/turtlebot4_beep/turtlebot4_beep.egg-info to /home/juntae02/rokey_ws/install/turtlebot4_beep/lib/python3.10/site-packages/turtlebot4_beep-0.0.0-py3.10.egg-info
running install_scripts
Installing beep_node script to /home/juntae02/rokey_ws/install/turtlebot4_beep/lib/turtlebot4_beep
writing list of installed files to '/home/juntae02/rokey_ws/build/turtlebot4_beep/install.log'
