[0.590s] Invoking command in '/home/juntae02/rokey_ws/build/turtlebot4_beep': PYTHONPATH=/home/juntae02/rokey_ws/build/turtlebot4_beep/prefix_override:/usr/lib/python3/dist-packages/colcon_core/task/python/colcon_distutils_commands:/home/juntae02/rokey_ws/install/turtlebot4_beep/lib/python3.10/site-packages:${PYTHONPATH} /usr/bin/python3 -W ignore:setup.py install is deprecated -W ignore:easy_install command is deprecated setup.py develop --editable --build-directory /home/juntae02/rokey_ws/build/turtlebot4_beep/build --no-deps symlink_data
[0.816s] running develop
[0.957s] running egg_info
[0.957s] creating turtlebot4_beep.egg-info
[0.957s] writing turtlebot4_beep.egg-info/PKG-INFO
[0.958s] writing dependency_links to turtlebot4_beep.egg-info/dependency_links.txt
[0.958s] writing entry points to turtlebot4_beep.egg-info/entry_points.txt
[0.958s] writing requirements to turtlebot4_beep.egg-info/requires.txt
[0.958s] writing top-level names to turtlebot4_beep.egg-info/top_level.txt
[0.958s] writing manifest file 'turtlebot4_beep.egg-info/SOURCES.txt'
[0.960s] reading manifest file 'turtlebot4_beep.egg-info/SOURCES.txt'
[0.960s] writing manifest file 'turtlebot4_beep.egg-info/SOURCES.txt'
[0.962s] running build_ext
[0.962s] Creating /home/juntae02/rokey_ws/install/turtlebot4_beep/lib/python3.10/site-packages/turtlebot4-beep.egg-link (link to .)
[0.962s] Installing beep_node script to /home/juntae02/rokey_ws/install/turtlebot4_beep/lib/turtlebot4_beep
[0.962s] 
[0.962s] Installed /home/juntae02/rokey_ws/build/turtlebot4_beep
[0.962s] running symlink_data
[0.962s] creating /home/juntae02/rokey_ws/install/turtlebot4_beep/share/ament_index
[0.962s] creating /home/juntae02/rokey_ws/install/turtlebot4_beep/share/ament_index/resource_index
[0.962s] creating /home/juntae02/rokey_ws/install/turtlebot4_beep/share/ament_index/resource_index/packages
[0.962s] symbolically linking /home/juntae02/rokey_ws/build/turtlebot4_beep/resource/turtlebot4_beep -> /home/juntae02/rokey_ws/install/turtlebot4_beep/share/ament_index/resource_index/packages
[0.963s] symbolically linking /home/juntae02/rokey_ws/build/turtlebot4_beep/package.xml -> /home/juntae02/rokey_ws/install/turtlebot4_beep/share/turtlebot4_beep
[0.999s] Invoked command in '/home/juntae02/rokey_ws/build/turtlebot4_beep' returned '0': PYTHONPATH=/home/juntae02/rokey_ws/build/turtlebot4_beep/prefix_override:/usr/lib/python3/dist-packages/colcon_core/task/python/colcon_distutils_commands:/home/juntae02/rokey_ws/install/turtlebot4_beep/lib/python3.10/site-packages:${PYTHONPATH} /usr/bin/python3 -W ignore:setup.py install is deprecated -W ignore:easy_install command is deprecated setup.py develop --editable --build-directory /home/juntae02/rokey_ws/build/turtlebot4_beep/build --no-deps symlink_data
