running egg_info
writing ../../build/rokey_pjt/rokey_pjt.egg-info/PKG-INFO
writing dependency_links to ../../build/rokey_pjt/rokey_pjt.egg-info/dependency_links.txt
writing entry points to ../../build/rokey_pjt/rokey_pjt.egg-info/entry_points.txt
writing requirements to ../../build/rokey_pjt/rokey_pjt.egg-info/requires.txt
writing top-level names to ../../build/rokey_pjt/rokey_pjt.egg-info/top_level.txt
reading manifest file '../../build/rokey_pjt/rokey_pjt.egg-info/SOURCES.txt'
adding license file 'LICENSE'
writing manifest file '../../build/rokey_pjt/rokey_pjt.egg-info/SOURCES.txt'
running build
running build_py
running install
running install_lib
running install_data
running install_egg_info
removing '/home/juntae02/rokey_ws/install/rokey_pjt/lib/python3.10/site-packages/rokey_pjt-0.0.0-py3.10.egg-info' (and everything under it)
Copying ../../build/rokey_pjt/rokey_pjt.egg-info to /home/juntae02/rokey_ws/install/rokey_pjt/lib/python3.10/site-packages/rokey_pjt-0.0.0-py3.10.egg-info
running install_scripts
Installing ai_depict1 script to /home/juntae02/rokey_ws/install/rokey_pjt/lib/rokey_pjt
Installing capture_image script to /home/juntae02/rokey_ws/install/rokey_pjt/lib/rokey_pjt
Installing check_depth script to /home/juntae02/rokey_ws/install/rokey_pjt/lib/rokey_pjt
Installing check_depth_click script to /home/juntae02/rokey_ws/install/rokey_pjt/lib/rokey_pjt
Installing cont_cap_image script to /home/juntae02/rokey_ws/install/rokey_pjt/lib/rokey_pjt
Installing det_obj script to /home/juntae02/rokey_ws/install/rokey_pjt/lib/rokey_pjt
Installing det_obj_thread script to /home/juntae02/rokey_ws/install/rokey_pjt/lib/rokey_pjt
Installing det_obj_track script to /home/juntae02/rokey_ws/install/rokey_pjt/lib/rokey_pjt
Installing test_cli script to /home/juntae02/rokey_ws/install/rokey_pjt/lib/rokey_pjt
Installing test_server script to /home/juntae02/rokey_ws/install/rokey_pjt/lib/rokey_pjt
Installing tf_trans script to /home/juntae02/rokey_ws/install/rokey_pjt/lib/rokey_pjt
Installing yolo_depth_checker script to /home/juntae02/rokey_ws/install/rokey_pjt/lib/rokey_pjt
writing list of installed files to '/home/juntae02/rokey_ws/build/rokey_pjt/install.log'
